<?xml version="1.0" encoding="UTF-8"?>
<testng-results skipped="0" failed="0" ignored="0" total="9" passed="9">
  <reporter-output>
  </reporter-output>
  <suite name="AREQTestSuite" duration-ms="15855" started-at="2019-10-23T05:15:32Z" finished-at="2019-10-23T05:15:48Z">
    <groups>
    </groups>
    <test name="Idempotency::Clear Card::Browser::ThreeDSMethodURL flow" duration-ms="7109" started-at="2019-10-23T05:15:32Z" finished-at="2019-10-23T05:15:39Z">
      <class name="com.ca.tds.main.TDSMethodURL_TC">
        <test-method status="PASS" signature="beforeTestClass()[pri:0, instance:com.ca.tds.main.TDSMethodURL_TC@6fd02e5]" name="beforeTestClass" is-config="true" duration-ms="0" started-at="2019-10-23T05:15:32Z" finished-at="2019-10-23T05:15:32Z">
          <reporter-output>
          </reporter-output>
        </test-method> <!-- beforeTestClass -->
        <test-method status="PASS" signature="BeforeClass()[pri:0, instance:com.ca.tds.main.TDSMethodURL_TC@6fd02e5]" name="BeforeClass" is-config="true" duration-ms="0" started-at="2019-10-23T05:15:32Z" finished-at="2019-10-23T05:15:32Z">
          <reporter-output>
          </reporter-output>
        </test-method> <!-- BeforeClass -->
        <test-method status="PASS" signature="testArequestAPI(org.testng.ITestContext, java.util.Map)[pri:0, instance:com.ca.tds.main.TDSMethodURL_TC@6fd02e5]" name="testArequestAPI" duration-ms="1902" started-at="2019-10-23T05:15:34Z" data-provider="DataProviderTDSMethodURL" finished-at="2019-10-23T05:15:35Z">
          <params>
            <param index="0">
              <value>
                <![CDATA[org.testng.TestRunner@82935cc]]>
              </value>
            </param>
            <param index="1">
              <value>
                <![CDATA[{TestCaseID=_S001, TestCaseName=_AMEX_For_Verify_TC001, SanityFlag=Y, Test Case type=P, RequirementID=, Expected-messageType=ThreeDSMethodURLRes, Expected-callerTxnRefID=G, Expected-messageVersion=2.1.0, Expected-threeDSServerTransID=G, Expected-threeDSMethodURL=G, #acctNumber#=340000000001007, #caMerchantID#=CA_EU, #callerTxnRefID#=341b7153-da86-4543-860f-2ba47f0168a5, #messageType#=ThreeDSMethodURLReq}]]>
              </value>
            </param>
          </params>
          <reporter-output>
          </reporter-output>
        </test-method> <!-- testArequestAPI -->
        <test-method status="PASS" signature="afterMethodProcessing(org.testng.ITestResult)[pri:0, instance:com.ca.tds.main.TDSMethodURL_TC@6fd02e5]" name="afterMethodProcessing" is-config="true" duration-ms="194" started-at="2019-10-23T05:15:35Z" finished-at="2019-10-23T05:15:36Z">
          <params>
            <param index="0">
              <value>
                <![CDATA[[TestResult name=testArequestAPI status=SUCCESS method=TDSMethodURL_TC.testArequestAPI(org.testng.ITestContext, java.util.Map)[pri:0, instance:com.ca.tds.main.TDSMethodURL_TC@6fd02e5] output={null}]]]>
              </value>
            </param>
          </params>
          <reporter-output>
          </reporter-output>
        </test-method> <!-- afterMethodProcessing -->
        <test-method status="PASS" signature="testArequestAPI(org.testng.ITestContext, java.util.Map)[pri:0, instance:com.ca.tds.main.TDSMethodURL_TC@6fd02e5]" name="testArequestAPI" duration-ms="1884" started-at="2019-10-23T05:15:36Z" data-provider="DataProviderTDSMethodURL" finished-at="2019-10-23T05:15:38Z">
          <params>
            <param index="0">
              <value>
                <![CDATA[org.testng.TestRunner@82935cc]]>
              </value>
            </param>
            <param index="1">
              <value>
                <![CDATA[{TestCaseID=_S002, TestCaseName=_MC_For_Verify_TC002, SanityFlag=Y, Test Case type=P, RequirementID=, Expected-messageType=ThreeDSMethodURLRes, Expected-callerTxnRefID=G, Expected-messageVersion=2.1.0, Expected-threeDSServerTransID=G, Expected-threeDSMethodURL=G, #acctNumber#=5186003100001014, #caMerchantID#=CA_EU, #callerTxnRefID#=341b7153-da86-4543-860f-2ba47f0168a5, #messageType#=ThreeDSMethodURLReq}]]>
              </value>
            </param>
          </params>
          <reporter-output>
          </reporter-output>
        </test-method> <!-- testArequestAPI -->
        <test-method status="PASS" signature="afterMethodProcessing(org.testng.ITestResult)[pri:0, instance:com.ca.tds.main.TDSMethodURL_TC@6fd02e5]" name="afterMethodProcessing" is-config="true" duration-ms="25" started-at="2019-10-23T05:15:38Z" finished-at="2019-10-23T05:15:38Z">
          <params>
            <param index="0">
              <value>
                <![CDATA[[TestResult name=testArequestAPI status=SUCCESS method=TDSMethodURL_TC.testArequestAPI(org.testng.ITestContext, java.util.Map)[pri:0, instance:com.ca.tds.main.TDSMethodURL_TC@6fd02e5] output={null}]]]>
              </value>
            </param>
          </params>
          <reporter-output>
          </reporter-output>
        </test-method> <!-- afterMethodProcessing -->
        <test-method status="PASS" signature="testArequestAPI(org.testng.ITestContext, java.util.Map)[pri:0, instance:com.ca.tds.main.TDSMethodURL_TC@6fd02e5]" name="testArequestAPI" duration-ms="1750" started-at="2019-10-23T05:15:38Z" data-provider="DataProviderTDSMethodURL" finished-at="2019-10-23T05:15:39Z">
          <params>
            <param index="0">
              <value>
                <![CDATA[org.testng.TestRunner@82935cc]]>
              </value>
            </param>
            <param index="1">
              <value>
                <![CDATA[{TestCaseID=_S003, TestCaseName=_VISA_For_Verify_TC003, SanityFlag=Y, Test Case type=P, RequirementID=, Expected-messageType=ThreeDSMethodURLRes, Expected-callerTxnRefID=G, Expected-messageVersion=2.1.0, Expected-threeDSServerTransID=G, Expected-threeDSMethodURL=G, #acctNumber#=4000500060000008, #caMerchantID#=CA_EU, #callerTxnRefID#=341b7153-da86-4543-860f-2ba47f0168a5, #messageType#=ThreeDSMethodURLReq}]]>
              </value>
            </param>
          </params>
          <reporter-output>
          </reporter-output>
        </test-method> <!-- testArequestAPI -->
        <test-method status="PASS" signature="afterMethodProcessing(org.testng.ITestResult)[pri:0, instance:com.ca.tds.main.TDSMethodURL_TC@6fd02e5]" name="afterMethodProcessing" is-config="true" duration-ms="23" started-at="2019-10-23T05:15:39Z" finished-at="2019-10-23T05:15:39Z">
          <params>
            <param index="0">
              <value>
                <![CDATA[[TestResult name=testArequestAPI status=SUCCESS method=TDSMethodURL_TC.testArequestAPI(org.testng.ITestContext, java.util.Map)[pri:0, instance:com.ca.tds.main.TDSMethodURL_TC@6fd02e5] output={null}]]]>
              </value>
            </param>
          </params>
          <reporter-output>
          </reporter-output>
        </test-method> <!-- afterMethodProcessing -->
        <test-method status="PASS" signature="AfterClass()[pri:0, instance:com.ca.tds.main.TDSMethodURL_TC@6fd02e5]" name="AfterClass" is-config="true" duration-ms="0" started-at="2019-10-23T05:15:39Z" finished-at="2019-10-23T05:15:39Z">
          <reporter-output>
          </reporter-output>
        </test-method> <!-- AfterClass -->
        <test-method status="PASS" signature="AfterTestClass()[pri:0, instance:com.ca.tds.main.TDSMethodURL_TC@6fd02e5]" name="AfterTestClass" is-config="true" duration-ms="0" started-at="2019-10-23T05:15:39Z" finished-at="2019-10-23T05:15:39Z">
          <reporter-output>
          </reporter-output>
        </test-method> <!-- AfterTestClass -->
      </class> <!-- com.ca.tds.main.TDSMethodURL_TC -->
    </test> <!-- Idempotency::Clear Card::Browser::ThreeDSMethodURL flow -->
    <test name="Idempotency::Clear Card::Browser::AReq flow" duration-ms="8711" started-at="2019-10-23T05:15:39Z" finished-at="2019-10-23T05:15:48Z">
      <class name="com.ca.tds.main.IdempotencyAReq">
        <test-method status="PASS" signature="beforeSuite(org.testng.ITestContext)[pri:0, instance:com.ca.tds.main.IdempotencyAReq@7e0b0338]" name="beforeSuite" is-config="true" duration-ms="4073" started-at="2019-10-23T05:15:28Z" finished-at="2019-10-23T05:15:32Z">
          <params>
            <param index="0">
              <value>
                <![CDATA[org.testng.TestRunner@5aba252]]>
              </value>
            </param>
          </params>
          <reporter-output>
          </reporter-output>
        </test-method> <!-- beforeSuite -->
        <test-method status="PASS" signature="BeforeClass()[pri:0, instance:com.ca.tds.main.IdempotencyAReq@7e0b0338]" name="BeforeClass" is-config="true" duration-ms="1" started-at="2019-10-23T05:15:39Z" finished-at="2019-10-23T05:15:39Z">
          <reporter-output>
          </reporter-output>
        </test-method> <!-- BeforeClass -->
        <test-method status="PASS" signature="beforeTestClass()[pri:0, instance:com.ca.tds.main.IdempotencyAReq@7e0b0338]" name="beforeTestClass" is-config="true" duration-ms="0" started-at="2019-10-23T05:15:39Z" finished-at="2019-10-23T05:15:39Z">
          <reporter-output>
          </reporter-output>
        </test-method> <!-- beforeTestClass -->
        <test-method status="PASS" signature="testArequestAPI(org.testng.ITestContext, java.util.Map)[pri:0, instance:com.ca.tds.main.IdempotencyAReq@7e0b0338]" name="testArequestAPI" duration-ms="1440" started-at="2019-10-23T05:15:40Z" data-provider="DataProvider3dsTestData" finished-at="2019-10-23T05:15:42Z">
          <params>
            <param index="0">
              <value>
                <![CDATA[org.testng.TestRunner@5aba252]]>
              </value>
            </param>
            <param index="1">
              <value>
                <![CDATA[{TestCaseID=_S001, TestCaseName=_FLV_AReq_AMEX, SanityFlag=Y, Test Case type=P, RequirementID=, FieldName=, Expected-cardholderInfo=G, Expected-creq=NA, Expected-transStatusReason=NA, Expected-authenticationValue=G, Expected-authenticationType=NA, Expected-acsURL=NA, Expected-acsOperatorID=ACS_OPERATOR_ID, Expected-acsChallengeMandated=NA, Expected-callerTxnRefID=G, Expected-threeDSServerTransID=G, Expected-dsTransID=G, Expected-acsTransID=G, DSName=amex, Expected-eci=G, Expected-messageType=ARes, Expected-dsName=amex, Expected-messageVersion=2.1.0, Expected-dsReferenceNumber=CADS, Expected-acsReferenceNumber=ABCDEF987654321, Expected-transStatus=Y, Expected-errorCode=NA, Expected-errorComponent=NA, Expected-errorDescription=NA, Expected-errorDetail=NA, #browserJavascriptEnabled#=true, #challengeWindowSize#=04, #callerTxnRefID#=341b7153-da86-4543-860f-2ba47f0168a5, #caMerchantID#=CA_EU, #acctID#=ACCTID98X3fw3, #chAccAgeInd#=02, #chAccChange#=20180928, #chAccChangeInd#=02, #chAccDate#=20180928, #chAccPwChange#=20180901, #chAccPwChangeInd#=01, #nbPurchaseAccount#=8, #paymentAccAge#=20180808, #paymentAccInd#=01, #provisionAttemptsDay#=1, #shipAddressUsage#=20180910, #shipAddressUsageInd#=03, #shipNameIndicator#=01, #suspiciousAccActivity#=01, #txnActivityDay#=5, #txnActivityYear#=8, #acctNumber#=340000000001007, #acctType#=01, #addrMatch#=Y, #billAddrCity#=San Jose, #billAddrCountry#=840, #billAddrLine1#=500 West Maude Ave, #billAddrLine2#=ABC, #billAddrLine3#=HMS, #billAddrPostCode#=95101, #billAddrState#=CA, #browserAcceptHeader#=text/html,application/xhtml+xml,application/xml;q=0.9,image/webp,image/apng,*/*;q=0.8, #browserColorDepth#=24, #browserIP#=155.35.122.4, #browserJavaEnabled#=true, #browserLanguage#=en-US, #browserScreenHeight#=720, #browserScreenWidth#=1280, #browserTZ#=-330, #browserUserAgent#=Mozilla/5.0 (Windows NT 10.0; Win64; x64) AppleWebKit/537.36 (KHTML, like Gecko) Chrome/68.0.3440.84 Safari/537.36, #cardExpiryDate#=2008, #cardholderName#=Stephen, #deviceChannel#=02, #email#=harsh08@ca.com, #hcc#=840, #hsubscriber#=1234567899, #messageCategory#=01, #messageType#=AReq, #messageVersion#=2.1.0, #mcc#=840, #msubscriber#=1234567899, #notificationURL#=http://localhost:9090/golfstore2/CreqNotification.jsp, #purchaseAmount#=100, #purchaseCurrency#=840, #purchaseDate#=20180928160450, #purchaseExponent#=2, #recurringExpiry#=#REMOVE#, #recurringFrequency#=#REMOVE#, #shipAddrCity#=San Jose, #shipAddrCountry#=840, #shipAddrLine1#=500 West Maude Ave, #shipAddrLine2#=ABC, #shipAddrLine3#=HMS, #shipAddrPostCode#=95101, #shipAddrState#=CA, #threeDSCompInd#=Y, #threeDSServerTransID#=, #wcc#=840, #wsubscriber#=1234567899, #threeDSRequestorAuthenticationInd#=01, #threeDSReqAuthData#=3DS PA Request, #threeDSReqAuthMethod#=02, #threeDSReqAuthTimestamp#=201809281603, #threeDSRequestorChallengeInd#=01, #threeDSRequestorID#=611, #threeDSRequestorName#=ew0KCSJEViI6ICIxLjAiLA0KCSJERCI6Iaa45, #threeDSReqPriorAuthData#=three DS Request Prior Authentication Data, #threeDSReqPriorAuthMethod#=01, #threeDSReqPriorAuthTimestamp#=201810010323, #threeDSReqPriorRef#=4c6453da-4c56-4980-98cd-d04a064899c4, #threeDSRequestorURL#=http://10.131.94.242:1080/content-server/api/tds2/txn/browser/v1/tds-method, #threeDSServerRefNumber#=AAAAAA123456789, #threeDSServerOperatorID#=serverOperatorID, #threeDSServerURL#=http://10.138.158.51:9608, #acquirerBIN#=12345678912, #acquirerMerchantID#=AcquirerMerchantID222, #payTokenInd#=true, #purchaseInstalData#=#REMOVE#, #mcc1#=0742, #merchantCountryCode#=840, #merchantName#=global, #deliveryEmailAddress#=harsh08@ca.com, #deliveryTimeframe#=01, #giftCardAmount#=500, #giftCardCount#=02, #giftCardCurr#=840, #preOrderDate#=20200803, #preOrderPurchaseInd#=01, #reorderItemsInd#=01, #shipIndicator#=01, #criticalityIndicator#=false, #id#=ID2018SEP282001, #name#=ShashishekharHM, #transType#=01, #threeDSRequestorAuthenticationInfo#=, #threeDSRequestorPriorAuthenticationInfo#=, #broadInfo#=, #broadInfoValue#=broadInfoValue, #acctInfo#=, #homePhone#=, #mobilePhone#=, #workPhone#=, #merchantRiskIndicator#=, #messageExtension#=, #Dvalue#=HMS, #Dvalue1#=HMS, #Dvalue2#=HMS}]]>
              </value>
            </param>
          </params>
          <reporter-output>
          </reporter-output>
        </test-method> <!-- testArequestAPI -->
        <test-method status="PASS" signature="afterMethodProcessing(org.testng.ITestResult)[pri:0, instance:com.ca.tds.main.IdempotencyAReq@7e0b0338]" name="afterMethodProcessing" is-config="true" duration-ms="23" started-at="2019-10-23T05:15:42Z" finished-at="2019-10-23T05:15:42Z">
          <params>
            <param index="0">
              <value>
                <![CDATA[[TestResult name=testArequestAPI status=SUCCESS method=IdempotencyAReq.testArequestAPI(org.testng.ITestContext, java.util.Map)[pri:0, instance:com.ca.tds.main.IdempotencyAReq@7e0b0338] output={null}]]]>
              </value>
            </param>
          </params>
          <reporter-output>
          </reporter-output>
        </test-method> <!-- afterMethodProcessing -->
        <test-method status="PASS" signature="testArequestAPI(org.testng.ITestContext, java.util.Map)[pri:0, instance:com.ca.tds.main.IdempotencyAReq@7e0b0338]" name="testArequestAPI" duration-ms="1236" started-at="2019-10-23T05:15:42Z" data-provider="DataProvider3dsTestData" finished-at="2019-10-23T05:15:43Z">
          <params>
            <param index="0">
              <value>
                <![CDATA[org.testng.TestRunner@5aba252]]>
              </value>
            </param>
            <param index="1">
              <value>
                <![CDATA[{TestCaseID=_S002, TestCaseName=_FLV_AReq_AMEX_For_IdempotencyVerfiy, SanityFlag=Y, Test Case type=P, RequirementID=, FieldName=, Expected-cardholderInfo=G, Expected-creq=NA, Expected-transStatusReason=NA, Expected-authenticationValue=G, Expected-authenticationType=NA, Expected-acsURL=NA, Expected-acsOperatorID=ACS_OPERATOR_ID, Expected-acsChallengeMandated=NA, Expected-callerTxnRefID=G, Expected-threeDSServerTransID=G, Expected-dsTransID=G, Expected-acsTransID=G, DSName=amex, Expected-eci=G, Expected-messageType=ARes, Expected-dsName=amex, Expected-messageVersion=2.1.0, Expected-dsReferenceNumber=CADS, Expected-acsReferenceNumber=ABCDEF987654321, Expected-transStatus=Y, Expected-errorCode=NA, Expected-errorComponent=NA, Expected-errorDescription=NA, Expected-errorDetail=NA, #browserJavascriptEnabled#=true, #challengeWindowSize#=04, #callerTxnRefID#=341b7153-da86-4543-860f-2ba47f0168a5, #caMerchantID#=CA_EU, #acctID#=ACCTID98X3fw3, #chAccAgeInd#=02, #chAccChange#=20180928, #chAccChangeInd#=02, #chAccDate#=20180928, #chAccPwChange#=20180901, #chAccPwChangeInd#=01, #nbPurchaseAccount#=8, #paymentAccAge#=20180808, #paymentAccInd#=01, #provisionAttemptsDay#=1, #shipAddressUsage#=20180910, #shipAddressUsageInd#=03, #shipNameIndicator#=01, #suspiciousAccActivity#=01, #txnActivityDay#=5, #txnActivityYear#=8, #acctNumber#=340000000001007, #acctType#=01, #addrMatch#=Y, #billAddrCity#=San Jose, #billAddrCountry#=840, #billAddrLine1#=500 West Maude Ave, #billAddrLine2#=ABC, #billAddrLine3#=HMS, #billAddrPostCode#=95101, #billAddrState#=CA, #browserAcceptHeader#=text/html,application/xhtml+xml,application/xml;q=0.9,image/webp,image/apng,*/*;q=0.8, #browserColorDepth#=24, #browserIP#=155.35.122.4, #browserJavaEnabled#=true, #browserLanguage#=en-US, #browserScreenHeight#=720, #browserScreenWidth#=1280, #browserTZ#=-330, #browserUserAgent#=Mozilla/5.0 (Windows NT 10.0; Win64; x64) AppleWebKit/537.36 (KHTML, like Gecko) Chrome/68.0.3440.84 Safari/537.36, #cardExpiryDate#=2008, #cardholderName#=Stephen, #deviceChannel#=02, #email#=harsh08@ca.com, #hcc#=840, #hsubscriber#=1234567899, #messageCategory#=01, #messageType#=AReq, #messageVersion#=2.1.0, #mcc#=840, #msubscriber#=1234567899, #notificationURL#=http://localhost:9090/golfstore2/CreqNotification.jsp, #purchaseAmount#=100, #purchaseCurrency#=840, #purchaseDate#=20180928160450, #purchaseExponent#=2, #recurringExpiry#=#REMOVE#, #recurringFrequency#=#REMOVE#, #shipAddrCity#=San Jose, #shipAddrCountry#=840, #shipAddrLine1#=500 West Maude Ave, #shipAddrLine2#=ABC, #shipAddrLine3#=HMS, #shipAddrPostCode#=95101, #shipAddrState#=CA, #threeDSCompInd#=Y, #threeDSServerTransID#=, #wcc#=840, #wsubscriber#=1234567899, #threeDSRequestorAuthenticationInd#=01, #threeDSReqAuthData#=3DS PA Request, #threeDSReqAuthMethod#=02, #threeDSReqAuthTimestamp#=201809281603, #threeDSRequestorChallengeInd#=01, #threeDSRequestorID#=611, #threeDSRequestorName#=ew0KCSJEViI6ICIxLjAiLA0KCSJERCI6Iaa45, #threeDSReqPriorAuthData#=three DS Request Prior Authentication Data, #threeDSReqPriorAuthMethod#=01, #threeDSReqPriorAuthTimestamp#=201810010323, #threeDSReqPriorRef#=4c6453da-4c56-4980-98cd-d04a064899c4, #threeDSRequestorURL#=http://10.131.94.242:1080/content-server/api/tds2/txn/browser/v1/tds-method, #threeDSServerRefNumber#=AAAAAA123456789, #threeDSServerOperatorID#=serverOperatorID, #threeDSServerURL#=http://10.138.158.51:9608, #acquirerBIN#=12345678912, #acquirerMerchantID#=AcquirerMerchantID222, #payTokenInd#=true, #purchaseInstalData#=#REMOVE#, #mcc1#=0742, #merchantCountryCode#=840, #merchantName#=global, #deliveryEmailAddress#=harsh08@ca.com, #deliveryTimeframe#=01, #giftCardAmount#=500, #giftCardCount#=02, #giftCardCurr#=840, #preOrderDate#=20200803, #preOrderPurchaseInd#=01, #reorderItemsInd#=01, #shipIndicator#=01, #criticalityIndicator#=false, #id#=ID2018SEP282001, #name#=ShashishekharHM, #transType#=01, #threeDSRequestorAuthenticationInfo#=, #threeDSRequestorPriorAuthenticationInfo#=, #broadInfo#=, #broadInfoValue#=broadInfoValue, #acctInfo#=, #homePhone#=, #mobilePhone#=, #workPhone#=, #merchantRiskIndicator#=, #messageExtension#=, #Dvalue#=HMS, #Dvalue1#=HMS, #Dvalue2#=HMS}]]>
              </value>
            </param>
          </params>
          <reporter-output>
          </reporter-output>
        </test-method> <!-- testArequestAPI -->
        <test-method status="PASS" signature="afterMethodProcessing(org.testng.ITestResult)[pri:0, instance:com.ca.tds.main.IdempotencyAReq@7e0b0338]" name="afterMethodProcessing" is-config="true" duration-ms="22" started-at="2019-10-23T05:15:43Z" finished-at="2019-10-23T05:15:43Z">
          <params>
            <param index="0">
              <value>
                <![CDATA[[TestResult name=testArequestAPI status=SUCCESS method=IdempotencyAReq.testArequestAPI(org.testng.ITestContext, java.util.Map)[pri:0, instance:com.ca.tds.main.IdempotencyAReq@7e0b0338] output={null}]]]>
              </value>
            </param>
          </params>
          <reporter-output>
          </reporter-output>
        </test-method> <!-- afterMethodProcessing -->
        <test-method status="PASS" signature="testArequestAPI(org.testng.ITestContext, java.util.Map)[pri:0, instance:com.ca.tds.main.IdempotencyAReq@7e0b0338]" name="testArequestAPI" duration-ms="1343" started-at="2019-10-23T05:15:43Z" data-provider="DataProvider3dsTestData" finished-at="2019-10-23T05:15:44Z">
          <params>
            <param index="0">
              <value>
                <![CDATA[org.testng.TestRunner@5aba252]]>
              </value>
            </param>
            <param index="1">
              <value>
                <![CDATA[{TestCaseID=_S003, TestCaseName=_FLV_AReq_MC, SanityFlag=Y, Test Case type=P, RequirementID=, FieldName=, Expected-cardholderInfo=G, Expected-creq=NA, Expected-transStatusReason=NA, Expected-authenticationValue=G, Expected-authenticationType=NA, Expected-acsURL=NA, Expected-acsOperatorID=ACS_OPERATOR_ID, Expected-acsChallengeMandated=NA, Expected-callerTxnRefID=G, Expected-threeDSServerTransID=G, Expected-dsTransID=G, Expected-acsTransID=G, DSName=mc, Expected-eci=G, Expected-messageType=ARes, Expected-dsName=mastercard, Expected-messageVersion=2.1.0, Expected-dsReferenceNumber=CADS, Expected-acsReferenceNumber=ABCDEF987654321, Expected-transStatus=Y, Expected-errorCode=NA, Expected-errorComponent=NA, Expected-errorDescription=NA, Expected-errorDetail=NA, #browserJavascriptEnabled#=true, #challengeWindowSize#=04, #callerTxnRefID#=341b7153-da86-4543-860f-2ba47f0168a5, #caMerchantID#=CA_EU, #acctID#=ACCTID98X3fw3, #chAccAgeInd#=02, #chAccChange#=20180928, #chAccChangeInd#=02, #chAccDate#=20180928, #chAccPwChange#=20180901, #chAccPwChangeInd#=01, #nbPurchaseAccount#=8, #paymentAccAge#=20180808, #paymentAccInd#=01, #provisionAttemptsDay#=1, #shipAddressUsage#=20180910, #shipAddressUsageInd#=03, #shipNameIndicator#=01, #suspiciousAccActivity#=01, #txnActivityDay#=5, #txnActivityYear#=8, #acctNumber#=5186003100001014, #acctType#=01, #addrMatch#=Y, #billAddrCity#=San Jose, #billAddrCountry#=840, #billAddrLine1#=500 West Maude Ave, #billAddrLine2#=ABC, #billAddrLine3#=HMS, #billAddrPostCode#=95101, #billAddrState#=CA, #browserAcceptHeader#=text/html,application/xhtml+xml,application/xml;q=0.9,image/webp,image/apng,*/*;q=0.8, #browserColorDepth#=24, #browserIP#=155.35.122.4, #browserJavaEnabled#=true, #browserLanguage#=en-US, #browserScreenHeight#=720, #browserScreenWidth#=1280, #browserTZ#=-330, #browserUserAgent#=Mozilla/5.0 (Windows NT 10.0; Win64; x64) AppleWebKit/537.36 (KHTML, like Gecko) Chrome/68.0.3440.84 Safari/537.36, #cardExpiryDate#=2008, #cardholderName#=Stephen, #deviceChannel#=02, #email#=harsh08@ca.com, #hcc#=840, #hsubscriber#=1234567899, #messageCategory#=01, #messageType#=AReq, #messageVersion#=2.1.0, #mcc#=840, #msubscriber#=1234567899, #notificationURL#=http://localhost:9090/golfstore2/CreqNotification.jsp, #purchaseAmount#=100, #purchaseCurrency#=840, #purchaseDate#=20180928160450, #purchaseExponent#=2, #recurringExpiry#=#REMOVE#, #recurringFrequency#=#REMOVE#, #shipAddrCity#=San Jose, #shipAddrCountry#=840, #shipAddrLine1#=500 West Maude Ave, #shipAddrLine2#=ABC, #shipAddrLine3#=HMS, #shipAddrPostCode#=95101, #shipAddrState#=CA, #threeDSCompInd#=Y, #threeDSServerTransID#=, #wcc#=840, #wsubscriber#=1234567899, #threeDSRequestorAuthenticationInd#=01, #threeDSReqAuthData#=3DS PA Request, #threeDSReqAuthMethod#=02, #threeDSReqAuthTimestamp#=201809281603, #threeDSRequestorChallengeInd#=01, #threeDSRequestorID#=611, #threeDSRequestorName#=ew0KCSJEViI6ICIxLjAiLA0KCSJERCI6Iaa45, #threeDSReqPriorAuthData#=three DS Request Prior Authentication Data, #threeDSReqPriorAuthMethod#=01, #threeDSReqPriorAuthTimestamp#=201810010323, #threeDSReqPriorRef#=4c6453da-4c56-4980-98cd-d04a064899c4, #threeDSRequestorURL#=http://10.131.94.242:1080/content-server/api/tds2/txn/browser/v1/tds-method, #threeDSServerRefNumber#=AAAAAA123456789, #threeDSServerOperatorID#=serverOperatorID, #threeDSServerURL#=http://10.138.158.51:9608, #acquirerBIN#=12345678912, #acquirerMerchantID#=AcquirerMerchantID222, #payTokenInd#=true, #purchaseInstalData#=#REMOVE#, #mcc1#=0742, #merchantCountryCode#=840, #merchantName#=global, #deliveryEmailAddress#=harsh08@ca.com, #deliveryTimeframe#=01, #giftCardAmount#=500, #giftCardCount#=02, #giftCardCurr#=840, #preOrderDate#=20200803, #preOrderPurchaseInd#=01, #reorderItemsInd#=01, #shipIndicator#=01, #criticalityIndicator#=false, #id#=ID2018SEP282001, #name#=ShashishekharHM, #transType#=01, #threeDSRequestorAuthenticationInfo#=, #threeDSRequestorPriorAuthenticationInfo#=, #broadInfo#=, #broadInfoValue#=broadInfoValue, #acctInfo#=, #homePhone#=, #mobilePhone#=, #workPhone#=, #merchantRiskIndicator#=, #messageExtension#=, #Dvalue#=HMS, #Dvalue1#=HMS, #Dvalue2#=HMS}]]>
              </value>
            </param>
          </params>
          <reporter-output>
          </reporter-output>
        </test-method> <!-- testArequestAPI -->
        <test-method status="PASS" signature="afterMethodProcessing(org.testng.ITestResult)[pri:0, instance:com.ca.tds.main.IdempotencyAReq@7e0b0338]" name="afterMethodProcessing" is-config="true" duration-ms="28" started-at="2019-10-23T05:15:44Z" finished-at="2019-10-23T05:15:44Z">
          <params>
            <param index="0">
              <value>
                <![CDATA[[TestResult name=testArequestAPI status=SUCCESS method=IdempotencyAReq.testArequestAPI(org.testng.ITestContext, java.util.Map)[pri:0, instance:com.ca.tds.main.IdempotencyAReq@7e0b0338] output={null}]]]>
              </value>
            </param>
          </params>
          <reporter-output>
          </reporter-output>
        </test-method> <!-- afterMethodProcessing -->
        <test-method status="PASS" signature="testArequestAPI(org.testng.ITestContext, java.util.Map)[pri:0, instance:com.ca.tds.main.IdempotencyAReq@7e0b0338]" name="testArequestAPI" duration-ms="1248" started-at="2019-10-23T05:15:44Z" data-provider="DataProvider3dsTestData" finished-at="2019-10-23T05:15:46Z">
          <params>
            <param index="0">
              <value>
                <![CDATA[org.testng.TestRunner@5aba252]]>
              </value>
            </param>
            <param index="1">
              <value>
                <![CDATA[{TestCaseID=_S004, TestCaseName=_FLV_AReq_MC_For_IdempotencyVerfiy, SanityFlag=Y, Test Case type=P, RequirementID=, FieldName=, Expected-cardholderInfo=G, Expected-creq=NA, Expected-transStatusReason=NA, Expected-authenticationValue=G, Expected-authenticationType=NA, Expected-acsURL=NA, Expected-acsOperatorID=ACS_OPERATOR_ID, Expected-acsChallengeMandated=NA, Expected-callerTxnRefID=G, Expected-threeDSServerTransID=G, Expected-dsTransID=G, Expected-acsTransID=G, DSName=mc, Expected-eci=G, Expected-messageType=ARes, Expected-dsName=mastercard, Expected-messageVersion=2.1.0, Expected-dsReferenceNumber=CADS, Expected-acsReferenceNumber=ABCDEF987654321, Expected-transStatus=Y, Expected-errorCode=NA, Expected-errorComponent=NA, Expected-errorDescription=NA, Expected-errorDetail=NA, #browserJavascriptEnabled#=true, #challengeWindowSize#=04, #callerTxnRefID#=341b7153-da86-4543-860f-2ba47f0168a5, #caMerchantID#=CA_EU, #acctID#=ACCTID98X3fw3, #chAccAgeInd#=02, #chAccChange#=20180928, #chAccChangeInd#=02, #chAccDate#=20180928, #chAccPwChange#=20180901, #chAccPwChangeInd#=01, #nbPurchaseAccount#=8, #paymentAccAge#=20180808, #paymentAccInd#=01, #provisionAttemptsDay#=1, #shipAddressUsage#=20180910, #shipAddressUsageInd#=03, #shipNameIndicator#=01, #suspiciousAccActivity#=01, #txnActivityDay#=5, #txnActivityYear#=8, #acctNumber#=5186003100001014, #acctType#=01, #addrMatch#=Y, #billAddrCity#=San Jose, #billAddrCountry#=840, #billAddrLine1#=500 West Maude Ave, #billAddrLine2#=ABC, #billAddrLine3#=HMS, #billAddrPostCode#=95101, #billAddrState#=CA, #browserAcceptHeader#=text/html,application/xhtml+xml,application/xml;q=0.9,image/webp,image/apng,*/*;q=0.8, #browserColorDepth#=24, #browserIP#=155.35.122.4, #browserJavaEnabled#=true, #browserLanguage#=en-US, #browserScreenHeight#=720, #browserScreenWidth#=1280, #browserTZ#=-330, #browserUserAgent#=Mozilla/5.0 (Windows NT 10.0; Win64; x64) AppleWebKit/537.36 (KHTML, like Gecko) Chrome/68.0.3440.84 Safari/537.36, #cardExpiryDate#=2008, #cardholderName#=Stephen, #deviceChannel#=02, #email#=harsh08@ca.com, #hcc#=840, #hsubscriber#=1234567899, #messageCategory#=01, #messageType#=AReq, #messageVersion#=2.1.0, #mcc#=840, #msubscriber#=1234567899, #notificationURL#=http://localhost:9090/golfstore2/CreqNotification.jsp, #purchaseAmount#=100, #purchaseCurrency#=840, #purchaseDate#=20180928160450, #purchaseExponent#=2, #recurringExpiry#=#REMOVE#, #recurringFrequency#=#REMOVE#, #shipAddrCity#=San Jose, #shipAddrCountry#=840, #shipAddrLine1#=500 West Maude Ave, #shipAddrLine2#=ABC, #shipAddrLine3#=HMS, #shipAddrPostCode#=95101, #shipAddrState#=CA, #threeDSCompInd#=Y, #threeDSServerTransID#=, #wcc#=840, #wsubscriber#=1234567899, #threeDSRequestorAuthenticationInd#=01, #threeDSReqAuthData#=3DS PA Request, #threeDSReqAuthMethod#=02, #threeDSReqAuthTimestamp#=201809281603, #threeDSRequestorChallengeInd#=01, #threeDSRequestorID#=611, #threeDSRequestorName#=ew0KCSJEViI6ICIxLjAiLA0KCSJERCI6Iaa45, #threeDSReqPriorAuthData#=three DS Request Prior Authentication Data, #threeDSReqPriorAuthMethod#=01, #threeDSReqPriorAuthTimestamp#=201810010323, #threeDSReqPriorRef#=4c6453da-4c56-4980-98cd-d04a064899c4, #threeDSRequestorURL#=http://10.131.94.242:1080/content-server/api/tds2/txn/browser/v1/tds-method, #threeDSServerRefNumber#=AAAAAA123456789, #threeDSServerOperatorID#=serverOperatorID, #threeDSServerURL#=http://10.138.158.51:9608, #acquirerBIN#=12345678912, #acquirerMerchantID#=AcquirerMerchantID222, #payTokenInd#=true, #purchaseInstalData#=#REMOVE#, #mcc1#=0742, #merchantCountryCode#=840, #merchantName#=global, #deliveryEmailAddress#=harsh08@ca.com, #deliveryTimeframe#=01, #giftCardAmount#=500, #giftCardCount#=02, #giftCardCurr#=840, #preOrderDate#=20200803, #preOrderPurchaseInd#=01, #reorderItemsInd#=01, #shipIndicator#=01, #criticalityIndicator#=false, #id#=ID2018SEP282001, #name#=ShashishekharHM, #transType#=01, #threeDSRequestorAuthenticationInfo#=, #threeDSRequestorPriorAuthenticationInfo#=, #broadInfo#=, #broadInfoValue#=broadInfoValue, #acctInfo#=, #homePhone#=, #mobilePhone#=, #workPhone#=, #merchantRiskIndicator#=, #messageExtension#=, #Dvalue#=HMS, #Dvalue1#=HMS, #Dvalue2#=HMS}]]>
              </value>
            </param>
          </params>
          <reporter-output>
          </reporter-output>
        </test-method> <!-- testArequestAPI -->
        <test-method status="PASS" signature="afterMethodProcessing(org.testng.ITestResult)[pri:0, instance:com.ca.tds.main.IdempotencyAReq@7e0b0338]" name="afterMethodProcessing" is-config="true" duration-ms="20" started-at="2019-10-23T05:15:46Z" finished-at="2019-10-23T05:15:46Z">
          <params>
            <param index="0">
              <value>
                <![CDATA[[TestResult name=testArequestAPI status=SUCCESS method=IdempotencyAReq.testArequestAPI(org.testng.ITestContext, java.util.Map)[pri:0, instance:com.ca.tds.main.IdempotencyAReq@7e0b0338] output={null}]]]>
              </value>
            </param>
          </params>
          <reporter-output>
          </reporter-output>
        </test-method> <!-- afterMethodProcessing -->
        <test-method status="PASS" signature="testArequestAPI(org.testng.ITestContext, java.util.Map)[pri:0, instance:com.ca.tds.main.IdempotencyAReq@7e0b0338]" name="testArequestAPI" duration-ms="1292" started-at="2019-10-23T05:15:46Z" data-provider="DataProvider3dsTestData" finished-at="2019-10-23T05:15:47Z">
          <params>
            <param index="0">
              <value>
                <![CDATA[org.testng.TestRunner@5aba252]]>
              </value>
            </param>
            <param index="1">
              <value>
                <![CDATA[{TestCaseID=_S005, TestCaseName=_FLV_AReq_VISA, SanityFlag=Y, Test Case type=P, RequirementID=, FieldName=, Expected-cardholderInfo=G, Expected-creq=NA, Expected-transStatusReason=NA, Expected-authenticationValue=G, Expected-authenticationType=NA, Expected-acsURL=NA, Expected-acsOperatorID=ACS_OPERATOR_ID, Expected-acsChallengeMandated=NA, Expected-callerTxnRefID=G, Expected-threeDSServerTransID=G, Expected-dsTransID=G, Expected-acsTransID=G, DSName=visa, Expected-eci=G, Expected-messageType=ARes, Expected-dsName=visa, Expected-messageVersion=2.1.0, Expected-dsReferenceNumber=CADS, Expected-acsReferenceNumber=ABCDEF987654321, Expected-transStatus=Y, Expected-errorCode=NA, Expected-errorComponent=NA, Expected-errorDescription=NA, Expected-errorDetail=NA, #browserJavascriptEnabled#=true, #challengeWindowSize#=04, #callerTxnRefID#=341b7153-da86-4543-860f-2ba47f0168a5, #caMerchantID#=CA_EU, #acctID#=ACCTID98X3fw3, #chAccAgeInd#=02, #chAccChange#=20180928, #chAccChangeInd#=02, #chAccDate#=20180928, #chAccPwChange#=20180901, #chAccPwChangeInd#=01, #nbPurchaseAccount#=8, #paymentAccAge#=20180808, #paymentAccInd#=01, #provisionAttemptsDay#=1, #shipAddressUsage#=20180910, #shipAddressUsageInd#=03, #shipNameIndicator#=01, #suspiciousAccActivity#=01, #txnActivityDay#=5, #txnActivityYear#=8, #acctNumber#=4000500060000008, #acctType#=01, #addrMatch#=Y, #billAddrCity#=San Jose, #billAddrCountry#=840, #billAddrLine1#=500 West Maude Ave, #billAddrLine2#=ABC, #billAddrLine3#=HMS, #billAddrPostCode#=95101, #billAddrState#=CA, #browserAcceptHeader#=text/html,application/xhtml+xml,application/xml;q=0.9,image/webp,image/apng,*/*;q=0.8, #browserColorDepth#=24, #browserIP#=155.35.122.4, #browserJavaEnabled#=true, #browserLanguage#=en-US, #browserScreenHeight#=720, #browserScreenWidth#=1280, #browserTZ#=-330, #browserUserAgent#=Mozilla/5.0 (Windows NT 10.0; Win64; x64) AppleWebKit/537.36 (KHTML, like Gecko) Chrome/68.0.3440.84 Safari/537.36, #cardExpiryDate#=2008, #cardholderName#=Stephen, #deviceChannel#=02, #email#=harsh08@ca.com, #hcc#=840, #hsubscriber#=1234567899, #messageCategory#=01, #messageType#=AReq, #messageVersion#=2.1.0, #mcc#=840, #msubscriber#=1234567899, #notificationURL#=http://localhost:9090/golfstore2/CreqNotification.jsp, #purchaseAmount#=100, #purchaseCurrency#=840, #purchaseDate#=20180928160450, #purchaseExponent#=2, #recurringExpiry#=#REMOVE#, #recurringFrequency#=#REMOVE#, #shipAddrCity#=San Jose, #shipAddrCountry#=840, #shipAddrLine1#=500 West Maude Ave, #shipAddrLine2#=ABC, #shipAddrLine3#=HMS, #shipAddrPostCode#=95101, #shipAddrState#=CA, #threeDSCompInd#=Y, #threeDSServerTransID#=, #wcc#=840, #wsubscriber#=1234567899, #threeDSRequestorAuthenticationInd#=01, #threeDSReqAuthData#=3DS PA Request, #threeDSReqAuthMethod#=02, #threeDSReqAuthTimestamp#=201809281603, #threeDSRequestorChallengeInd#=01, #threeDSRequestorID#=611, #threeDSRequestorName#=ew0KCSJEViI6ICIxLjAiLA0KCSJERCI6Iaa45, #threeDSReqPriorAuthData#=three DS Request Prior Authentication Data, #threeDSReqPriorAuthMethod#=01, #threeDSReqPriorAuthTimestamp#=201810010323, #threeDSReqPriorRef#=4c6453da-4c56-4980-98cd-d04a064899c4, #threeDSRequestorURL#=http://10.131.94.242:1080/content-server/api/tds2/txn/browser/v1/tds-method, #threeDSServerRefNumber#=AAAAAA123456789, #threeDSServerOperatorID#=serverOperatorID, #threeDSServerURL#=http://10.138.158.51:9608, #acquirerBIN#=12345678912, #acquirerMerchantID#=AcquirerMerchantID222, #payTokenInd#=true, #purchaseInstalData#=#REMOVE#, #mcc1#=0742, #merchantCountryCode#=840, #merchantName#=global, #deliveryEmailAddress#=harsh08@ca.com, #deliveryTimeframe#=01, #giftCardAmount#=500, #giftCardCount#=02, #giftCardCurr#=840, #preOrderDate#=20200803, #preOrderPurchaseInd#=01, #reorderItemsInd#=01, #shipIndicator#=01, #criticalityIndicator#=false, #id#=ID2018SEP282001, #name#=ShashishekharHM, #transType#=01, #threeDSRequestorAuthenticationInfo#=, #threeDSRequestorPriorAuthenticationInfo#=, #broadInfo#=, #broadInfoValue#=broadInfoValue, #acctInfo#=, #homePhone#=, #mobilePhone#=, #workPhone#=, #merchantRiskIndicator#=, #messageExtension#=, #Dvalue#=HMS, #Dvalue1#=HMS, #Dvalue2#=HMS}]]>
              </value>
            </param>
          </params>
          <reporter-output>
          </reporter-output>
        </test-method> <!-- testArequestAPI -->
        <test-method status="PASS" signature="afterMethodProcessing(org.testng.ITestResult)[pri:0, instance:com.ca.tds.main.IdempotencyAReq@7e0b0338]" name="afterMethodProcessing" is-config="true" duration-ms="26" started-at="2019-10-23T05:15:47Z" finished-at="2019-10-23T05:15:47Z">
          <params>
            <param index="0">
              <value>
                <![CDATA[[TestResult name=testArequestAPI status=SUCCESS method=IdempotencyAReq.testArequestAPI(org.testng.ITestContext, java.util.Map)[pri:0, instance:com.ca.tds.main.IdempotencyAReq@7e0b0338] output={null}]]]>
              </value>
            </param>
          </params>
          <reporter-output>
          </reporter-output>
        </test-method> <!-- afterMethodProcessing -->
        <test-method status="PASS" signature="testArequestAPI(org.testng.ITestContext, java.util.Map)[pri:0, instance:com.ca.tds.main.IdempotencyAReq@7e0b0338]" name="testArequestAPI" duration-ms="1190" started-at="2019-10-23T05:15:47Z" data-provider="DataProvider3dsTestData" finished-at="2019-10-23T05:15:48Z">
          <params>
            <param index="0">
              <value>
                <![CDATA[org.testng.TestRunner@5aba252]]>
              </value>
            </param>
            <param index="1">
              <value>
                <![CDATA[{TestCaseID=_S006, TestCaseName=_FLV_AReq_VISA_For_IdempotencyVerfiy, SanityFlag=Y, Test Case type=P, RequirementID=, FieldName=, Expected-cardholderInfo=G, Expected-creq=NA, Expected-transStatusReason=NA, Expected-authenticationValue=G, Expected-authenticationType=NA, Expected-acsURL=NA, Expected-acsOperatorID=ACS_OPERATOR_ID, Expected-acsChallengeMandated=NA, Expected-callerTxnRefID=G, Expected-threeDSServerTransID=G, Expected-dsTransID=G, Expected-acsTransID=G, DSName=visa, Expected-eci=G, Expected-messageType=ARes, Expected-dsName=visa, Expected-messageVersion=2.1.0, Expected-dsReferenceNumber=CADS, Expected-acsReferenceNumber=ABCDEF987654321, Expected-transStatus=Y, Expected-errorCode=NA, Expected-errorComponent=NA, Expected-errorDescription=NA, Expected-errorDetail=NA, #browserJavascriptEnabled#=true, #challengeWindowSize#=04, #callerTxnRefID#=341b7153-da86-4543-860f-2ba47f0168a5, #caMerchantID#=CA_EU, #acctID#=ACCTID98X3fw3, #chAccAgeInd#=02, #chAccChange#=20180928, #chAccChangeInd#=02, #chAccDate#=20180928, #chAccPwChange#=20180901, #chAccPwChangeInd#=01, #nbPurchaseAccount#=8, #paymentAccAge#=20180808, #paymentAccInd#=01, #provisionAttemptsDay#=1, #shipAddressUsage#=20180910, #shipAddressUsageInd#=03, #shipNameIndicator#=01, #suspiciousAccActivity#=01, #txnActivityDay#=5, #txnActivityYear#=8, #acctNumber#=4000500060000008, #acctType#=01, #addrMatch#=Y, #billAddrCity#=San Jose, #billAddrCountry#=840, #billAddrLine1#=500 West Maude Ave, #billAddrLine2#=ABC, #billAddrLine3#=HMS, #billAddrPostCode#=95101, #billAddrState#=CA, #browserAcceptHeader#=text/html,application/xhtml+xml,application/xml;q=0.9,image/webp,image/apng,*/*;q=0.8, #browserColorDepth#=24, #browserIP#=155.35.122.4, #browserJavaEnabled#=true, #browserLanguage#=en-US, #browserScreenHeight#=720, #browserScreenWidth#=1280, #browserTZ#=-330, #browserUserAgent#=Mozilla/5.0 (Windows NT 10.0; Win64; x64) AppleWebKit/537.36 (KHTML, like Gecko) Chrome/68.0.3440.84 Safari/537.36, #cardExpiryDate#=2008, #cardholderName#=Stephen, #deviceChannel#=02, #email#=harsh08@ca.com, #hcc#=840, #hsubscriber#=1234567899, #messageCategory#=01, #messageType#=AReq, #messageVersion#=2.1.0, #mcc#=840, #msubscriber#=1234567899, #notificationURL#=http://localhost:9090/golfstore2/CreqNotification.jsp, #purchaseAmount#=100, #purchaseCurrency#=840, #purchaseDate#=20180928160450, #purchaseExponent#=2, #recurringExpiry#=#REMOVE#, #recurringFrequency#=#REMOVE#, #shipAddrCity#=San Jose, #shipAddrCountry#=840, #shipAddrLine1#=500 West Maude Ave, #shipAddrLine2#=ABC, #shipAddrLine3#=HMS, #shipAddrPostCode#=95101, #shipAddrState#=CA, #threeDSCompInd#=Y, #threeDSServerTransID#=, #wcc#=840, #wsubscriber#=1234567899, #threeDSRequestorAuthenticationInd#=01, #threeDSReqAuthData#=3DS PA Request, #threeDSReqAuthMethod#=02, #threeDSReqAuthTimestamp#=201809281603, #threeDSRequestorChallengeInd#=01, #threeDSRequestorID#=611, #threeDSRequestorName#=ew0KCSJEViI6ICIxLjAiLA0KCSJERCI6Iaa45, #threeDSReqPriorAuthData#=three DS Request Prior Authentication Data, #threeDSReqPriorAuthMethod#=01, #threeDSReqPriorAuthTimestamp#=201810010323, #threeDSReqPriorRef#=4c6453da-4c56-4980-98cd-d04a064899c4, #threeDSRequestorURL#=http://10.131.94.242:1080/content-server/api/tds2/txn/browser/v1/tds-method, #threeDSServerRefNumber#=AAAAAA123456789, #threeDSServerOperatorID#=serverOperatorID, #threeDSServerURL#=http://10.138.158.51:9608, #acquirerBIN#=12345678912, #acquirerMerchantID#=AcquirerMerchantID222, #payTokenInd#=true, #purchaseInstalData#=#REMOVE#, #mcc1#=0742, #merchantCountryCode#=840, #merchantName#=global, #deliveryEmailAddress#=harsh08@ca.com, #deliveryTimeframe#=01, #giftCardAmount#=500, #giftCardCount#=02, #giftCardCurr#=840, #preOrderDate#=20200803, #preOrderPurchaseInd#=01, #reorderItemsInd#=01, #shipIndicator#=01, #criticalityIndicator#=false, #id#=ID2018SEP282001, #name#=ShashishekharHM, #transType#=01, #threeDSRequestorAuthenticationInfo#=, #threeDSRequestorPriorAuthenticationInfo#=, #broadInfo#=, #broadInfoValue#=broadInfoValue, #acctInfo#=, #homePhone#=, #mobilePhone#=, #workPhone#=, #merchantRiskIndicator#=, #messageExtension#=, #Dvalue#=HMS, #Dvalue1#=HMS, #Dvalue2#=HMS}]]>
              </value>
            </param>
          </params>
          <reporter-output>
          </reporter-output>
        </test-method> <!-- testArequestAPI -->
        <test-method status="PASS" signature="afterMethodProcessing(org.testng.ITestResult)[pri:0, instance:com.ca.tds.main.IdempotencyAReq@7e0b0338]" name="afterMethodProcessing" is-config="true" duration-ms="26" started-at="2019-10-23T05:15:48Z" finished-at="2019-10-23T05:15:48Z">
          <params>
            <param index="0">
              <value>
                <![CDATA[[TestResult name=testArequestAPI status=SUCCESS method=IdempotencyAReq.testArequestAPI(org.testng.ITestContext, java.util.Map)[pri:0, instance:com.ca.tds.main.IdempotencyAReq@7e0b0338] output={null}]]]>
              </value>
            </param>
          </params>
          <reporter-output>
          </reporter-output>
        </test-method> <!-- afterMethodProcessing -->
        <test-method status="PASS" signature="AfterTestClass()[pri:0, instance:com.ca.tds.main.IdempotencyAReq@7e0b0338]" name="AfterTestClass" is-config="true" duration-ms="0" started-at="2019-10-23T05:15:48Z" finished-at="2019-10-23T05:15:48Z">
          <reporter-output>
          </reporter-output>
        </test-method> <!-- AfterTestClass -->
        <test-method status="PASS" signature="AfterClass()[pri:0, instance:com.ca.tds.main.IdempotencyAReq@7e0b0338]" name="AfterClass" is-config="true" duration-ms="0" started-at="2019-10-23T05:15:48Z" finished-at="2019-10-23T05:15:48Z">
          <reporter-output>
          </reporter-output>
        </test-method> <!-- AfterClass -->
        <test-method status="PASS" signature="endSuite()[pri:0, instance:com.ca.tds.main.IdempotencyAReq@7e0b0338]" name="endSuite" is-config="true" duration-ms="18" started-at="2019-10-23T05:15:48Z" finished-at="2019-10-23T05:15:48Z">
          <reporter-output>
          </reporter-output>
        </test-method> <!-- endSuite -->
      </class> <!-- com.ca.tds.main.IdempotencyAReq -->
    </test> <!-- Idempotency::Clear Card::Browser::AReq flow -->
  </suite> <!-- AREQTestSuite -->
</testng-results>
