<?xml version="1.0" encoding="UTF-8"?>
<testng-results ignored="0" total="1" passed="1" failed="0" skipped="0">
  <reporter-output>
  </reporter-output>
  <suite started-at="2020-02-11T12:00:25 IST" name="Default suite" finished-at="2020-02-11T12:00:26 IST" duration-ms="1046">
    <groups>
    </groups>
    <test started-at="2020-02-11T12:00:25 IST" name="Default test" finished-at="2020-02-11T12:00:26 IST" duration-ms="1046">
      <class name="com.ca.tds.main.InvalidTransid">
        <test-method signature="flVerify()[pri:0, instance:com.ca.tds.main.InvalidTransid@60015ef5]" started-at="2020-02-11T12:00:25 IST" name="flVerify" finished-at="2020-02-11T12:00:26 IST" duration-ms="1016" status="PASS">
          <reporter-output>
          </reporter-output>
        </test-method> <!-- flVerify -->
      </class> <!-- com.ca.tds.main.InvalidTransid -->
    </test> <!-- Default test -->
  </suite> <!-- Default suite -->
</testng-results>
