<?xml version="1.0" encoding="UTF-8"?>
<testng-results skipped="0" failed="0" ignored="0" total="30" passed="30">
  <reporter-output>
  </reporter-output>
  <suite name="SanityFrictionLess" duration-ms="3639" started-at="2020-01-22T09:16:02Z" finished-at="2020-01-22T09:16:05Z">
    <groups>
    </groups>
    <test name="AMEX::Clear Card::Browser::AReq flow" duration-ms="1870" started-at="2020-01-22T09:16:02Z" finished-at="2020-01-22T09:16:04Z">
      <class name="com.ca.tds.main.TDSPreAreq_TC">
        <test-method status="PASS" signature="beforeTestClass()[pri:0, instance:com.ca.tds.main.TDSPreAreq_TC@56ac3a89]" name="beforeTestClass" is-config="true" duration-ms="0" started-at="2020-01-22T09:16:02Z" finished-at="2020-01-22T09:16:02Z">
          <reporter-output>
          </reporter-output>
        </test-method> <!-- beforeTestClass -->
        <test-method status="PASS" signature="BeforeClass()[pri:0, instance:com.ca.tds.main.TDSPreAreq_TC@56ac3a89]" name="BeforeClass" is-config="true" duration-ms="0" started-at="2020-01-22T09:16:02Z" finished-at="2020-01-22T09:16:02Z">
          <reporter-output>
          </reporter-output>
        </test-method> <!-- BeforeClass -->
        <test-method status="PASS" signature="testArequestAPI(org.testng.ITestContext, java.util.Map)[pri:0, instance:com.ca.tds.main.TDSPreAreq_TC@56ac3a89]" name="testArequestAPI" duration-ms="1486" started-at="2020-01-22T09:16:02Z" data-provider="DataProvider3dsTestData" finished-at="2020-01-22T09:16:03Z">
          <params>
            <param index="0">
              <value>
                <![CDATA[org.testng.TestRunner@626deb51]]>
              </value>
            </param>
            <param index="1">
              <value>
                <![CDATA[{TestCaseID=_A001, TestCaseName=_SanityFrictionless_Sample Valid Areq Request, SanityFlag=Y, Test Case type=P, RequirementID=, FieldName=, Expected-cardholderInfo=NA, Expected-creq=NA, Expected-transStatusReason=NA, Expected-authenticationValue=G, Expected-authenticationType=NA, Expected-acsURL=NA, Expected-acsOperatorID=ACS_OPERATOR_ID, Expected-acsChallengeMandated=NA, Expected-callerTxnRefID=G, Expected-threeDSServerTransID=G, Expected-dsTransID=G, Expected-acsTransID=G, Expected-eci=G, Expected-messageType=ARes, Expected-dsName=amex, Expected-messageVersion=2.1.0, Expected-dsReferenceNumber=DsReferenceNumber, Expected-acsReferenceNumber=ABCDEF987654321, Expected-transStatus=Y, Expected-errorCode=NA, Expected-errorComponent=NA, Expected-errorDescription=NA, Expected-errorDetail=NA, #browserJavascriptEnabled#=true, #challengeWindowSize#=04, #callerTxnRefID#=341b7153-da86-4543-860f-2ba47f0168a5, #caMerchantID#=MTD000000, #acctID#=ACCTID98X3fw3, #chAccAgeInd#=02, #chAccChange#=20180928, #chAccChangeInd#=02, #chAccDate#=20180928, #chAccPwChange#=20180901, #chAccPwChangeInd#=01, #nbPurchaseAccount#=8, #paymentAccAge#=20180808, #paymentAccInd#=01, #provisionAttemptsDay#=1, #shipAddressUsage#=20180910, #shipAddressUsageInd#=03, #shipNameIndicator#=01, #suspiciousAccActivity#=01, #txnActivityDay#=5, #txnActivityYear#=8, #acctNumber#=4Abuomi9LgxCa7vPYSbXHlv9jX754ALLUd7WxKwnrLZln1vr0ZVO/ahzu6fQh6YLuA3+1M4JoV4oFRd5cPK2lml3yytggURxMETgAx3fb8CMT/YXCYDSzZ+m1ghc+3FtmSFENHIKm3cAoIJBNOGC0VpXdEr5p/3XBdYsXlaODLnQdIZtNAdWIE0ihy6VIcwAlJox+tarG37G0WbEM9lZZcIBH9cXs7IXayzAA5RpynHPOkrs5H5JZ2aIt5B1OuBe1fVcylt66j9OSfQ2apT9bbr0NFgME+Hsn490Z7RhvcGiM7khgaaNkw756VP/1CjKYsTzzhZIt0g31B6vvYdNaw==, #acctType#=01, #addrMatch#=Y, #billAddrCity#=San Jose, #billAddrCountry#=840, #billAddrLine1#=500 West Maude Ave, #billAddrLine2#=ABC, #billAddrLine3#=HMS, #billAddrPostCode#=95101, #billAddrState#=CA, #browserAcceptHeader#=text/html,application/xhtml+xml,application/xml;q=0.9,image/webp,image/apng,*/*;q=0.8, #browserColorDepth#=24, #browserIP#=155.35.122.4, #browserJavaEnabled#=true, #browserLanguage#=en-US, #browserScreenHeight#=720, #browserScreenWidth#=1280, #browserTZ#=-330, #browserUserAgent#=Mozilla/5.0 (Windows NT 10.0; Win64; x64) AppleWebKit/537.36 (KHTML, like Gecko) Chrome/68.0.3440.84 Safari/537.36, #cardExpiryDate#=2008, #cardholderName#=Stephen, #deviceChannel#=02, #email#=harsh08@ca.com, #hcc#=1, #hsubscriber#=1234567899, #messageCategory#=01, #messageType#=AReq, #messageVersion#=2.1.0, #mcc#=1, #msubscriber#=1234567899, #notificationURL#=http://localhost:9090/golfstore2/CreqNotification.jsp, #purchaseAmount#=100, #purchaseCurrency#=840, #purchaseDate#=20180928160450, #purchaseExponent#=2, #recurringExpiry#=#REMOVE#, #recurringFrequency#=#REMOVE#, #shipAddrCity#=San Jose, #shipAddrCountry#=840, #shipAddrLine1#=500 West Maude Ave, #shipAddrLine2#=ABC, #shipAddrLine3#=HMS, #shipAddrPostCode#=95101, #shipAddrState#=CA, #threeDSCompInd#=Y, #threeDSServerTransID#=, #wcc#=1, #wsubscriber#=1234567899, #threeDSRequestorAuthenticationInd#=01, #threeDSReqAuthData#=3DS PA Request, #threeDSReqAuthMethod#=02, #threeDSReqAuthTimestamp#=201809281603, #threeDSRequestorChallengeInd#=01, #threeDSRequestorID#=611, #threeDSRequestorName#=ew0KCSJEViI6ICIxLjAiLA0KCSJERCI6Iaa45, #threeDSReqPriorAuthData#=three DS Request Prior Authentication Data, #threeDSReqPriorAuthMethod#=01, #threeDSReqPriorAuthTimestamp#=201810010323, #threeDSReqPriorRef#=4c6453da-4c56-4980-98cd-d04a064899c4, #threeDSRequestorURL#=http://10.131.94.242:1080/content-server/api/tds2/txn/browser/v1/tds-method, #threeDSServerRefNumber#=AAAAAA123456789, #threeDSServerOperatorID#=serverOperatorID, #threeDSServerURL#=http://10.138.158.51:9608, #acquirerBIN#=123456, #acquirerMerchantID#=AcquirerMerchantID222, #payTokenInd#=true, #purchaseInstalData#=#REMOVE#, #mcc1#=0742, #merchantCountryCode#=840, #merchantName#=global, #deliveryEmailAddress#=harsh08@ca.com, #deliveryTimeframe#=01, #giftCardAmount#=500, #giftCardCount#=02, #giftCardCurr#=840, #preOrderDate#=20200803, #preOrderPurchaseInd#=01, #reorderItemsInd#=01, #shipIndicator#=01, #criticalityIndicator#=false, #id#=ID2018SEP282001, #name#=ShashishekharHM, #transType#=01, #threeDSRequestorAuthenticationInfo#=, #threeDSRequestorPriorAuthenticationInfo#=, #broadInfo#=, #broadInfoValue#=broadInfoValue, #acctInfo#=, #homePhone#=, #mobilePhone#=, #workPhone#=, #merchantRiskIndicator#=, #messageExtension#=, #Dvalue#=HMS, #Dvalue1#=HMS, #Dvalue2#=HMS}]]>
              </value>
            </param>
          </params>
          <reporter-output>
          </reporter-output>
        </test-method> <!-- testArequestAPI -->
        <test-method status="PASS" signature="afterMethodProcessing(org.testng.ITestResult)[pri:0, instance:com.ca.tds.main.TDSPreAreq_TC@56ac3a89]" name="afterMethodProcessing" is-config="true" duration-ms="211" started-at="2020-01-22T09:16:03Z" finished-at="2020-01-22T09:16:04Z">
          <params>
            <param index="0">
              <value>
                <![CDATA[[TestResult name=testArequestAPI status=SUCCESS method=TDSPreAreq_TC.testArequestAPI(org.testng.ITestContext, java.util.Map)[pri:0, instance:com.ca.tds.main.TDSPreAreq_TC@56ac3a89] output={null}]]]>
              </value>
            </param>
          </params>
          <reporter-output>
          </reporter-output>
        </test-method> <!-- afterMethodProcessing -->
        <test-method status="PASS" signature="AfterClass()[pri:0, instance:com.ca.tds.main.TDSPreAreq_TC@56ac3a89]" name="AfterClass" is-config="true" duration-ms="0" started-at="2020-01-22T09:16:04Z" finished-at="2020-01-22T09:16:04Z">
          <reporter-output>
          </reporter-output>
        </test-method> <!-- AfterClass -->
        <test-method status="PASS" signature="AfterTestClass()[pri:0, instance:com.ca.tds.main.TDSPreAreq_TC@56ac3a89]" name="AfterTestClass" is-config="true" duration-ms="0" started-at="2020-01-22T09:16:04Z" finished-at="2020-01-22T09:16:04Z">
          <reporter-output>
          </reporter-output>
        </test-method> <!-- AfterTestClass -->
      </class> <!-- com.ca.tds.main.TDSPreAreq_TC -->
    </test> <!-- AMEX::Clear Card::Browser::AReq flow -->
    <test name="MASTERC::Clear Card::Browser::AReq flow" duration-ms="903" started-at="2020-01-22T09:16:04Z" finished-at="2020-01-22T09:16:05Z">
      <class name="com.ca.tds.main.TDSPreAreq_TC">
        <test-method status="PASS" signature="beforeTestClass()[pri:0, instance:com.ca.tds.main.TDSPreAreq_TC@544fe44c]" name="beforeTestClass" is-config="true" duration-ms="0" started-at="2020-01-22T09:16:04Z" finished-at="2020-01-22T09:16:04Z">
          <reporter-output>
          </reporter-output>
        </test-method> <!-- beforeTestClass -->
        <test-method status="PASS" signature="BeforeClass()[pri:0, instance:com.ca.tds.main.TDSPreAreq_TC@544fe44c]" name="BeforeClass" is-config="true" duration-ms="0" started-at="2020-01-22T09:16:04Z" finished-at="2020-01-22T09:16:04Z">
          <reporter-output>
          </reporter-output>
        </test-method> <!-- BeforeClass -->
        <test-method status="PASS" signature="testArequestAPI(org.testng.ITestContext, java.util.Map)[pri:0, instance:com.ca.tds.main.TDSPreAreq_TC@544fe44c]" name="testArequestAPI" duration-ms="696" started-at="2020-01-22T09:16:04Z" data-provider="DataProvider3dsTestData" finished-at="2020-01-22T09:16:05Z">
          <params>
            <param index="0">
              <value>
                <![CDATA[org.testng.TestRunner@7c97af53]]>
              </value>
            </param>
            <param index="1">
              <value>
                <![CDATA[{TestCaseID=_M001, TestCaseName=_SanityFrictionless_Sample Valid Areq Request, SanityFlag=Y, Test Case type=P, RequirementID=, FieldName=, Expected-cardholderInfo=NA, Expected-creq=NA, Expected-transStatusReason=NA, Expected-authenticationValue=G, Expected-authenticationType=NA, Expected-acsURL=NA, Expected-acsOperatorID=ACS_OPERATOR_ID, Expected-acsChallengeMandated=NA, Expected-callerTxnRefID=G, Expected-threeDSServerTransID=G, Expected-dsTransID=G, Expected-acsTransID=G, Expected-eci=G, Expected-messageType=ARes, Expected-dsName=mastercard, Expected-messageVersion=2.1.0, Expected-dsReferenceNumber=DsReferenceNumber, Expected-acsReferenceNumber=ABCDEF987654321, Expected-transStatus=Y, Expected-errorCode=NA, Expected-errorComponent=NA, Expected-errorDescription=NA, Expected-errorDetail=NA, #browserJavascriptEnabled#=true, #challengeWindowSize#=04, #callerTxnRefID#=341b7153-da86-4543-860f-2ba47f0168a5, #caMerchantID#=MTD000000, #acctID#=ACCTID98X3fw3, #chAccAgeInd#=02, #chAccChange#=20180928, #chAccChangeInd#=02, #chAccDate#=20180928, #chAccPwChange#=20180901, #chAccPwChangeInd#=01, #nbPurchaseAccount#=8, #paymentAccAge#=20180808, #paymentAccInd#=01, #provisionAttemptsDay#=1, #shipAddressUsage#=20180910, #shipAddressUsageInd#=03, #shipNameIndicator#=01, #suspiciousAccActivity#=01, #txnActivityDay#=5, #txnActivityYear#=8, #acctNumber#=JMbbVk4F0nKs0mF3FrPbEgEf+VlyONcTIhvTubOI7xH1J0d1kIdnjMwECYYUQ7DmCgFJYyH8zPh1nLRuWjL98PwvfJiKuzCB5iCs7MRghqdsJWZ0yzYZuE3HunQj+pd+55Hq+y+Svaqqxek41OTNKvr2gw7EeXUD4zRSQ6EVHQ/KezdYJy7sAze7fh4hOW0QdHUpZMPmBRtonkcJNBepEEDhWVqGDWz290xdt8nbNtwt9NNNVBZSGqZA3A8QrFiI3pOGP+8ql9qvcMn/rxFfaQInIFdo8Ig0BuowLINFvfop5uQ4vLSZX0e14VhKlTAdGu5cl/rWU85Ch6eFaidxfw==, #acctType#=01, #addrMatch#=Y, #billAddrCity#=San Jose, #billAddrCountry#=840, #billAddrLine1#=500 West Maude Ave, #billAddrLine2#=ABC, #billAddrLine3#=HMS, #billAddrPostCode#=95101, #billAddrState#=CA, #browserAcceptHeader#=text/html,application/xhtml+xml,application/xml;q=0.9,image/webp,image/apng,*/*;q=0.8, #browserColorDepth#=24, #browserIP#=155.35.122.4, #browserJavaEnabled#=true, #browserLanguage#=en-US, #browserScreenHeight#=720, #browserScreenWidth#=1280, #browserTZ#=-330, #browserUserAgent#=Mozilla/5.0 (Windows NT 10.0; Win64; x64) AppleWebKit/537.36 (KHTML, like Gecko) Chrome/68.0.3440.84 Safari/537.36, #cardExpiryDate#=2008, #cardholderName#=Stephen, #deviceChannel#=02, #email#=harsh08@ca.com, #hcc#=1, #hsubscriber#=1234567899, #messageCategory#=01, #messageType#=AReq, #messageVersion#=2.1.0, #mcc#=1, #msubscriber#=1234567899, #notificationURL#=http://localhost:9090/golfstore2/CreqNotification.jsp, #purchaseAmount#=100, #purchaseCurrency#=840, #purchaseDate#=20180928160450, #purchaseExponent#=2, #recurringExpiry#=#REMOVE#, #recurringFrequency#=#REMOVE#, #shipAddrCity#=San Jose, #shipAddrCountry#=840, #shipAddrLine1#=500 West Maude Ave, #shipAddrLine2#=ABC, #shipAddrLine3#=HMS, #shipAddrPostCode#=95101, #shipAddrState#=CA, #threeDSCompInd#=Y, #threeDSServerTransID#=, #wcc#=1, #wsubscriber#=1234567899, #threeDSRequestorAuthenticationInd#=01, #threeDSReqAuthData#=3DS PA Request, #threeDSReqAuthMethod#=02, #threeDSReqAuthTimestamp#=201809281603, #threeDSRequestorChallengeInd#=01, #threeDSRequestorID#=611, #threeDSRequestorName#=ew0KCSJEViI6ICIxLjAiLA0KCSJERCI6Iaa45, #threeDSReqPriorAuthData#=three DS Request Prior Authentication Data, #threeDSReqPriorAuthMethod#=01, #threeDSReqPriorAuthTimestamp#=201810010323, #threeDSReqPriorRef#=4c6453da-4c56-4980-98cd-d04a064899c4, #threeDSRequestorURL#=http://10.131.94.242:1080/content-server/api/tds2/txn/browser/v1/tds-method, #threeDSServerRefNumber#=AAAAAA123456789, #threeDSServerOperatorID#=serverOperatorID, #threeDSServerURL#=http://10.138.158.51:9608, #acquirerBIN#=123456, #acquirerMerchantID#=AcquirerMerchantID222, #payTokenInd#=true, #purchaseInstalData#=#REMOVE#, #mcc1#=0742, #merchantCountryCode#=840, #merchantName#=global, #deliveryEmailAddress#=harsh08@ca.com, #deliveryTimeframe#=01, #giftCardAmount#=500, #giftCardCount#=02, #giftCardCurr#=840, #preOrderDate#=20200803, #preOrderPurchaseInd#=01, #reorderItemsInd#=01, #shipIndicator#=01, #criticalityIndicator#=false, #id#=ID2018SEP282001, #name#=ShashishekharHM, #transType#=01, #threeDSRequestorAuthenticationInfo#=, #threeDSRequestorPriorAuthenticationInfo#=, #broadInfo#=, #broadInfoValue#=broadInfoValue, #acctInfo#=, #homePhone#=, #mobilePhone#=, #workPhone#=, #merchantRiskIndicator#=, #messageExtension#=, #Dvalue#=HMS, #Dvalue1#=HMS, #Dvalue2#=HMS}]]>
              </value>
            </param>
          </params>
          <reporter-output>
          </reporter-output>
        </test-method> <!-- testArequestAPI -->
        <test-method status="PASS" signature="afterMethodProcessing(org.testng.ITestResult)[pri:0, instance:com.ca.tds.main.TDSPreAreq_TC@544fe44c]" name="afterMethodProcessing" is-config="true" duration-ms="29" started-at="2020-01-22T09:16:05Z" finished-at="2020-01-22T09:16:05Z">
          <params>
            <param index="0">
              <value>
                <![CDATA[[TestResult name=testArequestAPI status=SUCCESS method=TDSPreAreq_TC.testArequestAPI(org.testng.ITestContext, java.util.Map)[pri:0, instance:com.ca.tds.main.TDSPreAreq_TC@544fe44c] output={null}]]]>
              </value>
            </param>
          </params>
          <reporter-output>
          </reporter-output>
        </test-method> <!-- afterMethodProcessing -->
        <test-method status="PASS" signature="AfterClass()[pri:0, instance:com.ca.tds.main.TDSPreAreq_TC@544fe44c]" name="AfterClass" is-config="true" duration-ms="0" started-at="2020-01-22T09:16:05Z" finished-at="2020-01-22T09:16:05Z">
          <reporter-output>
          </reporter-output>
        </test-method> <!-- AfterClass -->
        <test-method status="PASS" signature="AfterTestClass()[pri:0, instance:com.ca.tds.main.TDSPreAreq_TC@544fe44c]" name="AfterTestClass" is-config="true" duration-ms="1" started-at="2020-01-22T09:16:05Z" finished-at="2020-01-22T09:16:05Z">
          <reporter-output>
          </reporter-output>
        </test-method> <!-- AfterTestClass -->
      </class> <!-- com.ca.tds.main.TDSPreAreq_TC -->
    </test> <!-- MASTERC::Clear Card::Browser::AReq flow -->
    <test name="VISA::Clear Card::Browser::AReq flow" duration-ms="831" started-at="2020-01-22T09:16:05Z" finished-at="2020-01-22T09:16:05Z">
      <class name="com.ca.tds.main.TDSPreAreq_TC">
        <test-method status="PASS" signature="beforeSuite(org.testng.ITestContext)[pri:0, instance:com.ca.tds.main.TDSPreAreq_TC@66480dd7]" name="beforeSuite" is-config="true" duration-ms="2690" started-at="2020-01-22T09:15:59Z" finished-at="2020-01-22T09:16:02Z">
          <params>
            <param index="0">
              <value>
                <![CDATA[org.testng.TestRunner@7787eb7d]]>
              </value>
            </param>
          </params>
          <reporter-output>
          </reporter-output>
        </test-method> <!-- beforeSuite -->
        <test-method status="PASS" signature="beforeTestClass()[pri:0, instance:com.ca.tds.main.TDSPreAreq_TC@66480dd7]" name="beforeTestClass" is-config="true" duration-ms="0" started-at="2020-01-22T09:16:05Z" finished-at="2020-01-22T09:16:05Z">
          <reporter-output>
          </reporter-output>
        </test-method> <!-- beforeTestClass -->
        <test-method status="PASS" signature="BeforeClass()[pri:0, instance:com.ca.tds.main.TDSPreAreq_TC@66480dd7]" name="BeforeClass" is-config="true" duration-ms="0" started-at="2020-01-22T09:16:05Z" finished-at="2020-01-22T09:16:05Z">
          <reporter-output>
          </reporter-output>
        </test-method> <!-- BeforeClass -->
        <test-method status="PASS" signature="testArequestAPI(org.testng.ITestContext, java.util.Map)[pri:0, instance:com.ca.tds.main.TDSPreAreq_TC@66480dd7]" name="testArequestAPI" duration-ms="693" started-at="2020-01-22T09:16:05Z" data-provider="DataProvider3dsTestData" finished-at="2020-01-22T09:16:05Z">
          <params>
            <param index="0">
              <value>
                <![CDATA[org.testng.TestRunner@7787eb7d]]>
              </value>
            </param>
            <param index="1">
              <value>
                <![CDATA[{TestCaseID=_V001, TestCaseName=_SanityFrictionless_Sample Valid Areq Request, SanityFlag=Y, Test Case type=P, RequirementID=, FieldName=, Expected-cardholderInfo=NA, Expected-creq=NA, Expected-transStatusReason=NA, Expected-authenticationValue=G, Expected-authenticationType=NA, Expected-acsURL=NA, Expected-acsOperatorID=ACS_OPERATOR_ID, Expected-acsChallengeMandated=NA, Expected-callerTxnRefID=G, Expected-threeDSServerTransID=G, Expected-dsTransID=G, Expected-acsTransID=G, Expected-eci=G, Expected-messageType=ARes, Expected-dsName=visa, Expected-messageVersion=2.1.0, Expected-dsReferenceNumber=DsReferenceNumber, Expected-acsReferenceNumber=ABCDEF987654321, Expected-transStatus=Y, Expected-errorCode=NA, Expected-errorComponent=NA, Expected-errorDescription=NA, Expected-errorDetail=NA, #browserJavascriptEnabled#=true, #challengeWindowSize#=04, #callerTxnRefID#=341b7153-da86-4543-860f-2ba47f0168a5, #caMerchantID#=MTD000000, #acctID#=ACCTID98X3fw3, #chAccAgeInd#=02, #chAccChange#=20180928, #chAccChangeInd#=02, #chAccDate#=20180928, #chAccPwChange#=20180901, #chAccPwChangeInd#=01, #nbPurchaseAccount#=8, #paymentAccAge#=20180808, #paymentAccInd#=01, #provisionAttemptsDay#=1, #shipAddressUsage#=20180910, #shipAddressUsageInd#=03, #shipNameIndicator#=01, #suspiciousAccActivity#=01, #txnActivityDay#=5, #txnActivityYear#=8, #acctNumber#=7UpZZndm5dmKnbhUtEVIl30b+B4lVwi6GEN5VUyxoT2QF9+gY5Ar1+tjBZys9AJyUW2vqz902epcr0Rkmr0sT/OlSvUOEc7gOEbVavO6KvHkRQchwOcaB3rwMDwhcZqsumgzyYwPWqBwAAtbIF+L1Lw7NyL9nYLl3O4ZHDyfNbdgBW5ZuNXWS2j+zhNabX1qmOv4NvdzdEV4iAlgc6YSsJ2RiOa3uyOXpLxzLtFSELhmZBO92W88+uSz/J7kMj5F7sAvkgULVYpptMi//3QaRAPLbtWtG7fWWuJuoAXMAuZeSzh2n7nL7COGeuipY7HjUEFov36gYDQL81FX219iew==, #acctType#=01, #addrMatch#=Y, #billAddrCity#=San Jose, #billAddrCountry#=840, #billAddrLine1#=500 West Maude Ave, #billAddrLine2#=ABC, #billAddrLine3#=HMS, #billAddrPostCode#=95101, #billAddrState#=CA, #browserAcceptHeader#=text/html,application/xhtml+xml,application/xml;q=0.9,image/webp,image/apng,*/*;q=0.8, #browserColorDepth#=24, #browserIP#=155.35.122.4, #browserJavaEnabled#=true, #browserLanguage#=en-US, #browserScreenHeight#=720, #browserScreenWidth#=1280, #browserTZ#=-330, #browserUserAgent#=Mozilla/5.0 (Windows NT 10.0; Win64; x64) AppleWebKit/537.36 (KHTML, like Gecko) Chrome/68.0.3440.84 Safari/537.36, #cardExpiryDate#=2008, #cardholderName#=Stephen, #deviceChannel#=02, #email#=harsh08@ca.com, #hcc#=1, #hsubscriber#=1234567899, #messageCategory#=01, #messageType#=AReq, #messageVersion#=2.1.0, #mcc#=1, #msubscriber#=1234567899, #notificationURL#=http://localhost:9090/golfstore2/CreqNotification.jsp, #purchaseAmount#=100, #purchaseCurrency#=840, #purchaseDate#=20180928160450, #purchaseExponent#=2, #recurringExpiry#=#REMOVE#, #recurringFrequency#=#REMOVE#, #shipAddrCity#=San Jose, #shipAddrCountry#=840, #shipAddrLine1#=500 West Maude Ave, #shipAddrLine2#=ABC, #shipAddrLine3#=HMS, #shipAddrPostCode#=95101, #shipAddrState#=CA, #threeDSCompInd#=Y, #threeDSServerTransID#=, #wcc#=1, #wsubscriber#=1234567899, #threeDSRequestorAuthenticationInd#=01, #threeDSReqAuthData#=3DS PA Request, #threeDSReqAuthMethod#=02, #threeDSReqAuthTimestamp#=201809281603, #threeDSRequestorChallengeInd#=01, #threeDSRequestorID#=611, #threeDSRequestorName#=ew0KCSJEViI6ICIxLjAiLA0KCSJERCI6Iaa45, #threeDSReqPriorAuthData#=three DS Request Prior Authentication Data, #threeDSReqPriorAuthMethod#=01, #threeDSReqPriorAuthTimestamp#=201810010323, #threeDSReqPriorRef#=4c6453da-4c56-4980-98cd-d04a064899c4, #threeDSRequestorURL#=http://10.131.94.242:1080/content-server/api/tds2/txn/browser/v1/tds-method, #threeDSServerRefNumber#=AAAAAA123456789, #threeDSServerOperatorID#=serverOperatorID, #threeDSServerURL#=http://10.138.158.51:9608, #acquirerBIN#=123456, #acquirerMerchantID#=AcquirerMerchantID222, #payTokenInd#=true, #purchaseInstalData#=#REMOVE#, #mcc1#=0742, #merchantCountryCode#=840, #merchantName#=global, #deliveryEmailAddress#=harsh08@ca.com, #deliveryTimeframe#=01, #giftCardAmount#=500, #giftCardCount#=02, #giftCardCurr#=840, #preOrderDate#=20200803, #preOrderPurchaseInd#=01, #reorderItemsInd#=01, #shipIndicator#=01, #criticalityIndicator#=false, #id#=ID2018SEP282001, #name#=ShashishekharHM, #transType#=01, #threeDSRequestorAuthenticationInfo#=, #threeDSRequestorPriorAuthenticationInfo#=, #broadInfo#=, #broadInfoValue#=broadInfoValue, #acctInfo#=, #homePhone#=, #mobilePhone#=, #workPhone#=, #merchantRiskIndicator#=, #messageExtension#=, #Dvalue#=HMS, #Dvalue1#=HMS, #Dvalue2#=HMS}]]>
              </value>
            </param>
          </params>
          <reporter-output>
          </reporter-output>
        </test-method> <!-- testArequestAPI -->
        <test-method status="PASS" signature="afterMethodProcessing(org.testng.ITestResult)[pri:0, instance:com.ca.tds.main.TDSPreAreq_TC@66480dd7]" name="afterMethodProcessing" is-config="true" duration-ms="54" started-at="2020-01-22T09:16:05Z" finished-at="2020-01-22T09:16:05Z">
          <params>
            <param index="0">
              <value>
                <![CDATA[[TestResult name=testArequestAPI status=SUCCESS method=TDSPreAreq_TC.testArequestAPI(org.testng.ITestContext, java.util.Map)[pri:0, instance:com.ca.tds.main.TDSPreAreq_TC@66480dd7] output={null}]]]>
              </value>
            </param>
          </params>
          <reporter-output>
          </reporter-output>
        </test-method> <!-- afterMethodProcessing -->
        <test-method status="PASS" signature="AfterClass()[pri:0, instance:com.ca.tds.main.TDSPreAreq_TC@66480dd7]" name="AfterClass" is-config="true" duration-ms="0" started-at="2020-01-22T09:16:05Z" finished-at="2020-01-22T09:16:05Z">
          <reporter-output>
          </reporter-output>
        </test-method> <!-- AfterClass -->
        <test-method status="PASS" signature="AfterTestClass()[pri:0, instance:com.ca.tds.main.TDSPreAreq_TC@66480dd7]" name="AfterTestClass" is-config="true" duration-ms="0" started-at="2020-01-22T09:16:05Z" finished-at="2020-01-22T09:16:05Z">
          <reporter-output>
          </reporter-output>
        </test-method> <!-- AfterTestClass -->
        <test-method status="PASS" signature="endSuite()[pri:0, instance:com.ca.tds.main.TDSPreAreq_TC@66480dd7]" name="endSuite" is-config="true" duration-ms="24" started-at="2020-01-22T09:16:05Z" finished-at="2020-01-22T09:16:05Z">
          <reporter-output>
          </reporter-output>
        </test-method> <!-- endSuite -->
      </class> <!-- com.ca.tds.main.TDSPreAreq_TC -->
    </test> <!-- VISA::Clear Card::Browser::AReq flow -->
  </suite> <!-- SanityFrictionLess -->
  <suite name="SanityChallengeflow" duration-ms="7705" started-at="2020-01-22T09:16:06Z" finished-at="2020-01-22T09:16:13Z">
    <groups>
    </groups>
    <test name="AMEX::Clear Card::Browser::AReq flow" duration-ms="1000" started-at="2020-01-22T09:16:06Z" finished-at="2020-01-22T09:16:07Z">
      <class name="com.ca.tds.main.TDSPreAreq_TC">
        <test-method status="PASS" signature="beforeTestClass()[pri:0, instance:com.ca.tds.main.TDSPreAreq_TC@2ac273d3]" name="beforeTestClass" is-config="true" duration-ms="0" started-at="2020-01-22T09:16:06Z" finished-at="2020-01-22T09:16:06Z">
          <reporter-output>
          </reporter-output>
        </test-method> <!-- beforeTestClass -->
        <test-method status="PASS" signature="BeforeClass()[pri:0, instance:com.ca.tds.main.TDSPreAreq_TC@2ac273d3]" name="BeforeClass" is-config="true" duration-ms="1" started-at="2020-01-22T09:16:06Z" finished-at="2020-01-22T09:16:06Z">
          <reporter-output>
          </reporter-output>
        </test-method> <!-- BeforeClass -->
        <test-method status="PASS" signature="testArequestAPI(org.testng.ITestContext, java.util.Map)[pri:0, instance:com.ca.tds.main.TDSPreAreq_TC@2ac273d3]" name="testArequestAPI" duration-ms="726" started-at="2020-01-22T09:16:06Z" data-provider="DataProvider3dsTestData" finished-at="2020-01-22T09:16:07Z">
          <params>
            <param index="0">
              <value>
                <![CDATA[org.testng.TestRunner@75a47ede]]>
              </value>
            </param>
            <param index="1">
              <value>
                <![CDATA[{TestCaseID=_S001, TestCaseName=_SanityChallenge_AReq_AMEX_For_Verify_TC001, SanityFlag=Y, Test Case type=P, RequirementID=, FieldName=, Expected-cardholderInfo=NA, Expected-creq=G, Expected-transStatusReason=NA, Expected-authenticationValue=NA, Expected-authenticationType=G, Expected-acsURL=G, Expected-acsOperatorID=ACS_OPERATOR_ID, Expected-acsChallengeMandated=G, Expected-callerTxnRefID=G, Expected-threeDSServerTransID=G, Expected-dsTransID=G, Expected-acsTransID=G, Expected-eci=NA, Expected-messageType=ARes, Expected-dsName=amex, Expected-messageVersion=2.1.0, Expected-dsReferenceNumber=DsReferenceNumber, Expected-acsReferenceNumber=ABCDEF987654321, Expected-transStatus=C, Expected-errorCode=NA, Expected-errorComponent=NA, Expected-errorDescription=NA, Expected-errorDetail=NA, #browserJavascriptEnabled#=true, #challengeWindowSize#=04, #callerTxnRefID#=341b7153-da86-4543-860f-2ba47f0168a5, #caMerchantID#=MTD000000, #acctID#=ACCTID98X3fw3, #chAccAgeInd#=02, #chAccChange#=20180928, #chAccChangeInd#=02, #chAccDate#=20180928, #chAccPwChange#=20180901, #chAccPwChangeInd#=01, #nbPurchaseAccount#=8, #paymentAccAge#=20180808, #paymentAccInd#=01, #provisionAttemptsDay#=1, #shipAddressUsage#=20180910, #shipAddressUsageInd#=03, #shipNameIndicator#=01, #suspiciousAccActivity#=01, #txnActivityDay#=5, #txnActivityYear#=8, #acctNumber#=4Abuomi9LgxCa7vPYSbXHlv9jX754ALLUd7WxKwnrLZln1vr0ZVO/ahzu6fQh6YLuA3+1M4JoV4oFRd5cPK2lml3yytggURxMETgAx3fb8CMT/YXCYDSzZ+m1ghc+3FtmSFENHIKm3cAoIJBNOGC0VpXdEr5p/3XBdYsXlaODLnQdIZtNAdWIE0ihy6VIcwAlJox+tarG37G0WbEM9lZZcIBH9cXs7IXayzAA5RpynHPOkrs5H5JZ2aIt5B1OuBe1fVcylt66j9OSfQ2apT9bbr0NFgME+Hsn490Z7RhvcGiM7khgaaNkw756VP/1CjKYsTzzhZIt0g31B6vvYdNaw==, #acctType#=01, #addrMatch#=Y, #billAddrCity#=San Jose, #billAddrCountry#=840, #billAddrLine1#=500 West Maude Ave, #billAddrLine2#=ABC, #billAddrLine3#=HMS, #billAddrPostCode#=95101, #billAddrState#=CA, #browserAcceptHeader#=text/html,application/xhtml+xml,application/xml;q=0.9,image/webp,image/apng,*/*;q=0.8, #browserColorDepth#=24, #browserIP#=155.35.122.4, #browserJavaEnabled#=true, #browserLanguage#=en-US, #browserScreenHeight#=720, #browserScreenWidth#=1280, #browserTZ#=-330, #browserUserAgent#=Mozilla/5.0 (Windows NT 10.0; Win64; x64) AppleWebKit/537.36 (KHTML, like Gecko) Chrome/68.0.3440.84 Safari/537.36, #cardExpiryDate#=2008, #cardholderName#=Stephen, #deviceChannel#=02, #email#=harsh08@ca.com, #hcc#=1, #hsubscriber#=1234567899, #messageCategory#=01, #messageType#=AReq, #messageVersion#=2.1.0, #mcc#=1, #msubscriber#=1234567899, #notificationURL#=http://localhost:9090/golfstore2/CreqNotification.jsp, #purchaseAmount#=35000, #purchaseCurrency#=840, #purchaseDate#=20180928160450, #purchaseExponent#=2, #recurringExpiry#=#REMOVE#, #recurringFrequency#=#REMOVE#, #shipAddrCity#=San Jose, #shipAddrCountry#=840, #shipAddrLine1#=500 West Maude Ave, #shipAddrLine2#=ABC, #shipAddrLine3#=HMS, #shipAddrPostCode#=95101, #shipAddrState#=CA, #threeDSCompInd#=Y, #threeDSServerTransID#=, #wcc#=1, #wsubscriber#=1234567899, #threeDSRequestorAuthenticationInd#=01, #threeDSReqAuthData#=3DS PA Request, #threeDSReqAuthMethod#=02, #threeDSReqAuthTimestamp#=201809281603, #threeDSRequestorChallengeInd#=01, #threeDSRequestorID#=611, #threeDSRequestorName#=ew0KCSJEViI6ICIxLjAiLA0KCSJERCI6Iaa45, #threeDSReqPriorAuthData#=three DS Request Prior Authentication Data, #threeDSReqPriorAuthMethod#=01, #threeDSReqPriorAuthTimestamp#=201810010323, #threeDSReqPriorRef#=4c6453da-4c56-4980-98cd-d04a064899c4, #threeDSRequestorURL#=http://10.131.94.242:1080/content-server/api/tds2/txn/browser/v1/tds-method, #threeDSServerRefNumber#=AAAAAA123456789, #threeDSServerOperatorID#=serverOperatorID, #threeDSServerURL#=http://10.138.158.51:9608, #acquirerBIN#=123456, #acquirerMerchantID#=AcquirerMerchantID222, #payTokenInd#=true, #purchaseInstalData#=#REMOVE#, #mcc1#=0742, #merchantCountryCode#=840, #merchantName#=global, #deliveryEmailAddress#=harsh08@ca.com, #deliveryTimeframe#=01, #giftCardAmount#=500, #giftCardCount#=02, #giftCardCurr#=840, #preOrderDate#=20200803, #preOrderPurchaseInd#=01, #reorderItemsInd#=01, #shipIndicator#=01, #criticalityIndicator#=false, #id#=ID2018SEP282001, #name#=ShashishekharHM, #transType#=01, #threeDSRequestorAuthenticationInfo#=, #threeDSRequestorPriorAuthenticationInfo#=, #broadInfo#=, #broadInfoValue#=broadInfoValue, #acctInfo#=, #homePhone#=, #mobilePhone#=, #workPhone#=, #merchantRiskIndicator#=, #messageExtension#=, #Dvalue#=HMS, #Dvalue1#=HMS, #Dvalue2#=HMS}]]>
              </value>
            </param>
          </params>
          <reporter-output>
          </reporter-output>
        </test-method> <!-- testArequestAPI -->
        <test-method status="PASS" signature="afterMethodProcessing(org.testng.ITestResult)[pri:0, instance:com.ca.tds.main.TDSPreAreq_TC@2ac273d3]" name="afterMethodProcessing" is-config="true" duration-ms="26" started-at="2020-01-22T09:16:07Z" finished-at="2020-01-22T09:16:07Z">
          <params>
            <param index="0">
              <value>
                <![CDATA[[TestResult name=testArequestAPI status=SUCCESS method=TDSPreAreq_TC.testArequestAPI(org.testng.ITestContext, java.util.Map)[pri:0, instance:com.ca.tds.main.TDSPreAreq_TC@2ac273d3] output={null}]]]>
              </value>
            </param>
          </params>
          <reporter-output>
          </reporter-output>
        </test-method> <!-- afterMethodProcessing -->
        <test-method status="PASS" signature="AfterClass()[pri:0, instance:com.ca.tds.main.TDSPreAreq_TC@2ac273d3]" name="AfterClass" is-config="true" duration-ms="0" started-at="2020-01-22T09:16:07Z" finished-at="2020-01-22T09:16:07Z">
          <reporter-output>
          </reporter-output>
        </test-method> <!-- AfterClass -->
        <test-method status="PASS" signature="AfterTestClass()[pri:0, instance:com.ca.tds.main.TDSPreAreq_TC@2ac273d3]" name="AfterTestClass" is-config="true" duration-ms="0" started-at="2020-01-22T09:16:07Z" finished-at="2020-01-22T09:16:07Z">
          <reporter-output>
          </reporter-output>
        </test-method> <!-- AfterTestClass -->
      </class> <!-- com.ca.tds.main.TDSPreAreq_TC -->
    </test> <!-- AMEX::Clear Card::Browser::AReq flow -->
    <test name="AMEX::Clear Card::Browser::RReq flow" duration-ms="650" started-at="2020-01-22T09:16:07Z" finished-at="2020-01-22T09:16:07Z">
      <class name="com.ca.tds.main.TDSRReq_TC">
        <test-method status="PASS" signature="beforeTestClass()[pri:0, instance:com.ca.tds.main.TDSRReq_TC@6d7b4f4c]" name="beforeTestClass" is-config="true" duration-ms="0" started-at="2020-01-22T09:16:07Z" finished-at="2020-01-22T09:16:07Z">
          <reporter-output>
          </reporter-output>
        </test-method> <!-- beforeTestClass -->
        <test-method status="PASS" signature="BeforeClass()[pri:0, instance:com.ca.tds.main.TDSRReq_TC@6d7b4f4c]" name="BeforeClass" is-config="true" duration-ms="0" started-at="2020-01-22T09:16:07Z" finished-at="2020-01-22T09:16:07Z">
          <reporter-output>
          </reporter-output>
        </test-method> <!-- BeforeClass -->
        <test-method status="PASS" signature="testRRequestAPI(org.testng.ITestContext, java.util.Map)[pri:0, instance:com.ca.tds.main.TDSRReq_TC@6d7b4f4c]" name="testRRequestAPI" duration-ms="550" started-at="2020-01-22T09:16:07Z" data-provider="DataProvider3dsTestData" finished-at="2020-01-22T09:16:07Z">
          <params>
            <param index="0">
              <value>
                <![CDATA[org.testng.TestRunner@2dcfb1f4]]>
              </value>
            </param>
            <param index="1">
              <value>
                <![CDATA[{TestCaseID=_S001, TestCaseName=_SanityChallenge_RReq_For_Verify_TC001, SanityFlag=Y, Test Case type=P, RequirementID=, FieldName=, Expected-threeDSServerTransID=G, Expected-dsTransID=G, Expected-acsTransID=G, Expected-messageExtension=G, Expected-messageType=RRes, Expected-messageVersion=2.1.0, Expected-resultsStatus=G, Expected-errorCode=NA, Expected-errorComponent=NA, Expected-errorDescription=NA, Expected-errorDetail=NA, #acsTransID#=, #authenticationType#=, #challengeCancel#=#REMOVE#, #dsTransID#=, #eci#=#REMOVE#, #interactionCounter#=01, #messageCategory#=01, #messageType#=RReq, #messageVersion#=, #threeDSServerTransID#=, #transStatus#=Y, #transStatusReason#=#REMOVE#, #criticalityIndicator#=false, #Dvalue#=HMS, #Dvalue1#=HMS, #Dvalue2#=HMS, #id#=ID2019JAN240101, #name#=ShashishekharHM, #authenticationValue#=AJkCCBFHJhl3gGhDA0cmAAAAAAA=}]]>
              </value>
            </param>
          </params>
          <reporter-output>
          </reporter-output>
        </test-method> <!-- testRRequestAPI -->
        <test-method status="PASS" signature="afterMethodProcessing(org.testng.ITestResult)[pri:0, instance:com.ca.tds.main.TDSRReq_TC@6d7b4f4c]" name="afterMethodProcessing" is-config="true" duration-ms="27" started-at="2020-01-22T09:16:07Z" finished-at="2020-01-22T09:16:07Z">
          <params>
            <param index="0">
              <value>
                <![CDATA[[TestResult name=testRRequestAPI status=SUCCESS method=TDSRReq_TC.testRRequestAPI(org.testng.ITestContext, java.util.Map)[pri:0, instance:com.ca.tds.main.TDSRReq_TC@6d7b4f4c] output={null}]]]>
              </value>
            </param>
          </params>
          <reporter-output>
          </reporter-output>
        </test-method> <!-- afterMethodProcessing -->
        <test-method status="PASS" signature="AfterClass()[pri:0, instance:com.ca.tds.main.TDSRReq_TC@6d7b4f4c]" name="AfterClass" is-config="true" duration-ms="0" started-at="2020-01-22T09:16:07Z" finished-at="2020-01-22T09:16:07Z">
          <reporter-output>
          </reporter-output>
        </test-method> <!-- AfterClass -->
        <test-method status="PASS" signature="AfterTestClass()[pri:0, instance:com.ca.tds.main.TDSRReq_TC@6d7b4f4c]" name="AfterTestClass" is-config="true" duration-ms="0" started-at="2020-01-22T09:16:07Z" finished-at="2020-01-22T09:16:07Z">
          <reporter-output>
          </reporter-output>
        </test-method> <!-- AfterTestClass -->
      </class> <!-- com.ca.tds.main.TDSRReq_TC -->
    </test> <!-- AMEX::Clear Card::Browser::RReq flow -->
    <test name="AMEX::Clear Card::Browser::VerifyAPI flow" duration-ms="2226" started-at="2020-01-22T09:16:07Z" finished-at="2020-01-22T09:16:09Z">
      <class name="com.ca.tds.main.TDSVerifyAPI_TC">
        <test-method status="PASS" signature="beforeTestClass()[pri:0, instance:com.ca.tds.main.TDSVerifyAPI_TC@6536e911]" name="beforeTestClass" is-config="true" duration-ms="0" started-at="2020-01-22T09:16:07Z" finished-at="2020-01-22T09:16:07Z">
          <reporter-output>
          </reporter-output>
        </test-method> <!-- beforeTestClass -->
        <test-method status="PASS" signature="BeforeClass()[pri:0, instance:com.ca.tds.main.TDSVerifyAPI_TC@6536e911]" name="BeforeClass" is-config="true" duration-ms="0" started-at="2020-01-22T09:16:07Z" finished-at="2020-01-22T09:16:07Z">
          <reporter-output>
          </reporter-output>
        </test-method> <!-- BeforeClass -->
        <test-method status="PASS" signature="testArequestAPI(org.testng.ITestContext, java.util.Map)[pri:0, instance:com.ca.tds.main.TDSVerifyAPI_TC@6536e911]" name="testArequestAPI" duration-ms="2129" started-at="2020-01-22T09:16:07Z" data-provider="DataProvider3dsTestData" finished-at="2020-01-22T09:16:09Z">
          <params>
            <param index="0">
              <value>
                <![CDATA[org.testng.TestRunner@48531ce2]]>
              </value>
            </param>
            <param index="1">
              <value>
                <![CDATA[{TestCaseID=_S001, TestCaseName=_SanityChallenge_Sample Valid Verify Request, SanityFlag=Y, Test Case type=P, RequirementID=, FieldName=, Expected-threeDSServerTransID=G, Expected-callerTxnRefID=G, Expected-eci=G, Expected-authenticationValue=G, Expected-transStatus=G, Expected-transStatusReason=G, Expected-challengeCancel=G, Expected-resultsStatus=G, Expected-authenticationType=G, Expected-interactionCounter=G, Expected-messageType=RSRs, Expected-XID=G, Expected-errorCode=NA, Expected-errorComponent=NA, Expected-errorDescription=NA, Expected-errorDetail=NA, #threeDSServerTransID#=, #callerTxnRefID#=341b7153-da86-4543-860f-2ba47f0168a5, #cres#=, #messageType#=RSRq, #caMerchantID#=CA_EU, #transStatus#=Y}]]>
              </value>
            </param>
          </params>
          <reporter-output>
          </reporter-output>
        </test-method> <!-- testArequestAPI -->
        <test-method status="PASS" signature="afterMethodProcessing(org.testng.ITestResult)[pri:0, instance:com.ca.tds.main.TDSVerifyAPI_TC@6536e911]" name="afterMethodProcessing" is-config="true" duration-ms="22" started-at="2020-01-22T09:16:09Z" finished-at="2020-01-22T09:16:09Z">
          <params>
            <param index="0">
              <value>
                <![CDATA[[TestResult name=testArequestAPI status=SUCCESS method=TDSVerifyAPI_TC.testArequestAPI(org.testng.ITestContext, java.util.Map)[pri:0, instance:com.ca.tds.main.TDSVerifyAPI_TC@6536e911] output={null}]]]>
              </value>
            </param>
          </params>
          <reporter-output>
          </reporter-output>
        </test-method> <!-- afterMethodProcessing -->
        <test-method status="PASS" signature="AfterClass()[pri:0, instance:com.ca.tds.main.TDSVerifyAPI_TC@6536e911]" name="AfterClass" is-config="true" duration-ms="0" started-at="2020-01-22T09:16:09Z" finished-at="2020-01-22T09:16:09Z">
          <reporter-output>
          </reporter-output>
        </test-method> <!-- AfterClass -->
        <test-method status="PASS" signature="AfterTestClass()[pri:0, instance:com.ca.tds.main.TDSVerifyAPI_TC@6536e911]" name="AfterTestClass" is-config="true" duration-ms="0" started-at="2020-01-22T09:16:09Z" finished-at="2020-01-22T09:16:09Z">
          <reporter-output>
          </reporter-output>
        </test-method> <!-- AfterTestClass -->
      </class> <!-- com.ca.tds.main.TDSVerifyAPI_TC -->
    </test> <!-- AMEX::Clear Card::Browser::VerifyAPI flow -->
    <test name="MasterCard::Clear Card::Browser::AReq flow" duration-ms="672" started-at="2020-01-22T09:16:10Z" finished-at="2020-01-22T09:16:10Z">
      <class name="com.ca.tds.main.TDSPreAreq_TC">
        <test-method status="PASS" signature="beforeTestClass()[pri:0, instance:com.ca.tds.main.TDSPreAreq_TC@67784306]" name="beforeTestClass" is-config="true" duration-ms="0" started-at="2020-01-22T09:16:10Z" finished-at="2020-01-22T09:16:10Z">
          <reporter-output>
          </reporter-output>
        </test-method> <!-- beforeTestClass -->
        <test-method status="PASS" signature="BeforeClass()[pri:0, instance:com.ca.tds.main.TDSPreAreq_TC@67784306]" name="BeforeClass" is-config="true" duration-ms="0" started-at="2020-01-22T09:16:10Z" finished-at="2020-01-22T09:16:10Z">
          <reporter-output>
          </reporter-output>
        </test-method> <!-- BeforeClass -->
        <test-method status="PASS" signature="testArequestAPI(org.testng.ITestContext, java.util.Map)[pri:0, instance:com.ca.tds.main.TDSPreAreq_TC@67784306]" name="testArequestAPI" duration-ms="582" started-at="2020-01-22T09:16:10Z" data-provider="DataProvider3dsTestData" finished-at="2020-01-22T09:16:10Z">
          <params>
            <param index="0">
              <value>
                <![CDATA[org.testng.TestRunner@59f22428]]>
              </value>
            </param>
            <param index="1">
              <value>
                <![CDATA[{TestCaseID=_S001, TestCaseName=_SanityChallenge_AReq_MC_For_Verify_TC001, SanityFlag=Y, Test Case type=P, RequirementID=, FieldName=, Expected-cardholderInfo=NA, Expected-creq=G, Expected-transStatusReason=NA, Expected-authenticationValue=NA, Expected-authenticationType=G, Expected-acsURL=G, Expected-acsOperatorID=ACS_OPERATOR_ID, Expected-acsChallengeMandated=G, Expected-callerTxnRefID=G, Expected-threeDSServerTransID=G, Expected-dsTransID=G, Expected-acsTransID=G, Expected-eci=NA, Expected-messageType=ARes, Expected-dsName=mastercard, Expected-messageVersion=2.1.0, Expected-dsReferenceNumber=DsReferenceNumber, Expected-acsReferenceNumber=ABCDEF987654321, Expected-transStatus=C, Expected-errorCode=NA, Expected-errorComponent=NA, Expected-errorDescription=NA, Expected-errorDetail=NA, #browserJavascriptEnabled#=true, #challengeWindowSize#=04, #callerTxnRefID#=341b7153-da86-4543-860f-2ba47f0168a5, #caMerchantID#=MTD000000, #acctID#=ACCTID98X3fw3, #chAccAgeInd#=02, #chAccChange#=20180928, #chAccChangeInd#=02, #chAccDate#=20180928, #chAccPwChange#=20180901, #chAccPwChangeInd#=01, #nbPurchaseAccount#=8, #paymentAccAge#=20180808, #paymentAccInd#=01, #provisionAttemptsDay#=1, #shipAddressUsage#=20180910, #shipAddressUsageInd#=03, #shipNameIndicator#=01, #suspiciousAccActivity#=01, #txnActivityDay#=5, #txnActivityYear#=8, #acctNumber#=JMbbVk4F0nKs0mF3FrPbEgEf+VlyONcTIhvTubOI7xH1J0d1kIdnjMwECYYUQ7DmCgFJYyH8zPh1nLRuWjL98PwvfJiKuzCB5iCs7MRghqdsJWZ0yzYZuE3HunQj+pd+55Hq+y+Svaqqxek41OTNKvr2gw7EeXUD4zRSQ6EVHQ/KezdYJy7sAze7fh4hOW0QdHUpZMPmBRtonkcJNBepEEDhWVqGDWz290xdt8nbNtwt9NNNVBZSGqZA3A8QrFiI3pOGP+8ql9qvcMn/rxFfaQInIFdo8Ig0BuowLINFvfop5uQ4vLSZX0e14VhKlTAdGu5cl/rWU85Ch6eFaidxfw==, #acctType#=01, #addrMatch#=Y, #billAddrCity#=San Jose, #billAddrCountry#=840, #billAddrLine1#=500 West Maude Ave, #billAddrLine2#=ABC, #billAddrLine3#=HMS, #billAddrPostCode#=95101, #billAddrState#=CA, #browserAcceptHeader#=text/html,application/xhtml+xml,application/xml;q=0.9,image/webp,image/apng,*/*;q=0.8, #browserColorDepth#=24, #browserIP#=155.35.122.4, #browserJavaEnabled#=true, #browserLanguage#=en-US, #browserScreenHeight#=720, #browserScreenWidth#=1280, #browserTZ#=-330, #browserUserAgent#=Mozilla/5.0 (Windows NT 10.0; Win64; x64) AppleWebKit/537.36 (KHTML, like Gecko) Chrome/68.0.3440.84 Safari/537.36, #cardExpiryDate#=2008, #cardholderName#=Stephen, #deviceChannel#=02, #email#=harsh08@ca.com, #hcc#=1, #hsubscriber#=1234567899, #messageCategory#=01, #messageType#=AReq, #messageVersion#=2.1.0, #mcc#=1, #msubscriber#=1234567899, #notificationURL#=http://localhost:9090/golfstore2/CreqNotification.jsp, #purchaseAmount#=35000, #purchaseCurrency#=840, #purchaseDate#=20180928160450, #purchaseExponent#=2, #recurringExpiry#=#REMOVE#, #recurringFrequency#=#REMOVE#, #shipAddrCity#=San Jose, #shipAddrCountry#=840, #shipAddrLine1#=500 West Maude Ave, #shipAddrLine2#=ABC, #shipAddrLine3#=HMS, #shipAddrPostCode#=95101, #shipAddrState#=CA, #threeDSCompInd#=Y, #threeDSServerTransID#=, #wcc#=1, #wsubscriber#=1234567899, #threeDSRequestorAuthenticationInd#=01, #threeDSReqAuthData#=3DS PA Request, #threeDSReqAuthMethod#=02, #threeDSReqAuthTimestamp#=201809281603, #threeDSRequestorChallengeInd#=01, #threeDSRequestorID#=611, #threeDSRequestorName#=ew0KCSJEViI6ICIxLjAiLA0KCSJERCI6Iaa45, #threeDSReqPriorAuthData#=three DS Request Prior Authentication Data, #threeDSReqPriorAuthMethod#=01, #threeDSReqPriorAuthTimestamp#=201810010323, #threeDSReqPriorRef#=4c6453da-4c56-4980-98cd-d04a064899c4, #threeDSRequestorURL#=http://10.131.94.242:1080/content-server/api/tds2/txn/browser/v1/tds-method, #threeDSServerRefNumber#=AAAAAA123456789, #threeDSServerOperatorID#=serverOperatorID, #threeDSServerURL#=http://10.138.158.51:9608, #acquirerBIN#=123456, #acquirerMerchantID#=AcquirerMerchantID222, #payTokenInd#=true, #purchaseInstalData#=#REMOVE#, #mcc1#=0742, #merchantCountryCode#=840, #merchantName#=global, #deliveryEmailAddress#=harsh08@ca.com, #deliveryTimeframe#=01, #giftCardAmount#=500, #giftCardCount#=02, #giftCardCurr#=840, #preOrderDate#=20200803, #preOrderPurchaseInd#=01, #reorderItemsInd#=01, #shipIndicator#=01, #criticalityIndicator#=false, #id#=ID2018SEP282001, #name#=ShashishekharHM, #transType#=01, #threeDSRequestorAuthenticationInfo#=, #threeDSRequestorPriorAuthenticationInfo#=, #broadInfo#=, #broadInfoValue#=broadInfoValue, #acctInfo#=, #homePhone#=, #mobilePhone#=, #workPhone#=, #merchantRiskIndicator#=, #messageExtension#=, #Dvalue#=HMS, #Dvalue1#=HMS, #Dvalue2#=HMS}]]>
              </value>
            </param>
          </params>
          <reporter-output>
          </reporter-output>
        </test-method> <!-- testArequestAPI -->
        <test-method status="PASS" signature="afterMethodProcessing(org.testng.ITestResult)[pri:0, instance:com.ca.tds.main.TDSPreAreq_TC@67784306]" name="afterMethodProcessing" is-config="true" duration-ms="25" started-at="2020-01-22T09:16:10Z" finished-at="2020-01-22T09:16:10Z">
          <params>
            <param index="0">
              <value>
                <![CDATA[[TestResult name=testArequestAPI status=SUCCESS method=TDSPreAreq_TC.testArequestAPI(org.testng.ITestContext, java.util.Map)[pri:0, instance:com.ca.tds.main.TDSPreAreq_TC@67784306] output={null}]]]>
              </value>
            </param>
          </params>
          <reporter-output>
          </reporter-output>
        </test-method> <!-- afterMethodProcessing -->
        <test-method status="PASS" signature="AfterClass()[pri:0, instance:com.ca.tds.main.TDSPreAreq_TC@67784306]" name="AfterClass" is-config="true" duration-ms="1" started-at="2020-01-22T09:16:10Z" finished-at="2020-01-22T09:16:10Z">
          <reporter-output>
          </reporter-output>
        </test-method> <!-- AfterClass -->
        <test-method status="PASS" signature="AfterTestClass()[pri:0, instance:com.ca.tds.main.TDSPreAreq_TC@67784306]" name="AfterTestClass" is-config="true" duration-ms="0" started-at="2020-01-22T09:16:10Z" finished-at="2020-01-22T09:16:10Z">
          <reporter-output>
          </reporter-output>
        </test-method> <!-- AfterTestClass -->
      </class> <!-- com.ca.tds.main.TDSPreAreq_TC -->
    </test> <!-- MasterCard::Clear Card::Browser::AReq flow -->
    <test name="MasterCard::Clear Card::Browser::RReq flow" duration-ms="584" started-at="2020-01-22T09:16:10Z" finished-at="2020-01-22T09:16:11Z">
      <class name="com.ca.tds.main.TDSRReq_TC">
        <test-method status="PASS" signature="beforeTestClass()[pri:0, instance:com.ca.tds.main.TDSRReq_TC@3b0143d3]" name="beforeTestClass" is-config="true" duration-ms="0" started-at="2020-01-22T09:16:10Z" finished-at="2020-01-22T09:16:10Z">
          <reporter-output>
          </reporter-output>
        </test-method> <!-- beforeTestClass -->
        <test-method status="PASS" signature="BeforeClass()[pri:0, instance:com.ca.tds.main.TDSRReq_TC@3b0143d3]" name="BeforeClass" is-config="true" duration-ms="0" started-at="2020-01-22T09:16:10Z" finished-at="2020-01-22T09:16:10Z">
          <reporter-output>
          </reporter-output>
        </test-method> <!-- BeforeClass -->
        <test-method status="PASS" signature="testRRequestAPI(org.testng.ITestContext, java.util.Map)[pri:0, instance:com.ca.tds.main.TDSRReq_TC@3b0143d3]" name="testRRequestAPI" duration-ms="514" started-at="2020-01-22T09:16:10Z" data-provider="DataProvider3dsTestData" finished-at="2020-01-22T09:16:11Z">
          <params>
            <param index="0">
              <value>
                <![CDATA[org.testng.TestRunner@5093989b]]>
              </value>
            </param>
            <param index="1">
              <value>
                <![CDATA[{TestCaseID=_S001, TestCaseName=_SanityChallenge_RReq_For_Verify_TC001, SanityFlag=Y, Test Case type=P, RequirementID=, FieldName=, Expected-threeDSServerTransID=G, Expected-dsTransID=G, Expected-acsTransID=G, Expected-messageExtension=G, Expected-messageType=RRes, Expected-messageVersion=2.1.0, Expected-resultsStatus=G, Expected-errorCode=NA, Expected-errorComponent=NA, Expected-errorDescription=NA, Expected-errorDetail=NA, #acsTransID#=, #authenticationType#=, #challengeCancel#=#REMOVE#, #dsTransID#=, #eci#=#REMOVE#, #interactionCounter#=01, #messageCategory#=01, #messageType#=RReq, #messageVersion#=, #threeDSServerTransID#=, #transStatus#=Y, #transStatusReason#=#REMOVE#, #criticalityIndicator#=false, #Dvalue#=HMS, #Dvalue1#=HMS, #Dvalue2#=HMS, #id#=ID2019JAN240101, #name#=ShashishekharHM, #authenticationValue#=AJkCCBFHJhl3gGhDA0cmAAAAAAA=}]]>
              </value>
            </param>
          </params>
          <reporter-output>
          </reporter-output>
        </test-method> <!-- testRRequestAPI -->
        <test-method status="PASS" signature="afterMethodProcessing(org.testng.ITestResult)[pri:0, instance:com.ca.tds.main.TDSRReq_TC@3b0143d3]" name="afterMethodProcessing" is-config="true" duration-ms="21" started-at="2020-01-22T09:16:11Z" finished-at="2020-01-22T09:16:11Z">
          <params>
            <param index="0">
              <value>
                <![CDATA[[TestResult name=testRRequestAPI status=SUCCESS method=TDSRReq_TC.testRRequestAPI(org.testng.ITestContext, java.util.Map)[pri:0, instance:com.ca.tds.main.TDSRReq_TC@3b0143d3] output={null}]]]>
              </value>
            </param>
          </params>
          <reporter-output>
          </reporter-output>
        </test-method> <!-- afterMethodProcessing -->
        <test-method status="PASS" signature="AfterTestClass()[pri:0, instance:com.ca.tds.main.TDSRReq_TC@3b0143d3]" name="AfterTestClass" is-config="true" duration-ms="0" started-at="2020-01-22T09:16:11Z" finished-at="2020-01-22T09:16:11Z">
          <reporter-output>
          </reporter-output>
        </test-method> <!-- AfterTestClass -->
        <test-method status="PASS" signature="AfterClass()[pri:0, instance:com.ca.tds.main.TDSRReq_TC@3b0143d3]" name="AfterClass" is-config="true" duration-ms="0" started-at="2020-01-22T09:16:11Z" finished-at="2020-01-22T09:16:11Z">
          <reporter-output>
          </reporter-output>
        </test-method> <!-- AfterClass -->
      </class> <!-- com.ca.tds.main.TDSRReq_TC -->
    </test> <!-- MasterCard::Clear Card::Browser::RReq flow -->
    <test name="MasterCard::Clear Card::Browser::VerifyAPI flow" duration-ms="608" started-at="2020-01-22T09:16:11Z" finished-at="2020-01-22T09:16:11Z">
      <class name="com.ca.tds.main.TDSVerifyAPI_TC">
        <test-method status="PASS" signature="beforeTestClass()[pri:0, instance:com.ca.tds.main.TDSVerifyAPI_TC@7791a895]" name="beforeTestClass" is-config="true" duration-ms="0" started-at="2020-01-22T09:16:11Z" finished-at="2020-01-22T09:16:11Z">
          <reporter-output>
          </reporter-output>
        </test-method> <!-- beforeTestClass -->
        <test-method status="PASS" signature="BeforeClass()[pri:0, instance:com.ca.tds.main.TDSVerifyAPI_TC@7791a895]" name="BeforeClass" is-config="true" duration-ms="0" started-at="2020-01-22T09:16:11Z" finished-at="2020-01-22T09:16:11Z">
          <reporter-output>
          </reporter-output>
        </test-method> <!-- BeforeClass -->
        <test-method status="PASS" signature="testArequestAPI(org.testng.ITestContext, java.util.Map)[pri:0, instance:com.ca.tds.main.TDSVerifyAPI_TC@7791a895]" name="testArequestAPI" duration-ms="521" started-at="2020-01-22T09:16:11Z" data-provider="DataProvider3dsTestData" finished-at="2020-01-22T09:16:11Z">
          <params>
            <param index="0">
              <value>
                <![CDATA[org.testng.TestRunner@3c8afbda]]>
              </value>
            </param>
            <param index="1">
              <value>
                <![CDATA[{TestCaseID=_S001, TestCaseName=_SanityChallenge_Sample Valid Verify Request, SanityFlag=Y, Test Case type=P, RequirementID=, FieldName=, Expected-threeDSServerTransID=G, Expected-callerTxnRefID=G, Expected-eci=G, Expected-authenticationValue=G, Expected-transStatus=G, Expected-transStatusReason=G, Expected-challengeCancel=G, Expected-resultsStatus=G, Expected-authenticationType=G, Expected-interactionCounter=G, Expected-messageType=RSRs, Expected-XID=G, Expected-errorCode=NA, Expected-errorComponent=NA, Expected-errorDescription=NA, Expected-errorDetail=NA, #threeDSServerTransID#=, #callerTxnRefID#=341b7153-da86-4543-860f-2ba47f0168a5, #cres#=, #messageType#=RSRq, #caMerchantID#=CA_EU, #transStatus#=Y}]]>
              </value>
            </param>
          </params>
          <reporter-output>
          </reporter-output>
        </test-method> <!-- testArequestAPI -->
        <test-method status="PASS" signature="afterMethodProcessing(org.testng.ITestResult)[pri:0, instance:com.ca.tds.main.TDSVerifyAPI_TC@7791a895]" name="afterMethodProcessing" is-config="true" duration-ms="21" started-at="2020-01-22T09:16:11Z" finished-at="2020-01-22T09:16:11Z">
          <params>
            <param index="0">
              <value>
                <![CDATA[[TestResult name=testArequestAPI status=SUCCESS method=TDSVerifyAPI_TC.testArequestAPI(org.testng.ITestContext, java.util.Map)[pri:0, instance:com.ca.tds.main.TDSVerifyAPI_TC@7791a895] output={null}]]]>
              </value>
            </param>
          </params>
          <reporter-output>
          </reporter-output>
        </test-method> <!-- afterMethodProcessing -->
        <test-method status="PASS" signature="AfterClass()[pri:0, instance:com.ca.tds.main.TDSVerifyAPI_TC@7791a895]" name="AfterClass" is-config="true" duration-ms="0" started-at="2020-01-22T09:16:11Z" finished-at="2020-01-22T09:16:11Z">
          <reporter-output>
          </reporter-output>
        </test-method> <!-- AfterClass -->
        <test-method status="PASS" signature="AfterTestClass()[pri:0, instance:com.ca.tds.main.TDSVerifyAPI_TC@7791a895]" name="AfterTestClass" is-config="true" duration-ms="0" started-at="2020-01-22T09:16:11Z" finished-at="2020-01-22T09:16:11Z">
          <reporter-output>
          </reporter-output>
        </test-method> <!-- AfterTestClass -->
      </class> <!-- com.ca.tds.main.TDSVerifyAPI_TC -->
    </test> <!-- MasterCard::Clear Card::Browser::VerifyAPI flow -->
    <test name="Visa::Clear Card::Browser::AReq flow" duration-ms="649" started-at="2020-01-22T09:16:11Z" finished-at="2020-01-22T09:16:12Z">
      <class name="com.ca.tds.main.TDSPreAreq_TC">
        <test-method status="PASS" signature="beforeTestClass()[pri:0, instance:com.ca.tds.main.TDSPreAreq_TC@4f970963]" name="beforeTestClass" is-config="true" duration-ms="0" started-at="2020-01-22T09:16:11Z" finished-at="2020-01-22T09:16:11Z">
          <reporter-output>
          </reporter-output>
        </test-method> <!-- beforeTestClass -->
        <test-method status="PASS" signature="BeforeClass()[pri:0, instance:com.ca.tds.main.TDSPreAreq_TC@4f970963]" name="BeforeClass" is-config="true" duration-ms="0" started-at="2020-01-22T09:16:11Z" finished-at="2020-01-22T09:16:11Z">
          <reporter-output>
          </reporter-output>
        </test-method> <!-- BeforeClass -->
        <test-method status="PASS" signature="testArequestAPI(org.testng.ITestContext, java.util.Map)[pri:0, instance:com.ca.tds.main.TDSPreAreq_TC@4f970963]" name="testArequestAPI" duration-ms="582" started-at="2020-01-22T09:16:11Z" data-provider="DataProvider3dsTestData" finished-at="2020-01-22T09:16:12Z">
          <params>
            <param index="0">
              <value>
                <![CDATA[org.testng.TestRunner@33800599]]>
              </value>
            </param>
            <param index="1">
              <value>
                <![CDATA[{TestCaseID=_S001, TestCaseName=_SanityChallenge_AReq_VISA_For_Verify_TC001, SanityFlag=Y, Test Case type=P, RequirementID=, FieldName=, Expected-cardholderInfo=NA, Expected-creq=G, Expected-transStatusReason=NA, Expected-authenticationValue=NA, Expected-authenticationType=G, Expected-acsURL=G, Expected-acsOperatorID=ACS_OPERATOR_ID, Expected-acsChallengeMandated=G, Expected-callerTxnRefID=G, Expected-threeDSServerTransID=G, Expected-dsTransID=G, Expected-acsTransID=G, Expected-eci=NA, Expected-messageType=ARes, Expected-dsName=visa, Expected-messageVersion=2.1.0, Expected-dsReferenceNumber=DsReferenceNumber, Expected-acsReferenceNumber=ABCDEF987654321, Expected-transStatus=C, Expected-errorCode=NA, Expected-errorComponent=NA, Expected-errorDescription=NA, Expected-errorDetail=NA, #browserJavascriptEnabled#=true, #challengeWindowSize#=04, #callerTxnRefID#=341b7153-da86-4543-860f-2ba47f0168a5, #caMerchantID#=MTD000000, #acctID#=ACCTID98X3fw3, #chAccAgeInd#=02, #chAccChange#=20180928, #chAccChangeInd#=02, #chAccDate#=20180928, #chAccPwChange#=20180901, #chAccPwChangeInd#=01, #nbPurchaseAccount#=8, #paymentAccAge#=20180808, #paymentAccInd#=01, #provisionAttemptsDay#=1, #shipAddressUsage#=20180910, #shipAddressUsageInd#=03, #shipNameIndicator#=01, #suspiciousAccActivity#=01, #txnActivityDay#=5, #txnActivityYear#=8, #acctNumber#=7UpZZndm5dmKnbhUtEVIl30b+B4lVwi6GEN5VUyxoT2QF9+gY5Ar1+tjBZys9AJyUW2vqz902epcr0Rkmr0sT/OlSvUOEc7gOEbVavO6KvHkRQchwOcaB3rwMDwhcZqsumgzyYwPWqBwAAtbIF+L1Lw7NyL9nYLl3O4ZHDyfNbdgBW5ZuNXWS2j+zhNabX1qmOv4NvdzdEV4iAlgc6YSsJ2RiOa3uyOXpLxzLtFSELhmZBO92W88+uSz/J7kMj5F7sAvkgULVYpptMi//3QaRAPLbtWtG7fWWuJuoAXMAuZeSzh2n7nL7COGeuipY7HjUEFov36gYDQL81FX219iew==, #acctType#=01, #addrMatch#=Y, #billAddrCity#=San Jose, #billAddrCountry#=840, #billAddrLine1#=500 West Maude Ave, #billAddrLine2#=ABC, #billAddrLine3#=HMS, #billAddrPostCode#=95101, #billAddrState#=CA, #browserAcceptHeader#=text/html,application/xhtml+xml,application/xml;q=0.9,image/webp,image/apng,*/*;q=0.8, #browserColorDepth#=24, #browserIP#=155.35.122.4, #browserJavaEnabled#=true, #browserLanguage#=en-US, #browserScreenHeight#=720, #browserScreenWidth#=1280, #browserTZ#=-330, #browserUserAgent#=Mozilla/5.0 (Windows NT 10.0; Win64; x64) AppleWebKit/537.36 (KHTML, like Gecko) Chrome/68.0.3440.84 Safari/537.36, #cardExpiryDate#=2008, #cardholderName#=Stephen, #deviceChannel#=02, #email#=harsh08@ca.com, #hcc#=1, #hsubscriber#=1234567899, #messageCategory#=01, #messageType#=AReq, #messageVersion#=2.1.0, #mcc#=1, #msubscriber#=1234567899, #notificationURL#=http://localhost:9090/golfstore2/CreqNotification.jsp, #purchaseAmount#=35000, #purchaseCurrency#=840, #purchaseDate#=20180928160450, #purchaseExponent#=2, #recurringExpiry#=#REMOVE#, #recurringFrequency#=#REMOVE#, #shipAddrCity#=San Jose, #shipAddrCountry#=840, #shipAddrLine1#=500 West Maude Ave, #shipAddrLine2#=ABC, #shipAddrLine3#=HMS, #shipAddrPostCode#=95101, #shipAddrState#=CA, #threeDSCompInd#=Y, #threeDSServerTransID#=, #wcc#=1, #wsubscriber#=1234567899, #threeDSRequestorAuthenticationInd#=01, #threeDSReqAuthData#=3DS PA Request, #threeDSReqAuthMethod#=02, #threeDSReqAuthTimestamp#=201809281603, #threeDSRequestorChallengeInd#=01, #threeDSRequestorID#=611, #threeDSRequestorName#=ew0KCSJEViI6ICIxLjAiLA0KCSJERCI6Iaa45, #threeDSReqPriorAuthData#=three DS Request Prior Authentication Data, #threeDSReqPriorAuthMethod#=01, #threeDSReqPriorAuthTimestamp#=201810010323, #threeDSReqPriorRef#=4c6453da-4c56-4980-98cd-d04a064899c4, #threeDSRequestorURL#=http://10.131.94.242:1080/content-server/api/tds2/txn/browser/v1/tds-method, #threeDSServerRefNumber#=AAAAAA123456789, #threeDSServerOperatorID#=serverOperatorID, #threeDSServerURL#=http://10.138.158.51:9608, #acquirerBIN#=123456, #acquirerMerchantID#=AcquirerMerchantID222, #payTokenInd#=true, #purchaseInstalData#=#REMOVE#, #mcc1#=0742, #merchantCountryCode#=840, #merchantName#=global, #deliveryEmailAddress#=harsh08@ca.com, #deliveryTimeframe#=01, #giftCardAmount#=500, #giftCardCount#=02, #giftCardCurr#=840, #preOrderDate#=20200803, #preOrderPurchaseInd#=01, #reorderItemsInd#=01, #shipIndicator#=01, #criticalityIndicator#=false, #id#=ID2018SEP282001, #name#=ShashishekharHM, #transType#=01, #threeDSRequestorAuthenticationInfo#=, #threeDSRequestorPriorAuthenticationInfo#=, #broadInfo#=, #broadInfoValue#=broadInfoValue, #acctInfo#=, #homePhone#=, #mobilePhone#=, #workPhone#=, #merchantRiskIndicator#=, #messageExtension#=, #Dvalue#=HMS, #Dvalue1#=HMS, #Dvalue2#=HMS}]]>
              </value>
            </param>
          </params>
          <reporter-output>
          </reporter-output>
        </test-method> <!-- testArequestAPI -->
        <test-method status="PASS" signature="afterMethodProcessing(org.testng.ITestResult)[pri:0, instance:com.ca.tds.main.TDSPreAreq_TC@4f970963]" name="afterMethodProcessing" is-config="true" duration-ms="17" started-at="2020-01-22T09:16:12Z" finished-at="2020-01-22T09:16:12Z">
          <params>
            <param index="0">
              <value>
                <![CDATA[[TestResult name=testArequestAPI status=SUCCESS method=TDSPreAreq_TC.testArequestAPI(org.testng.ITestContext, java.util.Map)[pri:0, instance:com.ca.tds.main.TDSPreAreq_TC@4f970963] output={null}]]]>
              </value>
            </param>
          </params>
          <reporter-output>
          </reporter-output>
        </test-method> <!-- afterMethodProcessing -->
        <test-method status="PASS" signature="AfterClass()[pri:0, instance:com.ca.tds.main.TDSPreAreq_TC@4f970963]" name="AfterClass" is-config="true" duration-ms="0" started-at="2020-01-22T09:16:12Z" finished-at="2020-01-22T09:16:12Z">
          <reporter-output>
          </reporter-output>
        </test-method> <!-- AfterClass -->
        <test-method status="PASS" signature="AfterTestClass()[pri:0, instance:com.ca.tds.main.TDSPreAreq_TC@4f970963]" name="AfterTestClass" is-config="true" duration-ms="0" started-at="2020-01-22T09:16:12Z" finished-at="2020-01-22T09:16:12Z">
          <reporter-output>
          </reporter-output>
        </test-method> <!-- AfterTestClass -->
      </class> <!-- com.ca.tds.main.TDSPreAreq_TC -->
    </test> <!-- Visa::Clear Card::Browser::AReq flow -->
    <test name="VISA::Clear Card::Browser::RReq flow" duration-ms="623" started-at="2020-01-22T09:16:12Z" finished-at="2020-01-22T09:16:13Z">
      <class name="com.ca.tds.main.TDSRReq_TC">
        <test-method status="PASS" signature="beforeTestClass()[pri:0, instance:com.ca.tds.main.TDSRReq_TC@5bc79255]" name="beforeTestClass" is-config="true" duration-ms="0" started-at="2020-01-22T09:16:12Z" finished-at="2020-01-22T09:16:12Z">
          <reporter-output>
          </reporter-output>
        </test-method> <!-- beforeTestClass -->
        <test-method status="PASS" signature="BeforeClass()[pri:0, instance:com.ca.tds.main.TDSRReq_TC@5bc79255]" name="BeforeClass" is-config="true" duration-ms="0" started-at="2020-01-22T09:16:12Z" finished-at="2020-01-22T09:16:12Z">
          <reporter-output>
          </reporter-output>
        </test-method> <!-- BeforeClass -->
        <test-method status="PASS" signature="testRRequestAPI(org.testng.ITestContext, java.util.Map)[pri:0, instance:com.ca.tds.main.TDSRReq_TC@5bc79255]" name="testRRequestAPI" duration-ms="547" started-at="2020-01-22T09:16:12Z" data-provider="DataProvider3dsTestData" finished-at="2020-01-22T09:16:13Z">
          <params>
            <param index="0">
              <value>
                <![CDATA[org.testng.TestRunner@c92ecc1]]>
              </value>
            </param>
            <param index="1">
              <value>
                <![CDATA[{TestCaseID=_S001, TestCaseName=_SanityChallenge_RReq_For_Verify_TC001, SanityFlag=Y, Test Case type=P, RequirementID=, FieldName=, Expected-threeDSServerTransID=G, Expected-dsTransID=G, Expected-acsTransID=G, Expected-messageExtension=G, Expected-messageType=RRes, Expected-messageVersion=2.1.0, Expected-resultsStatus=G, Expected-errorCode=NA, Expected-errorComponent=NA, Expected-errorDescription=NA, Expected-errorDetail=NA, #acsTransID#=, #authenticationType#=, #challengeCancel#=#REMOVE#, #dsTransID#=, #eci#=#REMOVE#, #interactionCounter#=01, #messageCategory#=01, #messageType#=RReq, #messageVersion#=, #threeDSServerTransID#=, #transStatus#=Y, #transStatusReason#=#REMOVE#, #criticalityIndicator#=false, #Dvalue#=HMS, #Dvalue1#=HMS, #Dvalue2#=HMS, #id#=ID2019JAN240101, #name#=ShashishekharHM, #authenticationValue#=AJkCCBFHJhl3gGhDA0cmAAAAAAA=}]]>
              </value>
            </param>
          </params>
          <reporter-output>
          </reporter-output>
        </test-method> <!-- testRRequestAPI -->
        <test-method status="PASS" signature="afterMethodProcessing(org.testng.ITestResult)[pri:0, instance:com.ca.tds.main.TDSRReq_TC@5bc79255]" name="afterMethodProcessing" is-config="true" duration-ms="15" started-at="2020-01-22T09:16:13Z" finished-at="2020-01-22T09:16:13Z">
          <params>
            <param index="0">
              <value>
                <![CDATA[[TestResult name=testRRequestAPI status=SUCCESS method=TDSRReq_TC.testRRequestAPI(org.testng.ITestContext, java.util.Map)[pri:0, instance:com.ca.tds.main.TDSRReq_TC@5bc79255] output={null}]]]>
              </value>
            </param>
          </params>
          <reporter-output>
          </reporter-output>
        </test-method> <!-- afterMethodProcessing -->
        <test-method status="PASS" signature="AfterClass()[pri:0, instance:com.ca.tds.main.TDSRReq_TC@5bc79255]" name="AfterClass" is-config="true" duration-ms="1" started-at="2020-01-22T09:16:13Z" finished-at="2020-01-22T09:16:13Z">
          <reporter-output>
          </reporter-output>
        </test-method> <!-- AfterClass -->
        <test-method status="PASS" signature="AfterTestClass()[pri:0, instance:com.ca.tds.main.TDSRReq_TC@5bc79255]" name="AfterTestClass" is-config="true" duration-ms="0" started-at="2020-01-22T09:16:13Z" finished-at="2020-01-22T09:16:13Z">
          <reporter-output>
          </reporter-output>
        </test-method> <!-- AfterTestClass -->
      </class> <!-- com.ca.tds.main.TDSRReq_TC -->
    </test> <!-- VISA::Clear Card::Browser::RReq flow -->
    <test name="VISA::Clear Card::Browser::VerifyAPI flow" duration-ms="591" started-at="2020-01-22T09:16:13Z" finished-at="2020-01-22T09:16:13Z">
      <class name="com.ca.tds.main.TDSVerifyAPI_TC">
        <test-method status="PASS" signature="beforeSuite(org.testng.ITestContext)[pri:0, instance:com.ca.tds.main.TDSVerifyAPI_TC@5c5a1b69]" name="beforeSuite" is-config="true" duration-ms="121" started-at="2020-01-22T09:16:05Z" finished-at="2020-01-22T09:16:06Z">
          <params>
            <param index="0">
              <value>
                <![CDATA[org.testng.TestRunner@68b92f9b]]>
              </value>
            </param>
          </params>
          <reporter-output>
          </reporter-output>
        </test-method> <!-- beforeSuite -->
        <test-method status="PASS" signature="beforeTestClass()[pri:0, instance:com.ca.tds.main.TDSVerifyAPI_TC@5c5a1b69]" name="beforeTestClass" is-config="true" duration-ms="0" started-at="2020-01-22T09:16:13Z" finished-at="2020-01-22T09:16:13Z">
          <reporter-output>
          </reporter-output>
        </test-method> <!-- beforeTestClass -->
        <test-method status="PASS" signature="BeforeClass()[pri:0, instance:com.ca.tds.main.TDSVerifyAPI_TC@5c5a1b69]" name="BeforeClass" is-config="true" duration-ms="0" started-at="2020-01-22T09:16:13Z" finished-at="2020-01-22T09:16:13Z">
          <reporter-output>
          </reporter-output>
        </test-method> <!-- BeforeClass -->
        <test-method status="PASS" signature="testArequestAPI(org.testng.ITestContext, java.util.Map)[pri:0, instance:com.ca.tds.main.TDSVerifyAPI_TC@5c5a1b69]" name="testArequestAPI" duration-ms="520" started-at="2020-01-22T09:16:13Z" data-provider="DataProvider3dsTestData" finished-at="2020-01-22T09:16:13Z">
          <params>
            <param index="0">
              <value>
                <![CDATA[org.testng.TestRunner@68b92f9b]]>
              </value>
            </param>
            <param index="1">
              <value>
                <![CDATA[{TestCaseID=_S001, TestCaseName=_SanityChallenge_Sample Valid Verify Request, SanityFlag=Y, Test Case type=P, RequirementID=, FieldName=, Expected-threeDSServerTransID=G, Expected-callerTxnRefID=G, Expected-eci=G, Expected-authenticationValue=G, Expected-transStatus=G, Expected-transStatusReason=G, Expected-challengeCancel=G, Expected-resultsStatus=G, Expected-authenticationType=G, Expected-interactionCounter=G, Expected-messageType=RSRs, Expected-XID=G, Expected-errorCode=NA, Expected-errorComponent=NA, Expected-errorDescription=NA, Expected-errorDetail=NA, #threeDSServerTransID#=, #callerTxnRefID#=341b7153-da86-4543-860f-2ba47f0168a5, #cres#=, #messageType#=RSRq, #caMerchantID#=CA_EU, #transStatus#=Y}]]>
              </value>
            </param>
          </params>
          <reporter-output>
          </reporter-output>
        </test-method> <!-- testArequestAPI -->
        <test-method status="PASS" signature="afterMethodProcessing(org.testng.ITestResult)[pri:0, instance:com.ca.tds.main.TDSVerifyAPI_TC@5c5a1b69]" name="afterMethodProcessing" is-config="true" duration-ms="18" started-at="2020-01-22T09:16:13Z" finished-at="2020-01-22T09:16:13Z">
          <params>
            <param index="0">
              <value>
                <![CDATA[[TestResult name=testArequestAPI status=SUCCESS method=TDSVerifyAPI_TC.testArequestAPI(org.testng.ITestContext, java.util.Map)[pri:0, instance:com.ca.tds.main.TDSVerifyAPI_TC@5c5a1b69] output={null}]]]>
              </value>
            </param>
          </params>
          <reporter-output>
          </reporter-output>
        </test-method> <!-- afterMethodProcessing -->
        <test-method status="PASS" signature="AfterClass()[pri:0, instance:com.ca.tds.main.TDSVerifyAPI_TC@5c5a1b69]" name="AfterClass" is-config="true" duration-ms="1" started-at="2020-01-22T09:16:13Z" finished-at="2020-01-22T09:16:13Z">
          <reporter-output>
          </reporter-output>
        </test-method> <!-- AfterClass -->
        <test-method status="PASS" signature="AfterTestClass()[pri:0, instance:com.ca.tds.main.TDSVerifyAPI_TC@5c5a1b69]" name="AfterTestClass" is-config="true" duration-ms="0" started-at="2020-01-22T09:16:13Z" finished-at="2020-01-22T09:16:13Z">
          <reporter-output>
          </reporter-output>
        </test-method> <!-- AfterTestClass -->
        <test-method status="PASS" signature="endSuite()[pri:0, instance:com.ca.tds.main.TDSVerifyAPI_TC@5c5a1b69]" name="endSuite" is-config="true" duration-ms="12" started-at="2020-01-22T09:16:13Z" finished-at="2020-01-22T09:16:13Z">
          <reporter-output>
          </reporter-output>
        </test-method> <!-- endSuite -->
      </class> <!-- com.ca.tds.main.TDSVerifyAPI_TC -->
    </test> <!-- VISA::Clear Card::Browser::VerifyAPI flow -->
  </suite> <!-- SanityChallengeflow -->
  <suite name="SanityFrictionLessMethodurl" duration-ms="3853" started-at="2020-01-22T09:16:13Z" finished-at="2020-01-22T09:16:17Z">
    <groups>
    </groups>
    <test name="AMEX::Clear Card::Browser::ThreeDSMethodURL flow" duration-ms="606" started-at="2020-01-22T09:16:13Z" finished-at="2020-01-22T09:16:14Z">
      <class name="com.ca.tds.main.TDSMethodURL_TC">
        <test-method status="PASS" signature="beforeTestClass()[pri:0, instance:com.ca.tds.main.TDSMethodURL_TC@35d176f7]" name="beforeTestClass" is-config="true" duration-ms="1" started-at="2020-01-22T09:16:13Z" finished-at="2020-01-22T09:16:13Z">
          <reporter-output>
          </reporter-output>
        </test-method> <!-- beforeTestClass -->
        <test-method status="PASS" signature="BeforeClass()[pri:0, instance:com.ca.tds.main.TDSMethodURL_TC@35d176f7]" name="BeforeClass" is-config="true" duration-ms="0" started-at="2020-01-22T09:16:13Z" finished-at="2020-01-22T09:16:13Z">
          <reporter-output>
          </reporter-output>
        </test-method> <!-- BeforeClass -->
        <test-method status="PASS" signature="testArequestAPI(org.testng.ITestContext, java.util.Map)[pri:0, instance:com.ca.tds.main.TDSMethodURL_TC@35d176f7]" name="testArequestAPI" duration-ms="524" started-at="2020-01-22T09:16:13Z" data-provider="DataProviderTDSMethodURL" finished-at="2020-01-22T09:16:14Z">
          <params>
            <param index="0">
              <value>
                <![CDATA[org.testng.TestRunner@527202ff]]>
              </value>
            </param>
            <param index="1">
              <value>
                <![CDATA[{TestCaseID=_A001, TestCaseName=_SanityFrictionless_TDSMethodURL_CallFor_Sample Valid Areq Request, SanityFlag=Y, Test Case type=P, RequirementID=, Expected-messageType=ThreeDSMethodURLRes, Expected-callerTxnRefID=G, Expected-messageVersion=2.1.0, Expected-threeDSServerTransID=G, Expected-threeDSMethodURL=G, #acctNumber#=4Abuomi9LgxCa7vPYSbXHlv9jX754ALLUd7WxKwnrLZln1vr0ZVO/ahzu6fQh6YLuA3+1M4JoV4oFRd5cPK2lml3yytggURxMETgAx3fb8CMT/YXCYDSzZ+m1ghc+3FtmSFENHIKm3cAoIJBNOGC0VpXdEr5p/3XBdYsXlaODLnQdIZtNAdWIE0ihy6VIcwAlJox+tarG37G0WbEM9lZZcIBH9cXs7IXayzAA5RpynHPOkrs5H5JZ2aIt5B1OuBe1fVcylt66j9OSfQ2apT9bbr0NFgME+Hsn490Z7RhvcGiM7khgaaNkw756VP/1CjKYsTzzhZIt0g31B6vvYdNaw==, #caMerchantID#=CA_EU, #callerTxnRefID#=341b7153-da86-4543-860f-2ba47f0168a5, #messageType#=ThreeDSMethodURLReq}]]>
              </value>
            </param>
          </params>
          <reporter-output>
          </reporter-output>
        </test-method> <!-- testArequestAPI -->
        <test-method status="PASS" signature="afterMethodProcessing(org.testng.ITestResult)[pri:0, instance:com.ca.tds.main.TDSMethodURL_TC@35d176f7]" name="afterMethodProcessing" is-config="true" duration-ms="14" started-at="2020-01-22T09:16:14Z" finished-at="2020-01-22T09:16:14Z">
          <params>
            <param index="0">
              <value>
                <![CDATA[[TestResult name=testArequestAPI status=SUCCESS method=TDSMethodURL_TC.testArequestAPI(org.testng.ITestContext, java.util.Map)[pri:0, instance:com.ca.tds.main.TDSMethodURL_TC@35d176f7] output={null}]]]>
              </value>
            </param>
          </params>
          <reporter-output>
          </reporter-output>
        </test-method> <!-- afterMethodProcessing -->
        <test-method status="PASS" signature="AfterClass()[pri:0, instance:com.ca.tds.main.TDSMethodURL_TC@35d176f7]" name="AfterClass" is-config="true" duration-ms="1" started-at="2020-01-22T09:16:14Z" finished-at="2020-01-22T09:16:14Z">
          <reporter-output>
          </reporter-output>
        </test-method> <!-- AfterClass -->
        <test-method status="PASS" signature="AfterTestClass()[pri:0, instance:com.ca.tds.main.TDSMethodURL_TC@35d176f7]" name="AfterTestClass" is-config="true" duration-ms="0" started-at="2020-01-22T09:16:14Z" finished-at="2020-01-22T09:16:14Z">
          <reporter-output>
          </reporter-output>
        </test-method> <!-- AfterTestClass -->
      </class> <!-- com.ca.tds.main.TDSMethodURL_TC -->
    </test> <!-- AMEX::Clear Card::Browser::ThreeDSMethodURL flow -->
    <test name="AMEX::Clear Card::Browser::AReq flow" duration-ms="674" started-at="2020-01-22T09:16:14Z" finished-at="2020-01-22T09:16:15Z">
      <class name="com.ca.tds.main.TDSPreAreq_TC">
        <test-method status="PASS" signature="beforeTestClass()[pri:0, instance:com.ca.tds.main.TDSPreAreq_TC@49fc609f]" name="beforeTestClass" is-config="true" duration-ms="0" started-at="2020-01-22T09:16:14Z" finished-at="2020-01-22T09:16:14Z">
          <reporter-output>
          </reporter-output>
        </test-method> <!-- beforeTestClass -->
        <test-method status="PASS" signature="BeforeClass()[pri:0, instance:com.ca.tds.main.TDSPreAreq_TC@49fc609f]" name="BeforeClass" is-config="true" duration-ms="1" started-at="2020-01-22T09:16:14Z" finished-at="2020-01-22T09:16:14Z">
          <reporter-output>
          </reporter-output>
        </test-method> <!-- BeforeClass -->
        <test-method status="PASS" signature="testArequestAPI(org.testng.ITestContext, java.util.Map)[pri:0, instance:com.ca.tds.main.TDSPreAreq_TC@49fc609f]" name="testArequestAPI" duration-ms="607" started-at="2020-01-22T09:16:14Z" data-provider="DataProvider3dsTestData" finished-at="2020-01-22T09:16:15Z">
          <params>
            <param index="0">
              <value>
                <![CDATA[org.testng.TestRunner@50a2b2e5]]>
              </value>
            </param>
            <param index="1">
              <value>
                <![CDATA[{TestCaseID=_A001, TestCaseName=_SanityFrictionless_Sample Valid Areq Request, SanityFlag=Y, Test Case type=P, RequirementID=, FieldName=, Expected-cardholderInfo=NA, Expected-creq=NA, Expected-transStatusReason=NA, Expected-authenticationValue=G, Expected-authenticationType=NA, Expected-acsURL=NA, Expected-acsOperatorID=ACS_OPERATOR_ID, Expected-acsChallengeMandated=NA, Expected-callerTxnRefID=G, Expected-threeDSServerTransID=G, Expected-dsTransID=G, Expected-acsTransID=G, Expected-eci=G, Expected-messageType=ARes, Expected-dsName=amex, Expected-messageVersion=2.1.0, Expected-dsReferenceNumber=DsReferenceNumber, Expected-acsReferenceNumber=ABCDEF987654321, Expected-transStatus=Y, Expected-errorCode=NA, Expected-errorComponent=NA, Expected-errorDescription=NA, Expected-errorDetail=NA, #browserJavascriptEnabled#=true, #challengeWindowSize#=04, #callerTxnRefID#=341b7153-da86-4543-860f-2ba47f0168a5, #caMerchantID#=MTD000000, #acctID#=ACCTID98X3fw3, #chAccAgeInd#=02, #chAccChange#=20180928, #chAccChangeInd#=02, #chAccDate#=20180928, #chAccPwChange#=20180901, #chAccPwChangeInd#=01, #nbPurchaseAccount#=8, #paymentAccAge#=20180808, #paymentAccInd#=01, #provisionAttemptsDay#=1, #shipAddressUsage#=20180910, #shipAddressUsageInd#=03, #shipNameIndicator#=01, #suspiciousAccActivity#=01, #txnActivityDay#=5, #txnActivityYear#=8, #acctNumber#=4Abuomi9LgxCa7vPYSbXHlv9jX754ALLUd7WxKwnrLZln1vr0ZVO/ahzu6fQh6YLuA3+1M4JoV4oFRd5cPK2lml3yytggURxMETgAx3fb8CMT/YXCYDSzZ+m1ghc+3FtmSFENHIKm3cAoIJBNOGC0VpXdEr5p/3XBdYsXlaODLnQdIZtNAdWIE0ihy6VIcwAlJox+tarG37G0WbEM9lZZcIBH9cXs7IXayzAA5RpynHPOkrs5H5JZ2aIt5B1OuBe1fVcylt66j9OSfQ2apT9bbr0NFgME+Hsn490Z7RhvcGiM7khgaaNkw756VP/1CjKYsTzzhZIt0g31B6vvYdNaw==, #acctType#=01, #addrMatch#=Y, #billAddrCity#=San Jose, #billAddrCountry#=840, #billAddrLine1#=500 West Maude Ave, #billAddrLine2#=ABC, #billAddrLine3#=HMS, #billAddrPostCode#=95101, #billAddrState#=CA, #browserAcceptHeader#=text/html,application/xhtml+xml,application/xml;q=0.9,image/webp,image/apng,*/*;q=0.8, #browserColorDepth#=24, #browserIP#=155.35.122.4, #browserJavaEnabled#=true, #browserLanguage#=en-US, #browserScreenHeight#=720, #browserScreenWidth#=1280, #browserTZ#=-330, #browserUserAgent#=Mozilla/5.0 (Windows NT 10.0; Win64; x64) AppleWebKit/537.36 (KHTML, like Gecko) Chrome/68.0.3440.84 Safa
[...]
          <reporter-output>
          </reporter-output>
        </test-method> <!-- beforeTestClass -->
        <test-method status="PASS" signature="testArequestAPI(org.testng.ITestContext, java.util.Map)[pri:0, instance:com.ca.tds.main.TDSMethodURL_TC@34cd072c]" name="testArequestAPI" duration-ms="517" started-at="2020-01-22T09:16:24Z" data-provider="DataProviderTDSMethodURL" finished-at="2020-01-22T09:16:24Z">
          <params>
            <param index="0">
              <value>
                <![CDATA[org.testng.TestRunner@e7a33f4]]>
              </value>
            </param>
            <param index="1">
              <value>
                <![CDATA[{TestCaseID=_S001, TestCaseName=_SanityChallenge_VISA_For_Verify_TC001, SanityFlag=Y, Test Case type=P, RequirementID=, Expected-messageType=ThreeDSMethodURLRes, Expected-callerTxnRefID=G, Expected-messageVersion=2.1.0, Expected-threeDSServerTransID=G, Expected-threeDSMethodURL=G, #acctNumber#=7UpZZndm5dmKnbhUtEVIl30b+B4lVwi6GEN5VUyxoT2QF9+gY5Ar1+tjBZys9AJyUW2vqz902epcr0Rkmr0sT/OlSvUOEc7gOEbVavO6KvHkRQchwOcaB3rwMDwhcZqsumgzyYwPWqBwAAtbIF+L1Lw7NyL9nYLl3O4ZHDyfNbdgBW5ZuNXWS2j+zhNabX1qmOv4NvdzdEV4iAlgc6YSsJ2RiOa3uyOXpLxzLtFSELhmZBO92W88+uSz/J7kMj5F7sAvkgULVYpptMi//3QaRAPLbtWtG7fWWuJuoAXMAuZeSzh2n7nL7COGeuipY7HjUEFov36gYDQL81FX219iew==, #caMerchantID#=CA_EU, #callerTxnRefID#=341b7153-da86-4543-860f-2ba47f0168a5, #messageType#=ThreeDSMethodURLReq}]]>
              </value>
            </param>
          </params>
          <reporter-output>
          </reporter-output>
        </test-method> <!-- testArequestAPI -->
        <test-method status="PASS" signature="afterMethodProcessing(org.testng.ITestResult)[pri:0, instance:com.ca.tds.main.TDSMethodURL_TC@34cd072c]" name="afterMethodProcessing" is-config="true" duration-ms="15" started-at="2020-01-22T09:16:24Z" finished-at="2020-01-22T09:16:24Z">
          <params>
            <param index="0">
              <value>
                <![CDATA[[TestResult name=testArequestAPI status=SUCCESS method=TDSMethodURL_TC.testArequestAPI(org.testng.ITestContext, java.util.Map)[pri:0, instance:com.ca.tds.main.TDSMethodURL_TC@34cd072c] output={null}]]]>
              </value>
            </param>
          </params>
          <reporter-output>
          </reporter-output>
        </test-method> <!-- afterMethodProcessing -->
        <test-method status="PASS" signature="AfterTestClass()[pri:0, instance:com.ca.tds.main.TDSMethodURL_TC@34cd072c]" name="AfterTestClass" is-config="true" duration-ms="0" started-at="2020-01-22T09:16:24Z" finished-at="2020-01-22T09:16:24Z">
          <reporter-output>
          </reporter-output>
        </test-method> <!-- AfterTestClass -->
        <test-method status="PASS" signature="AfterClass()[pri:0, instance:com.ca.tds.main.TDSMethodURL_TC@34cd072c]" name="AfterClass" is-config="true" duration-ms="0" started-at="2020-01-22T09:16:24Z" finished-at="2020-01-22T09:16:24Z">
          <reporter-output>
          </reporter-output>
        </test-method> <!-- AfterClass -->
      </class> <!-- com.ca.tds.main.TDSMethodURL_TC -->
    </test> <!-- VISA::Clear Card::Browser::ThreeDSMethodURL flow -->
    <test name="VISA::Clear Card::Browser::AReq flow" duration-ms="656" started-at="2020-01-22T09:16:24Z" finished-at="2020-01-22T09:16:25Z">
      <class name="com.ca.tds.main.TDSPreAreq_TC">
        <test-method status="PASS" signature="beforeTestClass()[pri:0, instance:com.ca.tds.main.TDSPreAreq_TC@30a3107a]" name="beforeTestClass" is-config="true" duration-ms="1" started-at="2020-01-22T09:16:24Z" finished-at="2020-01-22T09:16:24Z">
          <reporter-output>
          </reporter-output>
        </test-method> <!-- beforeTestClass -->
        <test-method status="PASS" signature="BeforeClass()[pri:0, instance:com.ca.tds.main.TDSPreAreq_TC@30a3107a]" name="BeforeClass" is-config="true" duration-ms="0" started-at="2020-01-22T09:16:24Z" finished-at="2020-01-22T09:16:24Z">
          <reporter-output>
          </reporter-output>
        </test-method> <!-- BeforeClass -->
        <test-method status="PASS" signature="testArequestAPI(org.testng.ITestContext, java.util.Map)[pri:0, instance:com.ca.tds.main.TDSPreAreq_TC@30a3107a]" name="testArequestAPI" duration-ms="590" started-at="2020-01-22T09:16:24Z" data-provider="DataProvider3dsTestData" finished-at="2020-01-22T09:16:25Z">
          <params>
            <param index="0">
              <value>
                <![CDATA[org.testng.TestRunner@7b98ac6f]]>
              </value>
            </param>
            <param index="1">
              <value>
                <![CDATA[{TestCaseID=_S001, TestCaseName=_SanityChallenge_AReq_VISA_For_Verify_TC001, SanityFlag=Y, Test Case type=P, RequirementID=, FieldName=, Expected-cardholderInfo=NA, Expected-creq=G, Expected-transStatusReason=NA, Expected-authenticationValue=NA, Expected-authenticationType=G, Expected-acsURL=G, Expected-acsOperatorID=ACS_OPERATOR_ID, Expected-acsChallengeMandated=G, Expected-callerTxnRefID=G, Expected-threeDSServerTransID=G, Expected-dsTransID=G, Expected-acsTransID=G, Expected-eci=NA, Expected-messageType=ARes, Expected-dsName=visa, Expected-messageVersion=2.1.0, Expected-dsReferenceNumber=DsReferenceNumber, Expected-acsReferenceNumber=ABCDEF987654321, Expected-transStatus=C, Expected-errorCode=NA, Expected-errorComponent=NA, Expected-errorDescription=NA, Expected-errorDetail=NA, #browserJavascriptEnabled#=true, #challengeWindowSize#=04, #callerTxnRefID#=341b7153-da86-4543-860f-2ba47f0168a5, #caMerchantID#=MTD000000, #acctID#=ACCTID98X3fw3, #chAccAgeInd#=02, #chAccChange#=20180928, #chAccChangeInd#=02, #chAccDate#=20180928, #chAccPwChange#=20180901, #chAccPwChangeInd#=01, #nbPurchaseAccount#=8, #paymentAccAge#=20180808, #paymentAccInd#=01, #provisionAttemptsDay#=1, #shipAddressUsage#=20180910, #shipAddressUsageInd#=03, #shipNameIndicator#=01, #suspiciousAccActivity#=01, #txnActivityDay#=5, #txnActivityYear#=8, #acctNumber#=7UpZZndm5dmKnbhUtEVIl30b+B4lVwi6GEN5VUyxoT2QF9+gY5Ar1+tjBZys9AJyUW2vqz902epcr0Rkmr0sT/OlSvUOEc7gOEbVavO6KvHkRQchwOcaB3rwMDwhcZqsumgzyYwPWqBwAAtbIF+L1Lw7NyL9nYLl3O4ZHDyfNbdgBW5ZuNXWS2j+zhNabX1qmOv4NvdzdEV4iAlgc6YSsJ2RiOa3uyOXpLxzLtFSELhmZBO92W88+uSz/J7kMj5F7sAvkgULVYpptMi//3QaRAPLbtWtG7fWWuJuoAXMAuZeSzh2n7nL7COGeuipY7HjUEFov36gYDQL81FX219iew==, #acctType#=01, #addrMatch#=Y, #billAddrCity#=San Jose, #billAddrCountry#=840, #billAddrLine1#=500 West Maude Ave, #billAddrLine2#=ABC, #billAddrLine3#=HMS, #billAddrPostCode#=95101, #billAddrState#=CA, #browserAcceptHeader#=text/html,application/xhtml+xml,application/xml;q=0.9,image/webp,image/apng,*/*;q=0.8, #browserColorDepth#=24, #browserIP#=155.35.122.4, #browserJavaEnabled#=true, #browserLanguage#=en-US, #browserScreenHeight#=720, #browserScreenWidth#=1280, #browserTZ#=-330, #browserUserAgent#=Mozilla/5.0 (Windows NT 10.0; Win64; x64) AppleWebKit/537.36 (KHTML, like Gecko) Chrome/68.0.3440.84 Safari/537.36, #cardExpiryDate#=2008, #cardholderName#=Stephen, #deviceChannel#=02, #email#=harsh08@ca.com, #hcc#=1, #hsubscriber#=1234567899, #messageCategory#=01, #messageType#=AReq, #messageVersion#=2.1.0, #mcc#=1, #msubscriber#=1234567899, #notificationURL#=http://localhost:9090/golfstore2/CreqNotification.jsp, #purchaseAmount#=35000, #purchaseCurrency#=840, #purchaseDate#=20180928160450, #purchaseExponent#=2, #recurringExpiry#=#REMOVE#, #recurringFrequency#=#REMOVE#, #shipAddrCity#=San Jose, #shipAddrCountry#=840, #shipAddrLine1#=500 West Maude Ave, #shipAddrLine2#=ABC, #shipAddrLine3#=HMS, #shipAddrPostCode#=95101, #shipAddrState#=CA, #threeDSCompInd#=Y, #threeDSServerTransID#=, #wcc#=1, #wsubscriber#=1234567899, #threeDSRequestorAuthenticationInd#=01, #threeDSReqAuthData#=3DS PA Request, #threeDSReqAuthMethod#=02, #threeDSReqAuthTimestamp#=201809281603, #threeDSRequestorChallengeInd#=01, #threeDSRequestorID#=611, #threeDSRequestorName#=ew0KCSJEViI6ICIxLjAiLA0KCSJERCI6Iaa45, #threeDSReqPriorAuthData#=three DS Request Prior Authentication Data, #threeDSReqPriorAuthMethod#=01, #threeDSReqPriorAuthTimestamp#=201810010323, #threeDSReqPriorRef#=4c6453da-4c56-4980-98cd-d04a064899c4, #threeDSRequestorURL#=http://10.131.94.242:1080/content-server/api/tds2/txn/browser/v1/tds-method, #threeDSServerRefNumber#=AAAAAA123456789, #threeDSServerOperatorID#=serverOperatorID, #threeDSServerURL#=http://10.138.158.51:9608, #acquirerBIN#=123456, #acquirerMerchantID#=AcquirerMerchantID222, #payTokenInd#=true, #purchaseInstalData#=#REMOVE#, #mcc1#=0742, #merchantCountryCode#=840, #merchantName#=global, #deliveryEmailAddress#=harsh08@ca.com, #deliveryTimeframe#=01, #giftCardAmount#=500, #giftCardCount#=02, #giftCardCurr#=840, #preOrderDate#=20200803, #preOrderPurchaseInd#=01, #reorderItemsInd#=01, #shipIndicator#=01, #criticalityIndicator#=false, #id#=ID2018SEP282001, #name#=ShashishekharHM, #transType#=01, #threeDSRequestorAuthenticationInfo#=, #threeDSRequestorPriorAuthenticationInfo#=, #broadInfo#=, #broadInfoValue#=broadInfoValue, #acctInfo#=, #homePhone#=, #mobilePhone#=, #workPhone#=, #merchantRiskIndicator#=, #messageExtension#=, #Dvalue#=HMS, #Dvalue1#=HMS, #Dvalue2#=HMS}]]>
              </value>
            </param>
          </params>
          <reporter-output>
          </reporter-output>
        </test-method> <!-- testArequestAPI -->
        <test-method status="PASS" signature="afterMethodProcessing(org.testng.ITestResult)[pri:0, instance:com.ca.tds.main.TDSPreAreq_TC@30a3107a]" name="afterMethodProcessing" is-config="true" duration-ms="16" started-at="2020-01-22T09:16:25Z" finished-at="2020-01-22T09:16:25Z">
          <params>
            <param index="0">
              <value>
                <![CDATA[[TestResult name=testArequestAPI status=SUCCESS method=TDSPreAreq_TC.testArequestAPI(org.testng.ITestContext, java.util.Map)[pri:0, instance:com.ca.tds.main.TDSPreAreq_TC@30a3107a] output={null}]]]>
              </value>
            </param>
          </params>
          <reporter-output>
          </reporter-output>
        </test-method> <!-- afterMethodProcessing -->
        <test-method status="PASS" signature="AfterClass()[pri:0, instance:com.ca.tds.main.TDSPreAreq_TC@30a3107a]" name="AfterClass" is-config="true" duration-ms="0" started-at="2020-01-22T09:16:25Z" finished-at="2020-01-22T09:16:25Z">
          <reporter-output>
          </reporter-output>
        </test-method> <!-- AfterClass -->
        <test-method status="PASS" signature="AfterTestClass()[pri:0, instance:com.ca.tds.main.TDSPreAreq_TC@30a3107a]" name="AfterTestClass" is-config="true" duration-ms="0" started-at="2020-01-22T09:16:25Z" finished-at="2020-01-22T09:16:25Z">
          <reporter-output>
          </reporter-output>
        </test-method> <!-- AfterTestClass -->
      </class> <!-- com.ca.tds.main.TDSPreAreq_TC -->
    </test> <!-- VISA::Clear Card::Browser::AReq flow -->
    <test name="VISA::Clear Card::Browser::RReq flow" duration-ms="572" started-at="2020-01-22T09:16:25Z" finished-at="2020-01-22T09:16:26Z">
      <class name="com.ca.tds.main.TDSRReq_TC">
        <test-method status="PASS" signature="beforeTestClass()[pri:0, instance:com.ca.tds.main.TDSRReq_TC@3043fe0e]" name="beforeTestClass" is-config="true" duration-ms="0" started-at="2020-01-22T09:16:25Z" finished-at="2020-01-22T09:16:25Z">
          <reporter-output>
          </reporter-output>
        </test-method> <!-- beforeTestClass -->
        <test-method status="PASS" signature="BeforeClass()[pri:0, instance:com.ca.tds.main.TDSRReq_TC@3043fe0e]" name="BeforeClass" is-config="true" duration-ms="0" started-at="2020-01-22T09:16:25Z" finished-at="2020-01-22T09:16:25Z">
          <reporter-output>
          </reporter-output>
        </test-method> <!-- BeforeClass -->
        <test-method status="PASS" signature="testRRequestAPI(org.testng.ITestContext, java.util.Map)[pri:0, instance:com.ca.tds.main.TDSRReq_TC@3043fe0e]" name="testRRequestAPI" duration-ms="508" started-at="2020-01-22T09:16:25Z" data-provider="DataProvider3dsTestData" finished-at="2020-01-22T09:16:26Z">
          <params>
            <param index="0">
              <value>
                <![CDATA[org.testng.TestRunner@7fdce821]]>
              </value>
            </param>
            <param index="1">
              <value>
                <![CDATA[{TestCaseID=_S001, TestCaseName=_SanityChallenge_RReq_For_Verify_TC001, SanityFlag=Y, Test Case type=P, RequirementID=, FieldName=, Expected-threeDSServerTransID=G, Expected-dsTransID=G, Expected-acsTransID=G, Expected-messageExtension=G, Expected-messageType=RRes, Expected-messageVersion=2.1.0, Expected-resultsStatus=G, Expected-errorCode=NA, Expected-errorComponent=NA, Expected-errorDescription=NA, Expected-errorDetail=NA, #acsTransID#=, #authenticationType#=, #challengeCancel#=#REMOVE#, #dsTransID#=, #eci#=#REMOVE#, #interactionCounter#=01, #messageCategory#=01, #messageType#=RReq, #messageVersion#=, #threeDSServerTransID#=, #transStatus#=Y, #transStatusReason#=#REMOVE#, #criticalityIndicator#=false, #Dvalue#=HMS, #Dvalue1#=HMS, #Dvalue2#=HMS, #id#=ID2019JAN240101, #name#=ShashishekharHM, #authenticationValue#=AJkCCBFHJhl3gGhDA0cmAAAAAAA=}]]>
              </value>
            </param>
          </params>
          <reporter-output>
          </reporter-output>
        </test-method> <!-- testRRequestAPI -->
        <test-method status="PASS" signature="afterMethodProcessing(org.testng.ITestResult)[pri:0, instance:com.ca.tds.main.TDSRReq_TC@3043fe0e]" name="afterMethodProcessing" is-config="true" duration-ms="24" started-at="2020-01-22T09:16:26Z" finished-at="2020-01-22T09:16:26Z">
          <params>
            <param index="0">
              <value>
                <![CDATA[[TestResult name=testRRequestAPI status=SUCCESS method=TDSRReq_TC.testRRequestAPI(org.testng.ITestContext, java.util.Map)[pri:0, instance:com.ca.tds.main.TDSRReq_TC@3043fe0e] output={null}]]]>
              </value>
            </param>
          </params>
          <reporter-output>
          </reporter-output>
        </test-method> <!-- afterMethodProcessing -->
        <test-method status="PASS" signature="AfterClass()[pri:0, instance:com.ca.tds.main.TDSRReq_TC@3043fe0e]" name="AfterClass" is-config="true" duration-ms="0" started-at="2020-01-22T09:16:26Z" finished-at="2020-01-22T09:16:26Z">
          <reporter-output>
          </reporter-output>
        </test-method> <!-- AfterClass -->
        <test-method status="PASS" signature="AfterTestClass()[pri:0, instance:com.ca.tds.main.TDSRReq_TC@3043fe0e]" name="AfterTestClass" is-config="true" duration-ms="0" started-at="2020-01-22T09:16:26Z" finished-at="2020-01-22T09:16:26Z">
          <reporter-output>
          </reporter-output>
        </test-method> <!-- AfterTestClass -->
      </class> <!-- com.ca.tds.main.TDSRReq_TC -->
    </test> <!-- VISA::Clear Card::Browser::RReq flow -->
    <test name="VISA::Clear Card::Browser::VerifyAPI flow" duration-ms="564" started-at="2020-01-22T09:16:26Z" finished-at="2020-01-22T09:16:26Z">
      <class name="com.ca.tds.main.TDSVerifyAPI_TC">
        <test-method status="PASS" signature="beforeSuite(org.testng.ITestContext)[pri:0, instance:com.ca.tds.main.TDSVerifyAPI_TC@86be70a]" name="beforeSuite" is-config="true" duration-ms="37" started-at="2020-01-22T09:16:17Z" finished-at="2020-01-22T09:16:17Z">
          <params>
            <param index="0">
              <value>
                <![CDATA[org.testng.TestRunner@1a1c3d0e]]>
              </value>
            </param>
          </params>
          <reporter-output>
          </reporter-output>
        </test-method> <!-- beforeSuite -->
        <test-method status="PASS" signature="beforeTestClass()[pri:0, instance:com.ca.tds.main.TDSVerifyAPI_TC@86be70a]" name="beforeTestClass" is-config="true" duration-ms="0" started-at="2020-01-22T09:16:26Z" finished-at="2020-01-22T09:16:26Z">
          <reporter-output>
          </reporter-output>
        </test-method> <!-- beforeTestClass -->
        <test-method status="PASS" signature="BeforeClass()[pri:0, instance:com.ca.tds.main.TDSVerifyAPI_TC@86be70a]" name="BeforeClass" is-config="true" duration-ms="1" started-at="2020-01-22T09:16:26Z" finished-at="2020-01-22T09:16:26Z">
          <reporter-output>
          </reporter-output>
        </test-method> <!-- BeforeClass -->
        <test-method status="PASS" signature="testArequestAPI(org.testng.ITestContext, java.util.Map)[pri:0, instance:com.ca.tds.main.TDSVerifyAPI_TC@86be70a]" name="testArequestAPI" duration-ms="498" started-at="2020-01-22T09:16:26Z" data-provider="DataProvider3dsTestData" finished-at="2020-01-22T09:16:26Z">
          <params>
            <param index="0">
              <value>
                <![CDATA[org.testng.TestRunner@1a1c3d0e]]>
              </value>
            </param>
            <param index="1">
              <value>
                <![CDATA[{TestCaseID=_S001, TestCaseName=_SanityChallenge_Sample Valid Verify Request, SanityFlag=Y, Test Case type=P, RequirementID=, FieldName=, Expected-threeDSServerTransID=G, Expected-callerTxnRefID=G, Expected-eci=G, Expected-authenticationValue=G, Expected-transStatus=G, Expected-transStatusReason=G, Expected-challengeCancel=G, Expected-resultsStatus=G, Expected-authenticationType=G, Expected-interactionCounter=G, Expected-messageType=RSRs, Expected-XID=G, Expected-errorCode=NA, Expected-errorComponent=NA, Expected-errorDescription=NA, Expected-errorDetail=NA, #threeDSServerTransID#=, #callerTxnRefID#=341b7153-da86-4543-860f-2ba47f0168a5, #cres#=, #messageType#=RSRq, #caMerchantID#=CA_EU, #transStatus#=Y}]]>
              </value>
            </param>
          </params>
          <reporter-output>
          </reporter-output>
        </test-method> <!-- testArequestAPI -->
        <test-method status="PASS" signature="afterMethodProcessing(org.testng.ITestResult)[pri:0, instance:com.ca.tds.main.TDSVerifyAPI_TC@86be70a]" name="afterMethodProcessing" is-config="true" duration-ms="26" started-at="2020-01-22T09:16:26Z" finished-at="2020-01-22T09:16:26Z">
          <params>
            <param index="0">
              <value>
                <![CDATA[[TestResult name=testArequestAPI status=SUCCESS method=TDSVerifyAPI_TC.testArequestAPI(org.testng.ITestContext, java.util.Map)[pri:0, instance:com.ca.tds.main.TDSVerifyAPI_TC@86be70a] output={null}]]]>
              </value>
            </param>
          </params>
          <reporter-output>
          </reporter-output>
        </test-method> <!-- afterMethodProcessing -->
        <test-method status="PASS" signature="AfterClass()[pri:0, instance:com.ca.tds.main.TDSVerifyAPI_TC@86be70a]" name="AfterClass" is-config="true" duration-ms="0" started-at="2020-01-22T09:16:26Z" finished-at="2020-01-22T09:16:26Z">
          <reporter-output>
          </reporter-output>
        </test-method> <!-- AfterClass -->
        <test-method status="PASS" signature="AfterTestClass()[pri:0, instance:com.ca.tds.main.TDSVerifyAPI_TC@86be70a]" name="AfterTestClass" is-config="true" duration-ms="0" started-at="2020-01-22T09:16:26Z" finished-at="2020-01-22T09:16:26Z">
          <reporter-output>
          </reporter-output>
        </test-method> <!-- AfterTestClass -->
        <test-method status="PASS" signature="endSuite()[pri:0, instance:com.ca.tds.main.TDSVerifyAPI_TC@86be70a]" name="endSuite" is-config="true" duration-ms="13" started-at="2020-01-22T09:16:26Z" finished-at="2020-01-22T09:16:26Z">
          <reporter-output>
          </reporter-output>
        </test-method> <!-- endSuite -->
      </class> <!-- com.ca.tds.main.TDSVerifyAPI_TC -->
    </test> <!-- VISA::Clear Card::Browser::VerifyAPI flow -->
  </suite> <!-- SanityChallengeflowMethodurl -->
  <suite name="3DSSAllFlowsPreview" duration-ms="0" started-at="2020-01-22T09:16:27Z" finished-at="2020-01-22T09:16:27Z">
    <groups>
    </groups>
  </suite> <!-- 3DSSAllFlowsPreview -->
</testng-results>
