<?xml version="1.0" encoding="UTF-8"?>
<testng-results skipped="0" failed="0" ignored="0" total="30" passed="30">
  <reporter-output>
  </reporter-output>
  <suite name="SanityFrictionLess" duration-ms="7670" started-at="2019-11-27T06:27:37Z" finished-at="2019-11-27T06:27:45Z">
    <groups>
    </groups>
    <test name="AMEX::Clear Card::Browser::AReq flow" duration-ms="2672" started-at="2019-11-27T06:27:37Z" finished-at="2019-11-27T06:27:40Z">
      <class name="com.ca.tds.main.TDSPreAreq_TC">
        <test-method status="PASS" signature="beforeTestClass()[pri:0, instance:com.ca.tds.main.TDSPreAreq_TC@56ac3a89]" name="beforeTestClass" is-config="true" duration-ms="0" started-at="2019-11-27T06:27:37Z" finished-at="2019-11-27T06:27:37Z">
          <reporter-output>
          </reporter-output>
        </test-method> <!-- beforeTestClass -->
        <test-method status="PASS" signature="BeforeClass()[pri:0, instance:com.ca.tds.main.TDSPreAreq_TC@56ac3a89]" name="BeforeClass" is-config="true" duration-ms="0" started-at="2019-11-27T06:27:37Z" finished-at="2019-11-27T06:27:37Z">
          <reporter-output>
          </reporter-output>
        </test-method> <!-- BeforeClass -->
        <test-method status="PASS" signature="testArequestAPI(org.testng.ITestContext, java.util.Map)[pri:0, instance:com.ca.tds.main.TDSPreAreq_TC@56ac3a89]" name="testArequestAPI" duration-ms="2293" started-at="2019-11-27T06:27:37Z" data-provider="DataProvider3dsTestData" finished-at="2019-11-27T06:27:40Z">
          <params>
            <param index="0">
              <value>
                <![CDATA[org.testng.TestRunner@50a3bb18]]>
              </value>
            </param>
            <param index="1">
              <value>
                <![CDATA[{TestCaseID=_A001, TestCaseName=_SanityFrictionless_Sample Valid Areq Request, SanityFlag=Y, Test Case type=P, RequirementID=, FieldName=, Expected-cardholderInfo=NA, Expected-creq=NA, Expected-transStatusReason=NA, Expected-authenticationValue=G, Expected-authenticationType=NA, Expected-acsURL=NA, Expected-acsOperatorID=ACS_OPERATOR_ID, Expected-acsChallengeMandated=NA, Expected-callerTxnRefID=G, Expected-threeDSServerTransID=G, Expected-dsTransID=G, Expected-acsTransID=G, Expected-eci=G, Expected-messageType=ARes, Expected-dsName=amex, Expected-messageVersion=2.1.0, Expected-dsReferenceNumber=CADS, Expected-acsReferenceNumber=ABCDEF987654321, Expected-transStatus=Y, Expected-errorCode=NA, Expected-errorComponent=NA, Expected-errorDescription=NA, Expected-errorDetail=NA, #browserJavascriptEnabled#=true, #challengeWindowSize#=04, #callerTxnRefID#=341b7153-da86-4543-860f-2ba47f0168a5, #caMerchantID#=CA_EU, #acctID#=ACCTID98X3fw3, #chAccAgeInd#=02, #chAccChange#=20180928, #chAccChangeInd#=02, #chAccDate#=20180928, #chAccPwChange#=20180901, #chAccPwChangeInd#=01, #nbPurchaseAccount#=8, #paymentAccAge#=20180808, #paymentAccInd#=01, #provisionAttemptsDay#=1, #shipAddressUsage#=20180910, #shipAddressUsageInd#=03, #shipNameIndicator#=01, #suspiciousAccActivity#=01, #txnActivityDay#=5, #txnActivityYear#=8, #acctNumber#=340000000001007, #acctType#=01, #addrMatch#=Y, #billAddrCity#=San Jose, #billAddrCountry#=840, #billAddrLine1#=500 West Maude Ave, #billAddrLine2#=ABC, #billAddrLine3#=HMS, #billAddrPostCode#=95101, #billAddrState#=CA, #browserAcceptHeader#=text/html,application/xhtml+xml,application/xml;q=0.9,image/webp,image/apng,*/*;q=0.8, #browserColorDepth#=24, #browserIP#=155.35.122.4, #browserJavaEnabled#=true, #browserLanguage#=en-US, #browserScreenHeight#=720, #browserScreenWidth#=1280, #browserTZ#=-330, #browserUserAgent#=Mozilla/5.0 (Windows NT 10.0; Win64; x64) AppleWebKit/537.36 (KHTML, like Gecko) Chrome/68.0.3440.84 Safari/537.36, #cardExpiryDate#=2008, #cardholderName#=Stephen, #deviceChannel#=02, #email#=harsh08@ca.com, #hcc#=840, #hsubscriber#=1234567899, #messageCategory#=01, #messageType#=AReq, #messageVersion#=2.1.0, #mcc#=840, #msubscriber#=1234567899, #notificationURL#=http://localhost:9090/golfstore2/CreqNotification.jsp, #purchaseAmount#=100, #purchaseCurrency#=840, #purchaseDate#=20180928160450, #purchaseExponent#=2, #recurringExpiry#=#REMOVE#, #recurringFrequency#=#REMOVE#, #shipAddrCity#=San Jose, #shipAddrCountry#=840, #shipAddrLine1#=500 West Maude Ave, #shipAddrLine2#=ABC, #shipAddrLine3#=HMS, #shipAddrPostCode#=95101, #shipAddrState#=CA, #threeDSCompInd#=Y, #threeDSServerTransID#=, #wcc#=840, #wsubscriber#=1234567899, #threeDSRequestorAuthenticationInd#=01, #threeDSReqAuthData#=3DS PA Request, #threeDSReqAuthMethod#=02, #threeDSReqAuthTimestamp#=201809281603, #threeDSRequestorChallengeInd#=01, #threeDSRequestorID#=611, #threeDSRequestorName#=ew0KCSJEViI6ICIxLjAiLA0KCSJERCI6Iaa45, #threeDSReqPriorAuthData#=three DS Request Prior Authentication Data, #threeDSReqPriorAuthMethod#=01, #threeDSReqPriorAuthTimestamp#=201810010323, #threeDSReqPriorRef#=4c6453da-4c56-4980-98cd-d04a064899c4, #threeDSRequestorURL#=http://10.131.94.242:1080/content-server/api/tds2/txn/browser/v1/tds-method, #threeDSServerRefNumber#=AAAAAA123456789, #threeDSServerOperatorID#=serverOperatorID, #threeDSServerURL#=http://10.138.158.51:9608, #acquirerBIN#=12345678912, #acquirerMerchantID#=AcquirerMerchantID222, #payTokenInd#=true, #purchaseInstalData#=#REMOVE#, #mcc1#=0742, #merchantCountryCode#=840, #merchantName#=global, #deliveryEmailAddress#=harsh08@ca.com, #deliveryTimeframe#=01, #giftCardAmount#=500, #giftCardCount#=02, #giftCardCurr#=840, #preOrderDate#=20200803, #preOrderPurchaseInd#=01, #reorderItemsInd#=01, #shipIndicator#=01, #criticalityIndicator#=false, #id#=ID2018SEP282001, #name#=ShashishekharHM, #transType#=01, #threeDSRequestorAuthenticationInfo#=, #threeDSRequestorPriorAuthenticationInfo#=, #broadInfo#=, #broadInfoValue#=broadInfoValue, #acctInfo#=, #homePhone#=, #mobilePhone#=, #workPhone#=, #merchantRiskIndicator#=, #messageExtension#=, #Dvalue#=HMS, #Dvalue1#=HMS, #Dvalue2#=HMS}]]>
              </value>
            </param>
          </params>
          <reporter-output>
          </reporter-output>
        </test-method> <!-- testArequestAPI -->
        <test-method status="PASS" signature="afterMethodProcessing(org.testng.ITestResult)[pri:0, instance:com.ca.tds.main.TDSPreAreq_TC@56ac3a89]" name="afterMethodProcessing" is-config="true" duration-ms="214" started-at="2019-11-27T06:27:40Z" finished-at="2019-11-27T06:27:40Z">
          <params>
            <param index="0">
              <value>
                <![CDATA[[TestResult name=testArequestAPI status=SUCCESS method=TDSPreAreq_TC.testArequestAPI(org.testng.ITestContext, java.util.Map)[pri:0, instance:com.ca.tds.main.TDSPreAreq_TC@56ac3a89] output={null}]]]>
              </value>
            </param>
          </params>
          <reporter-output>
          </reporter-output>
        </test-method> <!-- afterMethodProcessing -->
        <test-method status="PASS" signature="AfterTestClass()[pri:0, instance:com.ca.tds.main.TDSPreAreq_TC@56ac3a89]" name="AfterTestClass" is-config="true" duration-ms="0" started-at="2019-11-27T06:27:40Z" finished-at="2019-11-27T06:27:40Z">
          <reporter-output>
          </reporter-output>
        </test-method> <!-- AfterTestClass -->
        <test-method status="PASS" signature="AfterClass()[pri:0, instance:com.ca.tds.main.TDSPreAreq_TC@56ac3a89]" name="AfterClass" is-config="true" duration-ms="0" started-at="2019-11-27T06:27:40Z" finished-at="2019-11-27T06:27:40Z">
          <reporter-output>
          </reporter-output>
        </test-method> <!-- AfterClass -->
      </class> <!-- com.ca.tds.main.TDSPreAreq_TC -->
    </test> <!-- AMEX::Clear Card::Browser::AReq flow -->
    <test name="MASTERC::Clear Card::Browser::AReq flow" duration-ms="3049" started-at="2019-11-27T06:27:40Z" finished-at="2019-11-27T06:27:43Z">
      <class name="com.ca.tds.main.TDSPreAreq_TC">
        <test-method status="PASS" signature="beforeTestClass()[pri:0, instance:com.ca.tds.main.TDSPreAreq_TC@544fe44c]" name="beforeTestClass" is-config="true" duration-ms="0" started-at="2019-11-27T06:27:40Z" finished-at="2019-11-27T06:27:40Z">
          <reporter-output>
          </reporter-output>
        </test-method> <!-- beforeTestClass -->
        <test-method status="PASS" signature="BeforeClass()[pri:0, instance:com.ca.tds.main.TDSPreAreq_TC@544fe44c]" name="BeforeClass" is-config="true" duration-ms="0" started-at="2019-11-27T06:27:40Z" finished-at="2019-11-27T06:27:40Z">
          <reporter-output>
          </reporter-output>
        </test-method> <!-- BeforeClass -->
        <test-method status="PASS" signature="testArequestAPI(org.testng.ITestContext, java.util.Map)[pri:0, instance:com.ca.tds.main.TDSPreAreq_TC@544fe44c]" name="testArequestAPI" duration-ms="2867" started-at="2019-11-27T06:27:40Z" data-provider="DataProvider3dsTestData" finished-at="2019-11-27T06:27:43Z">
          <params>
            <param index="0">
              <value>
                <![CDATA[org.testng.TestRunner@cab9ed4]]>
              </value>
            </param>
            <param index="1">
              <value>
                <![CDATA[{TestCaseID=_M001, TestCaseName=_SanityFrictionless_Sample Valid Areq Request, SanityFlag=Y, Test Case type=P, RequirementID=, FieldName=, Expected-cardholderInfo=NA, Expected-creq=NA, Expected-transStatusReason=NA, Expected-authenticationValue=G, Expected-authenticationType=NA, Expected-acsURL=NA, Expected-acsOperatorID=ACS_OPERATOR_ID, Expected-acsChallengeMandated=NA, Expected-callerTxnRefID=G, Expected-threeDSServerTransID=G, Expected-dsTransID=G, Expected-acsTransID=G, Expected-eci=G, Expected-messageType=ARes, Expected-dsName=mastercard, Expected-messageVersion=2.1.0, Expected-dsReferenceNumber=CADS, Expected-acsReferenceNumber=ABCDEF987654321, Expected-transStatus=Y, Expected-errorCode=NA, Expected-errorComponent=NA, Expected-errorDescription=NA, Expected-errorDetail=NA, #browserJavascriptEnabled#=true, #challengeWindowSize#=04, #callerTxnRefID#=341b7153-da86-4543-860f-2ba47f0168a5, #caMerchantID#=CA_EU, #acctID#=ACCTID98X3fw3, #chAccAgeInd#=02, #chAccChange#=20180928, #chAccChangeInd#=02, #chAccDate#=20180928, #chAccPwChange#=20180901, #chAccPwChangeInd#=01, #nbPurchaseAccount#=8, #paymentAccAge#=20180808, #paymentAccInd#=01, #provisionAttemptsDay#=1, #shipAddressUsage#=20180910, #shipAddressUsageInd#=03, #shipNameIndicator#=01, #suspiciousAccActivity#=01, #txnActivityDay#=5, #txnActivityYear#=8, #acctNumber#=5186003100001014, #acctType#=01, #addrMatch#=Y, #billAddrCity#=San Jose, #billAddrCountry#=840, #billAddrLine1#=500 West Maude Ave, #billAddrLine2#=ABC, #billAddrLine3#=HMS, #billAddrPostCode#=95101, #billAddrState#=CA, #browserAcceptHeader#=text/html,application/xhtml+xml,application/xml;q=0.9,image/webp,image/apng,*/*;q=0.8, #browserColorDepth#=24, #browserIP#=155.35.122.4, #browserJavaEnabled#=true, #browserLanguage#=en-US, #browserScreenHeight#=720, #browserScreenWidth#=1280, #browserTZ#=-330, #browserUserAgent#=Mozilla/5.0 (Windows NT 10.0; Win64; x64) AppleWebKit/537.36 (KHTML, like Gecko) Chrome/68.0.3440.84 Safari/537.36, #cardExpiryDate#=2008, #cardholderName#=Stephen, #deviceChannel#=02, #email#=harsh08@ca.com, #hcc#=840, #hsubscriber#=1234567899, #messageCategory#=01, #messageType#=AReq, #messageVersion#=2.1.0, #mcc#=840, #msubscriber#=1234567899, #notificationURL#=http://localhost:9090/golfstore2/CreqNotification.jsp, #purchaseAmount#=100, #purchaseCurrency#=840, #purchaseDate#=20180928160450, #purchaseExponent#=2, #recurringExpiry#=#REMOVE#, #recurringFrequency#=#REMOVE#, #shipAddrCity#=San Jose, #shipAddrCountry#=840, #shipAddrLine1#=500 West Maude Ave, #shipAddrLine2#=ABC, #shipAddrLine3#=HMS, #shipAddrPostCode#=95101, #shipAddrState#=CA, #threeDSCompInd#=Y, #threeDSServerTransID#=, #wcc#=840, #wsubscriber#=1234567899, #threeDSRequestorAuthenticationInd#=01, #threeDSReqAuthData#=3DS PA Request, #threeDSReqAuthMethod#=02, #threeDSReqAuthTimestamp#=201809281603, #threeDSRequestorChallengeInd#=01, #threeDSRequestorID#=611, #threeDSRequestorName#=ew0KCSJEViI6ICIxLjAiLA0KCSJERCI6Iaa45, #threeDSReqPriorAuthData#=three DS Request Prior Authentication Data, #threeDSReqPriorAuthMethod#=01, #threeDSReqPriorAuthTimestamp#=201810010323, #threeDSReqPriorRef#=4c6453da-4c56-4980-98cd-d04a064899c4, #threeDSRequestorURL#=http://10.131.94.242:1080/content-server/api/tds2/txn/browser/v1/tds-method, #threeDSServerRefNumber#=AAAAAA123456789, #threeDSServerOperatorID#=serverOperatorID, #threeDSServerURL#=http://10.138.158.51:9608, #acquirerBIN#=12345678912, #acquirerMerchantID#=AcquirerMerchantID222, #payTokenInd#=true, #purchaseInstalData#=#REMOVE#, #mcc1#=0742, #merchantCountryCode#=840, #merchantName#=global, #deliveryEmailAddress#=harsh08@ca.com, #deliveryTimeframe#=01, #giftCardAmount#=500, #giftCardCount#=02, #giftCardCurr#=840, #preOrderDate#=20200803, #preOrderPurchaseInd#=01, #reorderItemsInd#=01, #shipIndicator#=01, #criticalityIndicator#=false, #id#=ID2018SEP282001, #name#=ShashishekharHM, #transType#=01, #threeDSRequestorAuthenticationInfo#=, #threeDSRequestorPriorAuthenticationInfo#=, #broadInfo#=, #broadInfoValue#=broadInfoValue, #acctInfo#=, #homePhone#=, #mobilePhone#=, #workPhone#=, #merchantRiskIndicator#=, #messageExtension#=, #Dvalue#=HMS, #Dvalue1#=HMS, #Dvalue2#=HMS}]]>
              </value>
            </param>
          </params>
          <reporter-output>
          </reporter-output>
        </test-method> <!-- testArequestAPI -->
        <test-method status="PASS" signature="afterMethodProcessing(org.testng.ITestResult)[pri:0, instance:com.ca.tds.main.TDSPreAreq_TC@544fe44c]" name="afterMethodProcessing" is-config="true" duration-ms="39" started-at="2019-11-27T06:27:43Z" finished-at="2019-11-27T06:27:43Z">
          <params>
            <param index="0">
              <value>
                <![CDATA[[TestResult name=testArequestAPI status=SUCCESS method=TDSPreAreq_TC.testArequestAPI(org.testng.ITestContext, java.util.Map)[pri:0, instance:com.ca.tds.main.TDSPreAreq_TC@544fe44c] output={null}]]]>
              </value>
            </param>
          </params>
          <reporter-output>
          </reporter-output>
        </test-method> <!-- afterMethodProcessing -->
        <test-method status="PASS" signature="AfterClass()[pri:0, instance:com.ca.tds.main.TDSPreAreq_TC@544fe44c]" name="AfterClass" is-config="true" duration-ms="0" started-at="2019-11-27T06:27:43Z" finished-at="2019-11-27T06:27:43Z">
          <reporter-output>
          </reporter-output>
        </test-method> <!-- AfterClass -->
        <test-method status="PASS" signature="AfterTestClass()[pri:0, instance:com.ca.tds.main.TDSPreAreq_TC@544fe44c]" name="AfterTestClass" is-config="true" duration-ms="0" started-at="2019-11-27T06:27:43Z" finished-at="2019-11-27T06:27:43Z">
          <reporter-output>
          </reporter-output>
        </test-method> <!-- AfterTestClass -->
      </class> <!-- com.ca.tds.main.TDSPreAreq_TC -->
    </test> <!-- MASTERC::Clear Card::Browser::AReq flow -->
    <test name="VISA::Clear Card::Browser::AReq flow" duration-ms="1912" started-at="2019-11-27T06:27:43Z" finished-at="2019-11-27T06:27:45Z">
      <class name="com.ca.tds.main.TDSPreAreq_TC">
        <test-method status="PASS" signature="beforeSuite(org.testng.ITestContext)[pri:0, instance:com.ca.tds.main.TDSPreAreq_TC@66480dd7]" name="beforeSuite" is-config="true" duration-ms="2712" started-at="2019-11-27T06:27:35Z" finished-at="2019-11-27T06:27:37Z">
          <params>
            <param index="0">
              <value>
                <![CDATA[org.testng.TestRunner@63d79fdd]]>
              </value>
            </param>
          </params>
          <reporter-output>
          </reporter-output>
        </test-method> <!-- beforeSuite -->
        <test-method status="PASS" signature="beforeTestClass()[pri:0, instance:com.ca.tds.main.TDSPreAreq_TC@66480dd7]" name="beforeTestClass" is-config="true" duration-ms="0" started-at="2019-11-27T06:27:43Z" finished-at="2019-11-27T06:27:43Z">
          <reporter-output>
          </reporter-output>
        </test-method> <!-- beforeTestClass -->
        <test-method status="PASS" signature="BeforeClass()[pri:0, instance:com.ca.tds.main.TDSPreAreq_TC@66480dd7]" name="BeforeClass" is-config="true" duration-ms="0" started-at="2019-11-27T06:27:43Z" finished-at="2019-11-27T06:27:43Z">
          <reporter-output>
          </reporter-output>
        </test-method> <!-- BeforeClass -->
        <test-method status="PASS" signature="testArequestAPI(org.testng.ITestContext, java.util.Map)[pri:0, instance:com.ca.tds.main.TDSPreAreq_TC@66480dd7]" name="testArequestAPI" duration-ms="1809" started-at="2019-11-27T06:27:43Z" data-provider="DataProvider3dsTestData" finished-at="2019-11-27T06:27:45Z">
          <params>
            <param index="0">
              <value>
                <![CDATA[org.testng.TestRunner@63d79fdd]]>
              </value>
            </param>
            <param index="1">
              <value>
                <![CDATA[{TestCaseID=_V001, TestCaseName=_SanityFrictionless_Sample Valid Areq Request, SanityFlag=Y, Test Case type=P, RequirementID=, FieldName=, Expected-cardholderInfo=NA, Expected-creq=NA, Expected-transStatusReason=NA, Expected-authenticationValue=G, Expected-authenticationType=NA, Expected-acsURL=NA, Expected-acsOperatorID=ACS_OPERATOR_ID, Expected-acsChallengeMandated=NA, Expected-callerTxnRefID=G, Expected-threeDSServerTransID=G, Expected-dsTransID=G, Expected-acsTransID=G, Expected-eci=G, Expected-messageType=ARes, Expected-dsName=visa, Expected-messageVersion=2.1.0, Expected-dsReferenceNumber=CADS, Expected-acsReferenceNumber=ABCDEF987654321, Expected-transStatus=Y, Expected-errorCode=NA, Expected-errorComponent=NA, Expected-errorDescription=NA, Expected-errorDetail=NA, #browserJavascriptEnabled#=true, #challengeWindowSize#=04, #callerTxnRefID#=341b7153-da86-4543-860f-2ba47f0168a5, #caMerchantID#=CA_EU, #acctID#=ACCTID98X3fw3, #chAccAgeInd#=02, #chAccChange#=20180928, #chAccChangeInd#=02, #chAccDate#=20180928, #chAccPwChange#=20180901, #chAccPwChangeInd#=01, #nbPurchaseAccount#=8, #paymentAccAge#=20180808, #paymentAccInd#=01, #provisionAttemptsDay#=1, #shipAddressUsage#=20180910, #shipAddressUsageInd#=03, #shipNameIndicator#=01, #suspiciousAccActivity#=01, #txnActivityDay#=5, #txnActivityYear#=8, #acctNumber#=4000500060000008, #acctType#=01, #addrMatch#=Y, #billAddrCity#=San Jose, #billAddrCountry#=840, #billAddrLine1#=500 West Maude Ave, #billAddrLine2#=ABC, #billAddrLine3#=HMS, #billAddrPostCode#=95101, #billAddrState#=CA, #browserAcceptHeader#=text/html,application/xhtml+xml,application/xml;q=0.9,image/webp,image/apng,*/*;q=0.8, #browserColorDepth#=24, #browserIP#=155.35.122.4, #browserJavaEnabled#=true, #browserLanguage#=en-US, #browserScreenHeight#=720, #browserScreenWidth#=1280, #browserTZ#=-330, #browserUserAgent#=Mozilla/5.0 (Windows NT 10.0; Win64; x64) AppleWebKit/537.36 (KHTML, like Gecko) Chrome/68.0.3440.84 Safari/537.36, #cardExpiryDate#=2008, #cardholderName#=Stephen, #deviceChannel#=02, #email#=harsh08@ca.com, #hcc#=840, #hsubscriber#=1234567899, #messageCategory#=01, #messageType#=AReq, #messageVersion#=2.1.0, #mcc#=840, #msubscriber#=1234567899, #notificationURL#=http://localhost:9090/golfstore2/CreqNotification.jsp, #purchaseAmount#=100, #purchaseCurrency#=840, #purchaseDate#=20180928160450, #purchaseExponent#=2, #recurringExpiry#=#REMOVE#, #recurringFrequency#=#REMOVE#, #shipAddrCity#=San Jose, #shipAddrCountry#=840, #shipAddrLine1#=500 West Maude Ave, #shipAddrLine2#=ABC, #shipAddrLine3#=HMS, #shipAddrPostCode#=95101, #shipAddrState#=CA, #threeDSCompInd#=Y, #threeDSServerTransID#=, #wcc#=840, #wsubscriber#=1234567899, #threeDSRequestorAuthenticationInd#=01, #threeDSReqAuthData#=3DS PA Request, #threeDSReqAuthMethod#=02, #threeDSReqAuthTimestamp#=201809281603, #threeDSRequestorChallengeInd#=01, #threeDSRequestorID#=611, #threeDSRequestorName#=ew0KCSJEViI6ICIxLjAiLA0KCSJERCI6Iaa45, #threeDSReqPriorAuthData#=three DS Request Prior Authentication Data, #threeDSReqPriorAuthMethod#=01, #threeDSReqPriorAuthTimestamp#=201810010323, #threeDSReqPriorRef#=4c6453da-4c56-4980-98cd-d04a064899c4, #threeDSRequestorURL#=http://10.131.94.242:1080/content-server/api/tds2/txn/browser/v1/tds-method, #threeDSServerRefNumber#=AAAAAA123456789, #threeDSServerOperatorID#=serverOperatorID, #threeDSServerURL#=http://10.138.158.51:9608, #acquirerBIN#=12345678912, #acquirerMerchantID#=AcquirerMerchantID222, #payTokenInd#=true, #purchaseInstalData#=#REMOVE#, #mcc1#=0742, #merchantCountryCode#=840, #merchantName#=global, #deliveryEmailAddress#=harsh08@ca.com, #deliveryTimeframe#=01, #giftCardAmount#=500, #giftCardCount#=02, #giftCardCurr#=840, #preOrderDate#=20200803, #preOrderPurchaseInd#=01, #reorderItemsInd#=01, #shipIndicator#=01, #criticalityIndicator#=false, #id#=ID2018SEP282001, #name#=ShashishekharHM, #transType#=01, #threeDSRequestorAuthenticationInfo#=, #threeDSRequestorPriorAuthenticationInfo#=, #broadInfo#=, #broadInfoValue#=broadInfoValue, #acctInfo#=, #homePhone#=, #mobilePhone#=, #workPhone#=, #merchantRiskIndicator#=, #messageExtension#=, #Dvalue#=HMS, #Dvalue1#=HMS, #Dvalue2#=HMS}]]>
              </value>
            </param>
          </params>
          <reporter-output>
          </reporter-output>
        </test-method> <!-- testArequestAPI -->
        <test-method status="PASS" signature="afterMethodProcessing(org.testng.ITestResult)[pri:0, instance:com.ca.tds.main.TDSPreAreq_TC@66480dd7]" name="afterMethodProcessing" is-config="true" duration-ms="24" started-at="2019-11-27T06:27:45Z" finished-at="2019-11-27T06:27:45Z">
          <params>
            <param index="0">
              <value>
                <![CDATA[[TestResult name=testArequestAPI status=SUCCESS method=TDSPreAreq_TC.testArequestAPI(org.testng.ITestContext, java.util.Map)[pri:0, instance:com.ca.tds.main.TDSPreAreq_TC@66480dd7] output={null}]]]>
              </value>
            </param>
          </params>
          <reporter-output>
          </reporter-output>
        </test-method> <!-- afterMethodProcessing -->
        <test-method status="PASS" signature="AfterClass()[pri:0, instance:com.ca.tds.main.TDSPreAreq_TC@66480dd7]" name="AfterClass" is-config="true" duration-ms="0" started-at="2019-11-27T06:27:45Z" finished-at="2019-11-27T06:27:45Z">
          <reporter-output>
          </reporter-output>
        </test-method> <!-- AfterClass -->
        <test-method status="PASS" signature="AfterTestClass()[pri:0, instance:com.ca.tds.main.TDSPreAreq_TC@66480dd7]" name="AfterTestClass" is-config="true" duration-ms="0" started-at="2019-11-27T06:27:45Z" finished-at="2019-11-27T06:27:45Z">
          <reporter-output>
          </reporter-output>
        </test-method> <!-- AfterTestClass -->
        <test-method status="PASS" signature="endSuite()[pri:0, instance:com.ca.tds.main.TDSPreAreq_TC@66480dd7]" name="endSuite" is-config="true" duration-ms="17" started-at="2019-11-27T06:27:45Z" finished-at="2019-11-27T06:27:45Z">
          <reporter-output>
          </reporter-output>
        </test-method> <!-- endSuite -->
      </class> <!-- com.ca.tds.main.TDSPreAreq_TC -->
    </test> <!-- VISA::Clear Card::Browser::AReq flow -->
  </suite> <!-- SanityFrictionLess -->
  <suite name="SanityChallengeflow" duration-ms="14376" started-at="2019-11-27T06:27:45Z" finished-at="2019-11-27T06:27:59Z">
    <groups>
    </groups>
    <test name="AMEX::Clear Card::Browser::AReq flow" duration-ms="1692" started-at="2019-11-27T06:27:45Z" finished-at="2019-11-27T06:27:47Z">
      <class name="com.ca.tds.main.TDSPreAreq_TC">
        <test-method status="PASS" signature="beforeTestClass()[pri:0, instance:com.ca.tds.main.TDSPreAreq_TC@2ac273d3]" name="beforeTestClass" is-config="true" duration-ms="0" started-at="2019-11-27T06:27:45Z" finished-at="2019-11-27T06:27:45Z">
          <reporter-output>
          </reporter-output>
        </test-method> <!-- beforeTestClass -->
        <test-method status="PASS" signature="BeforeClass()[pri:0, instance:com.ca.tds.main.TDSPreAreq_TC@2ac273d3]" name="BeforeClass" is-config="true" duration-ms="0" started-at="2019-11-27T06:27:45Z" finished-at="2019-11-27T06:27:45Z">
          <reporter-output>
          </reporter-output>
        </test-method> <!-- BeforeClass -->
        <test-method status="PASS" signature="testArequestAPI(org.testng.ITestContext, java.util.Map)[pri:0, instance:com.ca.tds.main.TDSPreAreq_TC@2ac273d3]" name="testArequestAPI" duration-ms="1578" started-at="2019-11-27T06:27:45Z" data-provider="DataProvider3dsTestData" finished-at="2019-11-27T06:27:47Z">
          <params>
            <param index="0">
              <value>
                <![CDATA[org.testng.TestRunner@26290129]]>
              </value>
            </param>
            <param index="1">
              <value>
                <![CDATA[{TestCaseID=_S001, TestCaseName=_SanityChallenge_AReq_AMEX_For_Verify_TC001, SanityFlag=Y, Test Case type=P, RequirementID=, FieldName=, Expected-cardholderInfo=NA, Expected-creq=G, Expected-transStatusReason=NA, Expected-authenticationValue=NA, Expected-authenticationType=G, Expected-acsURL=G, Expected-acsOperatorID=ACS_OPERATOR_ID, Expected-acsChallengeMandated=G, Expected-callerTxnRefID=G, Expected-threeDSServerTransID=G, Expected-dsTransID=G, Expected-acsTransID=G, Expected-eci=NA, Expected-messageType=ARes, Expected-dsName=amex, Expected-messageVersion=2.1.0, Expected-dsReferenceNumber=CADS, Expected-acsReferenceNumber=ABCDEF987654321, Expected-transStatus=C, Expected-errorCode=NA, Expected-errorComponent=NA, Expected-errorDescription=NA, Expected-errorDetail=NA, #browserJavascriptEnabled#=true, #challengeWindowSize#=04, #callerTxnRefID#=341b7153-da86-4543-860f-2ba47f0168a5, #caMerchantID#=CA_EU, #acctID#=ACCTID98X3fw3, #chAccAgeInd#=02, #chAccChange#=20180928, #chAccChangeInd#=02, #chAccDate#=20180928, #chAccPwChange#=20180901, #chAccPwChangeInd#=01, #nbPurchaseAccount#=8, #paymentAccAge#=20180808, #paymentAccInd#=01, #provisionAttemptsDay#=1, #shipAddressUsage#=20180910, #shipAddressUsageInd#=03, #shipNameIndicator#=01, #suspiciousAccActivity#=01, #txnActivityDay#=5, #txnActivityYear#=8, #acctNumber#=340000000001007, #acctType#=01, #addrMatch#=Y, #billAddrCity#=San Jose, #billAddrCountry#=840, #billAddrLine1#=500 West Maude Ave, #billAddrLine2#=ABC, #billAddrLine3#=HMS, #billAddrPostCode#=95101, #billAddrState#=CA, #browserAcceptHeader#=text/html,application/xhtml+xml,application/xml;q=0.9,image/webp,image/apng,*/*;q=0.8, #browserColorDepth#=24, #browserIP#=155.35.122.4, #browserJavaEnabled#=true, #browserLanguage#=en-US, #browserScreenHeight#=720, #browserScreenWidth#=1280, #browserTZ#=-330, #browserUserAgent#=Mozilla/5.0 (Windows NT 10.0; Win64; x64) AppleWebKit/537.36 (KHTML, like Gecko) Chrome/68.0.3440.84 Safari/537.36, #cardExpiryDate#=2008, #cardholderName#=Stephen, #deviceChannel#=02, #email#=harsh08@ca.com, #hcc#=840, #hsubscriber#=1234567899, #messageCategory#=01, #messageType#=AReq, #messageVersion#=2.1.0, #mcc#=840, #msubscriber#=1234567899, #notificationURL#=http://localhost:9090/golfstore2/CreqNotification.jsp, #purchaseAmount#=350, #purchaseCurrency#=840, #purchaseDate#=20180928160450, #purchaseExponent#=2, #recurringExpiry#=#REMOVE#, #recurringFrequency#=#REMOVE#, #shipAddrCity#=San Jose, #shipAddrCountry#=840, #shipAddrLine1#=500 West Maude Ave, #shipAddrLine2#=ABC, #shipAddrLine3#=HMS, #shipAddrPostCode#=95101, #shipAddrState#=CA, #threeDSCompInd#=Y, #threeDSServerTransID#=, #wcc#=840, #wsubscriber#=1234567899, #threeDSRequestorAuthenticationInd#=01, #threeDSReqAuthData#=3DS PA Request, #threeDSReqAuthMethod#=02, #threeDSReqAuthTimestamp#=201809281603, #threeDSRequestorChallengeInd#=01, #threeDSRequestorID#=611, #threeDSRequestorName#=ew0KCSJEViI6ICIxLjAiLA0KCSJERCI6Iaa45, #threeDSReqPriorAuthData#=three DS Request Prior Authentication Data, #threeDSReqPriorAuthMethod#=01, #threeDSReqPriorAuthTimestamp#=201810010323, #threeDSReqPriorRef#=4c6453da-4c56-4980-98cd-d04a064899c4, #threeDSRequestorURL#=http://10.131.94.242:1080/content-server/api/tds2/txn/browser/v1/tds-method, #threeDSServerRefNumber#=AAAAAA123456789, #threeDSServerOperatorID#=serverOperatorID, #threeDSServerURL#=http://10.138.158.51:9608, #acquirerBIN#=12345678912, #acquirerMerchantID#=AcquirerMerchantID222, #payTokenInd#=true, #purchaseInstalData#=#REMOVE#, #mcc1#=0742, #merchantCountryCode#=840, #merchantName#=global, #deliveryEmailAddress#=harsh08@ca.com, #deliveryTimeframe#=01, #giftCardAmount#=500, #giftCardCount#=02, #giftCardCurr#=840, #preOrderDate#=20200803, #preOrderPurchaseInd#=01, #reorderItemsInd#=01, #shipIndicator#=01, #criticalityIndicator#=false, #id#=ID2018SEP282001, #name#=ShashishekharHM, #transType#=01, #threeDSRequestorAuthenticationInfo#=, #threeDSRequestorPriorAuthenticationInfo#=, #broadInfo#=, #broadInfoValue#=broadInfoValue, #acctInfo#=, #homePhone#=, #mobilePhone#=, #workPhone#=, #merchantRiskIndicator#=, #messageExtension#=, #Dvalue#=HMS, #Dvalue1#=HMS, #Dvalue2#=HMS}]]>
              </value>
            </param>
          </params>
          <reporter-output>
          </reporter-output>
        </test-method> <!-- testArequestAPI -->
        <test-method status="PASS" signature="afterMethodProcessing(org.testng.ITestResult)[pri:0, instance:com.ca.tds.main.TDSPreAreq_TC@2ac273d3]" name="afterMethodProcessing" is-config="true" duration-ms="27" started-at="2019-11-27T06:27:47Z" finished-at="2019-11-27T06:27:47Z">
          <params>
            <param index="0">
              <value>
                <![CDATA[[TestResult name=testArequestAPI status=SUCCESS method=TDSPreAreq_TC.testArequestAPI(org.testng.ITestContext, java.util.Map)[pri:0, instance:com.ca.tds.main.TDSPreAreq_TC@2ac273d3] output={null}]]]>
              </value>
            </param>
          </params>
          <reporter-output>
          </reporter-output>
        </test-method> <!-- afterMethodProcessing -->
        <test-method status="PASS" signature="AfterClass()[pri:0, instance:com.ca.tds.main.TDSPreAreq_TC@2ac273d3]" name="AfterClass" is-config="true" duration-ms="0" started-at="2019-11-27T06:27:47Z" finished-at="2019-11-27T06:27:47Z">
          <reporter-output>
          </reporter-output>
        </test-method> <!-- AfterClass -->
        <test-method status="PASS" signature="AfterTestClass()[pri:0, instance:com.ca.tds.main.TDSPreAreq_TC@2ac273d3]" name="AfterTestClass" is-config="true" duration-ms="0" started-at="2019-11-27T06:27:47Z" finished-at="2019-11-27T06:27:47Z">
          <reporter-output>
          </reporter-output>
        </test-method> <!-- AfterTestClass -->
      </class> <!-- com.ca.tds.main.TDSPreAreq_TC -->
    </test> <!-- AMEX::Clear Card::Browser::AReq flow -->
    <test name="AMEX::Clear Card::Browser::RReq flow" duration-ms="1537" started-at="2019-11-27T06:27:47Z" finished-at="2019-11-27T06:27:48Z">
      <class name="com.ca.tds.main.TDSRReq_TC">
        <test-method status="PASS" signature="beforeTestClass()[pri:0, instance:com.ca.tds.main.TDSRReq_TC@6d7b4f4c]" name="beforeTestClass" is-config="true" duration-ms="0" started-at="2019-11-27T06:27:47Z" finished-at="2019-11-27T06:27:47Z">
          <reporter-output>
          </reporter-output>
        </test-method> <!-- beforeTestClass -->
        <test-method status="PASS" signature="BeforeClass()[pri:0, instance:com.ca.tds.main.TDSRReq_TC@6d7b4f4c]" name="BeforeClass" is-config="true" duration-ms="0" started-at="2019-11-27T06:27:47Z" finished-at="2019-11-27T06:27:47Z">
          <reporter-output>
          </reporter-output>
        </test-method> <!-- BeforeClass -->
        <test-method status="PASS" signature="testRRequestAPI(org.testng.ITestContext, java.util.Map)[pri:0, instance:com.ca.tds.main.TDSRReq_TC@6d7b4f4c]" name="testRRequestAPI" duration-ms="1436" started-at="2019-11-27T06:27:47Z" data-provider="DataProvider3dsTestData" finished-at="2019-11-27T06:27:48Z">
          <params>
            <param index="0">
              <value>
                <![CDATA[org.testng.TestRunner@3275f576]]>
              </value>
            </param>
            <param index="1">
              <value>
                <![CDATA[{TestCaseID=_S001, TestCaseName=_SanityChallenge_RReq_For_Verify_TC001, SanityFlag=Y, Test Case type=P, RequirementID=, FieldName=, Expected-threeDSServerTransID=G, Expected-dsTransID=G, Expected-acsTransID=G, Expected-messageExtension=G, Expected-messageType=RRes, Expected-messageVersion=2.1.0, Expected-resultsStatus=G, Expected-errorCode=NA, Expected-errorComponent=NA, Expected-errorDescription=NA, Expected-errorDetail=NA, #acsTransID#=, #authenticationType#=, #challengeCancel#=#REMOVE#, #dsTransID#=, #eci#=#REMOVE#, #interactionCounter#=01, #messageCategory#=01, #messageType#=RReq, #messageVersion#=, #threeDSServerTransID#=, #transStatus#=Y, #transStatusReason#=#REMOVE#, #criticalityIndicator#=false, #Dvalue#=HMS, #Dvalue1#=HMS, #Dvalue2#=HMS, #id#=ID2019JAN240101, #name#=ShashishekharHM, #authenticationValue#=AJkCCBFHJhl3gGhDA0cmAAAAAAA=}]]>
              </value>
            </param>
          </params>
          <reporter-output>
          </reporter-output>
        </test-method> <!-- testRRequestAPI -->
        <test-method status="PASS" signature="afterMethodProcessing(org.testng.ITestResult)[pri:0, instance:com.ca.tds.main.TDSRReq_TC@6d7b4f4c]" name="afterMethodProcessing" is-config="true" duration-ms="25" started-at="2019-11-27T06:27:48Z" finished-at="2019-11-27T06:27:48Z">
          <params>
            <param index="0">
              <value>
                <![CDATA[[TestResult name=testRRequestAPI status=SUCCESS method=TDSRReq_TC.testRRequestAPI(org.testng.ITestContext, java.util.Map)[pri:0, instance:com.ca.tds.main.TDSRReq_TC@6d7b4f4c] output={null}]]]>
              </value>
            </param>
          </params>
          <reporter-output>
          </reporter-output>
        </test-method> <!-- afterMethodProcessing -->
        <test-method status="PASS" signature="AfterTestClass()[pri:0, instance:com.ca.tds.main.TDSRReq_TC@6d7b4f4c]" name="AfterTestClass" is-config="true" duration-ms="0" started-at="2019-11-27T06:27:48Z" finished-at="2019-11-27T06:27:48Z">
          <reporter-output>
          </reporter-output>
        </test-method> <!-- AfterTestClass -->
        <test-method status="PASS" signature="AfterClass()[pri:0, instance:com.ca.tds.main.TDSRReq_TC@6d7b4f4c]" name="AfterClass" is-config="true" duration-ms="0" started-at="2019-11-27T06:27:48Z" finished-at="2019-11-27T06:27:48Z">
          <reporter-output>
          </reporter-output>
        </test-method> <!-- AfterClass -->
      </class> <!-- com.ca.tds.main.TDSRReq_TC -->
    </test> <!-- AMEX::Clear Card::Browser::RReq flow -->
    <test name="AMEX::Clear Card::Browser::VerifyAPI flow" duration-ms="2661" started-at="2019-11-27T06:27:48Z" finished-at="2019-11-27T06:27:51Z">
      <class name="com.ca.tds.main.TDSVerifyAPI_TC">
        <test-method status="PASS" signature="beforeTestClass()[pri:0, instance:com.ca.tds.main.TDSVerifyAPI_TC@6536e911]" name="beforeTestClass" is-config="true" duration-ms="0" started-at="2019-11-27T06:27:48Z" finished-at="2019-11-27T06:27:48Z">
          <reporter-output>
          </reporter-output>
        </test-method> <!-- beforeTestClass -->
        <test-method status="PASS" signature="BeforeClass()[pri:0, instance:com.ca.tds.main.TDSVerifyAPI_TC@6536e911]" name="BeforeClass" is-config="true" duration-ms="0" started-at="2019-11-27T06:27:48Z" finished-at="2019-11-27T06:27:48Z">
          <reporter-output>
          </reporter-output>
        </test-method> <!-- BeforeClass -->
        <test-method status="PASS" signature="testArequestAPI(org.testng.ITestContext, java.util.Map)[pri:0, instance:com.ca.tds.main.TDSVerifyAPI_TC@6536e911]" name="testArequestAPI" duration-ms="2548" started-at="2019-11-27T06:27:48Z" data-provider="DataProvider3dsTestData" finished-at="2019-11-27T06:27:51Z">
          <params>
            <param index="0">
              <value>
                <![CDATA[org.testng.TestRunner@2ea91a85]]>
              </value>
            </param>
            <param index="1">
              <value>
                <![CDATA[{TestCaseID=_S001, TestCaseName=_SanityChallenge_Sample Valid Verify Request, SanityFlag=Y, Test Case type=P, RequirementID=, FieldName=, Expected-threeDSServerTransID=G, Expected-callerTxnRefID=G, Expected-eci=G, Expected-authenticationValue=G, Expected-transStatus=G, Expected-transStatusReason=G, Expected-challengeCancel=G, Expected-resultsStatus=G, Expected-authenticationType=G, Expected-interactionCounter=G, Expected-messageType=RSRs, Expected-XID=G, Expected-errorCode=NA, Expected-errorComponent=NA, Expected-errorDescription=NA, Expected-errorDetail=NA, #threeDSServerTransID#=, #callerTxnRefID#=341b7153-da86-4543-860f-2ba47f0168a5, #cres#=, #messageType#=RSRq, #caMerchantID#=CA_EU, #transStatus#=Y}]]>
              </value>
            </param>
          </params>
          <reporter-output>
          </reporter-output>
        </test-method> <!-- testArequestAPI -->
        <test-method status="PASS" signature="afterMethodProcessing(org.testng.ITestResult)[pri:0, instance:com.ca.tds.main.TDSVerifyAPI_TC@6536e911]" name="afterMethodProcessing" is-config="true" duration-ms="37" started-at="2019-11-27T06:27:51Z" finished-at="2019-11-27T06:27:51Z">
          <params>
            <param index="0">
              <value>
                <![CDATA[[TestResult name=testArequestAPI status=SUCCESS method=TDSVerifyAPI_TC.testArequestAPI(org.testng.ITestContext, java.util.Map)[pri:0, instance:com.ca.tds.main.TDSVerifyAPI_TC@6536e911] output={null}]]]>
              </value>
            </param>
          </params>
          <reporter-output>
          </reporter-output>
        </test-method> <!-- afterMethodProcessing -->
        <test-method status="PASS" signature="AfterClass()[pri:0, instance:com.ca.tds.main.TDSVerifyAPI_TC@6536e911]" name="AfterClass" is-config="true" duration-ms="0" started-at="2019-11-27T06:27:51Z" finished-at="2019-11-27T06:27:51Z">
          <reporter-output>
          </reporter-output>
        </test-method> <!-- AfterClass -->
        <test-method status="PASS" signature="AfterTestClass()[pri:0, instance:com.ca.tds.main.TDSVerifyAPI_TC@6536e911]" name="AfterTestClass" is-config="true" duration-ms="0" started-at="2019-11-27T06:27:51Z" finished-at="2019-11-27T06:27:51Z">
          <reporter-output>
          </reporter-output>
        </test-method> <!-- AfterTestClass -->
      </class> <!-- com.ca.tds.main.TDSVerifyAPI_TC -->
    </test> <!-- AMEX::Clear Card::Browser::VerifyAPI flow -->
    <test name="MasterCard::Clear Card::Browser::AReq flow" duration-ms="1725" started-at="2019-11-27T06:27:51Z" finished-at="2019-11-27T06:27:53Z">
      <class name="com.ca.tds.main.TDSPreAreq_TC">
        <test-method status="PASS" signature="beforeTestClass()[pri:0, instance:com.ca.tds.main.TDSPreAreq_TC@67784306]" name="beforeTestClass" is-config="true" duration-ms="0" started-at="2019-11-27T06:27:51Z" finished-at="2019-11-27T06:27:51Z">
          <reporter-output>
          </reporter-output>
        </test-method> <!-- beforeTestClass -->
        <test-method status="PASS" signature="BeforeClass()[pri:0, instance:com.ca.tds.main.TDSPreAreq_TC@67784306]" name="BeforeClass" is-config="true" duration-ms="0" started-at="2019-11-27T06:27:51Z" finished-at="2019-11-27T06:27:51Z">
          <reporter-output>
          </reporter-output>
        </test-method> <!-- BeforeClass -->
        <test-method status="PASS" signature="testArequestAPI(org.testng.ITestContext, java.util.Map)[pri:0, instance:com.ca.tds.main.TDSPreAreq_TC@67784306]" name="testArequestAPI" duration-ms="1620" started-at="2019-11-27T06:27:51Z" data-provider="DataProvider3dsTestData" finished-at="2019-11-27T06:27:53Z">
          <params>
            <param index="0">
              <value>
                <![CDATA[org.testng.TestRunner@618d6843]]>
              </value>
            </param>
            <param index="1">
              <value>
                <![CDATA[{TestCaseID=_S001, TestCaseName=_SanityChallenge_AReq_MC_For_Verify_TC001, SanityFlag=Y, Test Case type=P, RequirementID=, FieldName=, Expected-cardholderInfo=NA, Expected-creq=G, Expected-transStatusReason=NA, Expected-authenticationValue=NA, Expected-authenticationType=G, Expected-acsURL=G, Expected-acsOperatorID=ACS_OPERATOR_ID, Expected-acsChallengeMandated=G, Expected-callerTxnRefID=G, Expected-threeDSServerTransID=G, Expected-dsTransID=G, Expected-acsTransID=G, Expected-eci=NA, Expected-messageType=ARes, Expected-dsName=mastercard, Expected-messageVersion=2.1.0, Expected-dsReferenceNumber=CADS, Expected-acsReferenceNumber=ABCDEF987654321, Expected-transStatus=C, Expected-errorCode=NA, Expected-errorComponent=NA, Expected-errorDescription=NA, Expected-errorDetail=NA, #browserJavascriptEnabled#=true, #challengeWindowSize#=04, #callerTxnRefID#=341b7153-da86-4543-860f-2ba47f0168a5, #caMerchantID#=CA_EU, #acctID#=ACCTID98X3fw3, #chAccAgeInd#=02, #chAccChange#=20180928, #chAccChangeInd#=02, #chAccDate#=20180928, #chAccPwChange#=20180901, #chAccPwChangeInd#=01, #nbPurchaseAccount#=8, #paymentAccAge#=20180808, #paymentAccInd#=01, #provisionAttemptsDay#=1, #shipAddressUsage#=20180910, #shipAddressUsageInd#=03, #shipNameIndicator#=01, #suspiciousAccActivity#=01, #txnActivityDay#=5, #txnActivityYear#=8, #acctNumber#=5186003100001014, #acctType#=01, #addrMatch#=Y, #billAddrCity#=San Jose, #billAddrCountry#=840, #billAddrLine1#=500 West Maude Ave, #billAddrLine2#=ABC, #billAddrLine3#=HMS, #billAddrPostCode#=95101, #billAddrState#=CA, #browserAcceptHeader#=text/html,application/xhtml+xml,application/xml;q=0.9,image/webp,image/apng,*/*;q=0.8, #browserColorDepth#=24, #browserIP#=155.35.122.4, #browserJavaEnabled#=true, #browserLanguage#=en-US, #browserScreenHeight#=720, #browserScreenWidth#=1280, #browserTZ#=-330, #browserUserAgent#=Mozilla/5.0 (Windows NT 10.0; Win64; x64) AppleWebKit/537.36 (KHTML, like Gecko) Chrome/68.0.3440.84 Safari/537.36, #cardExpiryDate#=2008, #cardholderName#=Stephen, #deviceChannel#=02, #email#=harsh08@ca.com, #hcc#=840, #hsubscriber#=1234567899, #messageCategory#=01, #messageType#=AReq, #messageVersion#=2.1.0, #mcc#=840, #msubscriber#=1234567899, #notificationURL#=http://localhost:9090/golfstore2/CreqNotification.jsp, #purchaseAmount#=300, #purchaseCurrency#=840, #purchaseDate#=20180928160450, #purchaseExponent#=2, #recurringExpiry#=#REMOVE#, #recurringFrequency#=#REMOVE#, #shipAddrCity#=San Jose, #shipAddrCountry#=840, #shipAddrLine1#=500 West Maude Ave, #shipAddrLine2#=ABC, #shipAddrLine3#=HMS, #shipAddrPostCode#=95101, #shipAddrState#=CA, #threeDSCompInd#=Y, #threeDSServerTransID#=, #wcc#=840, #wsubscriber#=1234567899, #threeDSRequestorAuthenticationInd#=01, #threeDSReqAuthData#=3DS PA Request, #threeDSReqAuthMethod#=02, #threeDSReqAuthTimestamp#=201809281603, #threeDSRequestorChallengeInd#=01, #threeDSRequestorID#=611, #threeDSRequestorName#=ew0KCSJEViI6ICIxLjAiLA0KCSJERCI6Iaa45, #threeDSReqPriorAuthData#=three DS Request Prior Authentication Data, #threeDSReqPriorAuthMethod#=01, #threeDSReqPriorAuthTimestamp#=201810010323, #threeDSReqPriorRef#=4c6453da-4c56-4980-98cd-d04a064899c4, #threeDSRequestorURL#=http://10.131.94.242:1080/content-server/api/tds2/txn/browser/v1/tds-method, #threeDSServerRefNumber#=AAAAAA123456789, #threeDSServerOperatorID#=serverOperatorID, #threeDSServerURL#=http://10.138.158.51:9608, #acquirerBIN#=12345678912, #acquirerMerchantID#=AcquirerMerchantID222, #payTokenInd#=true, #purchaseInstalData#=#REMOVE#, #mcc1#=0742, #merchantCountryCode#=840, #merchantName#=global, #deliveryEmailAddress#=harsh08@ca.com, #deliveryTimeframe#=01, #giftCardAmount#=500, #giftCardCount#=02, #giftCardCurr#=840, #preOrderDate#=20200803, #preOrderPurchaseInd#=01, #reorderItemsInd#=01, #shipIndicator#=01, #criticalityIndicator#=false, #id#=ID2018SEP282001, #name#=ShashishekharHM, #transType#=01, #threeDSRequestorAuthenticationInfo#=, #threeDSRequestorPriorAuthenticationInfo#=, #broadInfo#=, #broadInfoValue#=broadInfoValue, #acctInfo#=, #homePhone#=, #mobilePhone#=, #workPhone#=, #merchantRiskIndicator#=, #messageExtension#=, #Dvalue#=HMS, #Dvalue1#=HMS, #Dvalue2#=HMS}]]>
              </value>
            </param>
          </params>
          <reporter-output>
          </reporter-output>
        </test-method> <!-- testArequestAPI -->
        <test-method status="PASS" signature="afterMethodProcessing(org.testng.ITestResult)[pri:0, instance:com.ca.tds.main.TDSPreAreq_TC@67784306]" name="afterMethodProcessing" is-config="true" duration-ms="25" started-at="2019-11-27T06:27:53Z" finished-at="2019-11-27T06:27:53Z">
          <params>
            <param index="0">
              <value>
                <![CDATA[[TestResult name=testArequestAPI status=SUCCESS method=TDSPreAreq_TC.testArequestAPI(org.testng.ITestContext, java.util.Map)[pri:0, instance:com.ca.tds.main.TDSPreAreq_TC@67784306] output={null}]]]>
              </value>
            </param>
          </params>
          <reporter-output>
          </reporter-output>
        </test-method> <!-- afterMethodProcessing -->
        <test-method status="PASS" signature="AfterTestClass()[pri:0, instance:com.ca.tds.main.TDSPreAreq_TC@67784306]" name="AfterTestClass" is-config="true" duration-ms="0" started-at="2019-11-27T06:27:53Z" finished-at="2019-11-27T06:27:53Z">
          <reporter-output>
          </reporter-output>
        </test-method> <!-- AfterTestClass -->
        <test-method status="PASS" signature="AfterClass()[pri:0, instance:com.ca.tds.main.TDSPreAreq_TC@67784306]" name="AfterClass" is-config="true" duration-ms="0" started-at="2019-11-27T06:27:53Z" finished-at="2019-11-27T06:27:53Z">
          <reporter-output>
          </reporter-output>
        </test-method> <!-- AfterClass -->
      </class> <!-- com.ca.tds.main.TDSPreAreq_TC -->
    </test> <!-- MasterCard::Clear Card::Browser::AReq flow -->
    <test name="MasterCard::Clear Card::Browser::RReq flow" duration-ms="1608" started-at="2019-11-27T06:27:53Z" finished-at="2019-11-27T06:27:54Z">
      <class name="com.ca.tds.main.TDSRReq_TC">
        <test-method status="PASS" signature="beforeTestClass()[pri:0, instance:com.ca.tds.main.TDSRReq_TC@3b0143d3]" name="beforeTestClass" is-config="true" duration-ms="1" started-at="2019-11-27T06:27:53Z" finished-at="2019-11-27T06:27:53Z">
          <reporter-output>
          </reporter-output>
        </test-method> <!-- beforeTestClass -->
        <test-method status="PASS" signature="BeforeClass()[pri:0, instance:com.ca.tds.main.TDSRReq_TC@3b0143d3]" name="BeforeClass" is-config="true" duration-ms="0" started-at="2019-11-27T06:27:53Z" finished-at="2019-11-27T06:27:53Z">
          <reporter-output>
          </reporter-output>
        </test-method> <!-- BeforeClass -->
        <test-method status="PASS" signature="testRRequestAPI(org.testng.ITestContext, java.util.Map)[pri:0, instance:com.ca.tds.main.TDSRReq_TC@3b0143d3]" name="testRRequestAPI" duration-ms="1540" started-at="2019-11-27T06:27:53Z" data-provider="DataProvider3dsTestData" finished-at="2019-11-27T06:27:54Z">
          <params>
            <param index="0">
              <value>
                <![CDATA[org.testng.TestRunner@5b12402a]]>
              </value>
            </param>
            <param index="1">
              <value>
                <![CDATA[{TestCaseID=_S001, TestCaseName=_SanityChallenge_RReq_For_Verify_TC001, SanityFlag=Y, Test Case type=P, RequirementID=, FieldName=, Expected-threeDSServerTransID=G, Expected-dsTransID=G, Expected-acsTransID=G, Expected-messageExtension=G, Expected-messageType=RRes, Expected-messageVersion=2.1.0, Expected-resultsStatus=G, Expected-errorCode=NA, Expected-errorComponent=NA, Expected-errorDescription=NA, Expected-errorDetail=NA, #acsTransID#=, #authenticationType#=, #challengeCancel#=#REMOVE#, #dsTransID#=, #eci#=#REMOVE#, #interactionCounter#=01, #messageCategory#=01, #messageType#=RReq, #messageVersion#=, #threeDSServerTransID#=, #transStatus#=Y, #transStatusReason#=#REMOVE#, #criticalityIndicator#=false, #Dvalue#=HMS, #Dvalue1#=HMS, #Dvalue2#=HMS, #id#=ID2019JAN240101, #name#=ShashishekharHM, #authenticationValue#=AJkCCBFHJhl3gGhDA0cmAAAAAAA=}]]>
              </value>
            </param>
          </params>
          <reporter-output>
          </reporter-output>
        </test-method> <!-- testRRequestAPI -->
        <test-method status="PASS" signature="afterMethodProcessing(org.testng.ITestResult)[pri:0, instance:com.ca.tds.main.TDSRReq_TC@3b0143d3]" name="afterMethodProcessing" is-config="true" duration-ms="23" started-at="2019-11-27T06:27:54Z" finished-at="2019-11-27T06:27:54Z">
          <params>
            <param index="0">
              <value>
                <![CDATA[[TestResult name=testRRequestAPI status=SUCCESS method=TDSRReq_TC.testRRequestAPI(org.testng.ITestContext, java.util.Map)[pri:0, instance:com.ca.tds.main.TDSRReq_TC@3b0143d3] output={null}]]]>
              </value>
            </param>
          </params>
          <reporter-output>
          </reporter-output>
        </test-method> <!-- afterMethodProcessing -->
        <test-method status="PASS" signature="AfterClass()[pri:0, instance:com.ca.tds.main.TDSRReq_TC@3b0143d3]" name="AfterClass" is-config="true" duration-ms="0" started-at="2019-11-27T06:27:54Z" finished-at="2019-11-27T06:27:54Z">
          <reporter-output>
          </reporter-output>
        </test-method> <!-- AfterClass -->
        <test-method status="PASS" signature="AfterTestClass()[pri:0, instance:com.ca.tds.main.TDSRReq_TC@3b0143d3]" name="AfterTestClass" is-config="true" duration-ms="0" started-at="2019-11-27T06:27:54Z" finished-at="2019-11-27T06:27:54Z">
          <reporter-output>
          </reporter-output>
        </test-method> <!-- AfterTestClass -->
      </class> <!-- com.ca.tds.main.TDSRReq_TC -->
    </test> <!-- MasterCard::Clear Card::Browser::RReq flow -->
    <test name="MasterCard::Clear Card::Browser::VerifyAPI flow" duration-ms="927" started-at="2019-11-27T06:27:54Z" finished-at="2019-11-27T06:27:55Z">
      <class name="com.ca.tds.main.TDSVerifyAPI_TC">
        <test-method status="PASS" signature="beforeTestClass()[pri:0, instance:com.ca.tds.main.TDSVerifyAPI_TC@7791a895]" name="beforeTestClass" is-config="true" duration-ms="0" started-at="2019-11-27T06:27:54Z" finished-at="2019-11-27T06:27:54Z">
          <reporter-output>
          </reporter-output>
        </test-method> <!-- beforeTestClass -->
        <test-method status="PASS" signature="BeforeClass()[pri:0, instance:com.ca.tds.main.TDSVerifyAPI_TC@7791a895]" name="BeforeClass" is-config="true" duration-ms="1" started-at="2019-11-27T06:27:54Z" finished-at="2019-11-27T06:27:54Z">
          <reporter-output>
          </reporter-output>
        </test-method> <!-- BeforeClass -->
        <test-method status="PASS" signature="testArequestAPI(org.testng.ITestContext, java.util.Map)[pri:0, instance:com.ca.tds.main.TDSVerifyAPI_TC@7791a895]" name="testArequestAPI" duration-ms="851" started-at="2019-11-27T06:27:54Z" data-provider="DataProvider3dsTestData" finished-at="2019-11-27T06:27:55Z">
          <params>
            <param index="0">
              <value>
                <![CDATA[org.testng.TestRunner@f7f93de]]>
              </value>
            </param>
            <param index="1">
              <value>
                <![CDATA[{TestCaseID=_S001, TestCaseName=_SanityChallenge_Sample Valid Verify Request, SanityFlag=Y, Test Case type=P, RequirementID=, FieldName=, Expected-threeDSServerTransID=G, Expected-callerTxnRefID=G, Expected-eci=G, Expected-authenticationValue=G, Expected-transStatus=G, Expected-transStatusReason=G, Expected-challengeCancel=G, Expected-resultsStatus=G, Expected-authenticationType=G, Expected-interactionCounter=G, Expected-messageType=RSRs, Expected-XID=G, Expected-errorCode=NA, Expected-errorComponent=NA, Expected-errorDescription=NA, Expected-errorDetail=NA, #threeDSServerTransID#=, #callerTxnRefID#=341b7153-da86-4543-860f-2ba47f0168a5, #cres#=, #messageType#=RSRq, #caMerchantID#=CA_EU, #transStatus#=Y}]]>
              </value>
            </param>
          </params>
          <reporter-output>
          </reporter-output>
        </test-method> <!-- testArequestAPI -->
        <test-method status="PASS" signature="afterMethodProcessing(org.testng.ITestResult)[pri:0, instance:com.ca.tds.main.TDSVerifyAPI_TC@7791a895]" name="afterMethodProcessing" is-config="true" duration-ms="18" started-at="2019-11-27T06:27:55Z" finished-at="2019-11-27T06:27:55Z">
          <params>
            <param index="0">
              <value>
                <![CDATA[[TestResult name=testArequestAPI status=SUCCESS method=TDSVerifyAPI_TC.testArequestAPI(org.testng.ITestContext, java.util.Map)[pri:0, instance:com.ca.tds.main.TDSVerifyAPI_TC@7791a895] output={null}]]]>
              </value>
            </param>
          </params>
          <reporter-output>
          </reporter-output>
        </test-method> <!-- afterMethodProcessing -->
        <test-method status="PASS" signature="AfterClass()[pri:0, instance:com.ca.tds.main.TDSVerifyAPI_TC@7791a895]" name="AfterClass" is-config="true" duration-ms="0" started-at="2019-11-27T06:27:55Z" finished-at="2019-11-27T06:27:55Z">
          <reporter-output>
          </reporter-output>
        </test-method> <!-- AfterClass -->
        <test-method status="PASS" signature="AfterTestClass()[pri:0, instance:com.ca.tds.main.TDSVerifyAPI_TC@7791a895]" name="AfterTestClass" is-config="true" duration-ms="0" started-at="2019-11-27T06:27:55Z" finished-at="2019-11-27T06:27:55Z">
          <reporter-output>
          </reporter-output>
        </test-method> <!-- AfterTestClass -->
      </class> <!-- com.ca.tds.main.TDSVerifyAPI_TC -->
    </test> <!-- MasterCard::Clear Card::Browser::VerifyAPI flow -->
    <test name="Visa::Clear Card::Browser::AReq flow" duration-ms="1678" started-at="2019-11-27T06:27:55Z" finished-at="2019-11-27T06:27:57Z">
      <class name="com.ca.tds.main.TDSPreAreq_TC">
        <test-method status="PASS" signature="beforeTestClass()[pri:0, instance:com.ca.tds.main.TDSPreAreq_TC@4f970963]" name="beforeTestClass" is-config="true" duration-ms="0" started-at="2019-11-27T06:27:55Z" finished-at="2019-11-27T06:27:55Z">
          <reporter-output>
          </reporter-output>
        </test-method> <!-- beforeTestClass -->
        <test-method status="PASS" signature="BeforeClass()[pri:0, instance:com.ca.tds.main.TDSPreAreq_TC@4f970963]" name="BeforeClass" is-config="true" duration-ms="0" started-at="2019-11-27T06:27:55Z" finished-at="2019-11-27T06:27:55Z">
          <reporter-output>
          </reporter-output>
        </test-method> <!-- BeforeClass -->
        <test-method status="PASS" signature="testArequestAPI(org.testng.ITestContext, java.util.Map)[pri:0, instance:com.ca.tds.main.TDSPreAreq_TC@4f970963]" name="testArequestAPI" duration-ms="1607" started-at="2019-11-27T06:27:55Z" data-provider="DataProvider3dsTestData" finished-at="2019-11-27T06:27:57Z">
          <params>
            <param index="0">
              <value>
                <![CDATA[org.testng.TestRunner@709ea8c6]]>
              </value>
            </param>
            <param index="1">
              <value>
                <![CDATA[{TestCaseID=_S001, TestCaseName=_SanityChallenge_AReq_VISA_For_Verify_TC001, SanityFlag=Y, Test Case type=P, RequirementID=, FieldName=, Expected-cardholderInfo=NA, Expected-creq=G, Expected-transStatusReason=NA, Expected-authenticationValue=NA, Expected-authenticationType=G, Expected-acsURL=G, Expected-acsOperatorID=ACS_OPERATOR_ID, Expected-acsChallengeMandated=G, Expected-callerTxnRefID=G, Expected-threeDSServerTransID=G, Expected-dsTransID=G, Expected-acsTransID=G, Expected-eci=NA, Expected-messageType=ARes, Expected-dsName=visa, Expected-messageVersion=2.1.0, Expected-dsReferenceNumber=CADS, Expected-acsReferenceNumber=ABCDEF987654321, Expected-transStatus=C, Expected-errorCode=NA, Expected-errorComponent=NA, Expected-errorDescription=NA, Expected-errorDetail=NA, #browserJavascriptEnabled#=true, #challengeWindowSize#=04, #callerTxnRefID#=341b7153-da86-4543-860f-2ba47f0168a5, #caMerchantID#=CA_EU, #acctID#=ACCTID98X3fw3, #chAccAgeInd#=02, #chAccChange#=20180928, #chAccChangeInd#=02, #chAccDate#=20180928, #chAccPwChange#=20180901, #chAccPwChangeInd#=01, #nbPurchaseAccount#=8, #paymentAccAge#=20180808, #paymentAccInd#=01, #provisionAttemptsDay#=1, #shipAddressUsage#=20180910, #shipAddressUsageInd#=03, #shipNameIndicator#=01, #suspiciousAccActivity#=01, #txnActivityDay#=5, #txnActivityYear#=8, #acctNumber#=4000500060000008, #acctType#=01, #addrMatch#=Y, #billAddrCity#=San Jose, #billAddrCountry#=840, #billAddrLine1#=500 West Maude Ave, #billAddrLine2#=ABC, #billAddrLine3#=HMS, #billAddrPostCode#=95101, #billAddrState#=CA, #browserAcceptHeader#=text/html,application/xhtml+xml,application/xml;q=0.9,image/webp,image/apng,*/*;q=0.8, #browserColorDepth#=24, #browserIP#=155.35.122.4, #browserJavaEnabled#=true, #browserLanguage#=en-US, #browserScreenHeight#=720, #browserScreenWidth#=1280, #browserTZ#=-330, #browserUserAgent#=Mozilla/5.0 (Windows NT 10.0; Win64; x64) AppleWebKit/537.36 (KHTML, like Gecko) Chrome/68.0.3440.84 Safari/537.36, #cardExpiryDate#=2008, #cardholderName#=Stephen, #deviceChannel#=02, #email#=harsh08@ca.com, #hcc#=840, #hsubscriber#=1234567899, #messageCategory#=01, #messageType#=AReq, #messageVersion#=2.1.0, #mcc#=840, #msubscriber#=1234567899, #notificationURL#=http://localhost:9090/golfstore2/CreqNotification.jsp, #purchaseAmount#=300, #purchaseCurrency#=840, #purchaseDate#=20180928160450, #purchaseExponent#=2, #recurringExpiry#=#REMOVE#, #recurringFrequency#=#REMOVE#, #shipAddrCity#=San Jose, #shipAddrCountry#=840, #shipAddrLine1#=500 West Maude Ave, #shipAddrLine2#=ABC, #shipAddrLine3#=HMS, #shipAddrPostCode#=95101, #shipAddrState#=CA, #threeDSCompInd#=Y, #threeDSServerTransID#=, #wcc#=840, #wsubscriber#=1234567899, #threeDSRequestorAuthenticationInd#=01, #threeDSReqAuthData#=3DS PA Request, #threeDSReqAuthMethod#=02, #threeDSReqAuthTimestamp#=201809281603, #threeDSRequestorChallengeInd#=01, #threeDSRequestorID#=611, #threeDSRequestorName#=ew0KCSJEViI6ICIxLjAiLA0KCSJERCI6Iaa45, #threeDSReqPriorAuthData#=three DS Request Prior Authentication Data, #threeDSReqPriorAuthMethod#=01, #threeDSReqPriorAuthTimestamp#=201810010323, #threeDSReqPriorRef#=4c6453da-4c56-4980-98cd-d04a064899c4, #threeDSRequestorURL#=http://10.131.94.242:1080/content-server/api/tds2/txn/browser/v1/tds-method, #threeDSServerRefNumber#=AAAAAA123456789, #threeDSServerOperatorID#=serverOperatorID, #threeDSServerURL#=http://10.138.158.51:9608, #acquirerBIN#=12345678912, #acquirerMerchantID#=AcquirerMerchantID222, #payTokenInd#=true, #purchaseInstalData#=#REMOVE#, #mcc1#=0742, #merchantCountryCode#=840, #merchantName#=global, #deliveryEmailAddress#=harsh08@ca.com, #deliveryTimeframe#=01, #giftCardAmount#=500, #giftCardCount#=02, #giftCardCurr#=840, #preOrderDate#=20200803, #preOrderPurchaseInd#=01, #reorderItemsInd#=01, #shipIndicator#=01, #criticalityIndicator#=false, #id#=ID2018SEP282001, #name#=ShashishekharHM, #transType#=01, #threeDSRequestorAuthenticationInfo#=, #threeDSRequestorPriorAuthenticationInfo#=, #broadInfo#=, #broadInfoValue#=broadInfoValue, #acctInfo#=, #homePhone#=, #mobilePhone#=, #workPhone#=, #merchantRiskIndicator#=, #messageExtension#=, #Dvalue#=HMS, #Dvalue1#=HMS, #Dvalue2#=HMS}]]>
              </value>
            </param>
          </params>
          <reporter-output>
          </reporter-output>
        </test-method> <!-- testArequestAPI -->
        <test-method status="PASS" signature="afterMethodProcessing(org.testng.ITestResult)[pri:0, instance:com.ca.tds.main.TDSPreAreq_TC@4f970963]" name="afterMethodProcessing" is-config="true" duration-ms="23" started-at="2019-11-27T06:27:57Z" finished-at="2019-11-27T06:27:57Z">
          <params>
            <param index="0">
              <value>
                <![CDATA[[TestResult name=testArequestAPI status=SUCCESS method=TDSPreAreq_TC.testArequestAPI(org.testng.ITestContext, java.util.Map)[pri:0, instance:com.ca.tds.main.TDSPreAreq_TC@4f970963] output={null}]]]>
              </value>
            </param>
          </params>
          <reporter-output>
          </reporter-output>
        </test-method> <!-- afterMethodProcessing -->
        <test-method status="PASS" signature="AfterTestClass()[pri:0, instance:com.ca.tds.main.TDSPreAreq_TC@4f970963]" name="AfterTestClass" is-config="true" duration-ms="1" started-at="2019-11-27T06:27:57Z" finished-at="2019-11-27T06:27:57Z">
          <reporter-output>
          </reporter-output>
        </test-method> <!-- AfterTestClass -->
        <test-method status="PASS" signature="AfterClass()[pri:0, instance:com.ca.tds.main.TDSPreAreq_TC@4f970963]" name="AfterClass" is-config="true" duration-ms="0" started-at="2019-11-27T06:27:57Z" finished-at="2019-11-27T06:27:57Z">
          <reporter-output>
          </reporter-output>
        </test-method> <!-- AfterClass -->
      </class> <!-- com.ca.tds.main.TDSPreAreq_TC -->
    </test> <!-- Visa::Clear Card::Browser::AReq flow -->
    <test name="VISA::Clear Card::Browser::RReq flow" duration-ms="1556" started-at="2019-11-27T06:27:57Z" finished-at="2019-11-27T06:27:59Z">
      <class name="com.ca.tds.main.TDSRReq_TC">
        <test-method status="PASS" signature="beforeTestClass()[pri:0, instance:com.ca.tds.main.TDSRReq_TC@5bc79255]" name="beforeTestClass" is-config="true" duration-ms="0" started-at="2019-11-27T06:27:57Z" finished-at="2019-11-27T06:27:57Z">
          <reporter-output>
          </reporter-output>
        </test-method> <!-- beforeTestClass -->
        <test-method status="PASS" signature="BeforeClass()[pri:0, instance:com.ca.tds.main.TDSRReq_TC@5bc79255]" name="BeforeClass" is-config="true" duration-ms="0" started-at="2019-11-27T06:27:57Z" finished-at="2019-11-27T06:27:57Z">
          <reporter-output>
          </reporter-output>
        </test-method> <!-- BeforeClass -->
        <test-method status="PASS" signature="testRRequestAPI(org.testng.ITestContext, java.util.Map)[pri:0, instance:com.ca.tds.main.TDSRReq_TC@5bc79255]" name="testRRequestAPI" duration-ms="1484" started-at="2019-11-27T06:27:57Z" data-provider="DataProvider3dsTestData" finished-at="2019-11-27T06:27:59Z">
          <params>
            <param index="0">
              <value>
                <![CDATA[org.testng.TestRunner@5d60ef10]]>
              </value>
            </param>
            <param index="1">
              <value>
                <![CDATA[{TestCaseID=_S001, TestCaseName=_SanityChallenge_RReq_For_Verify_TC001, SanityFlag=Y, Test Case type=P, RequirementID=, FieldName=, Expected-threeDSServerTransID=G, Expected-dsTransID=G, Expected-acsTransID=G, Expected-messageExtension=G, Expected-messageType=RRes, Expected-messageVersion=2.1.0, Expected-resultsStatus=G, Expected-errorCode=NA, Expected-errorComponent=NA, Expected-errorDescription=NA, Expected-errorDetail=NA, #acsTransID#=, #authenticationType#=, #challengeCancel#=#REMOVE#, #dsTransID#=, #eci#=#REMOVE#, #interactionCounter#=01, #messageCategory#=01, #messageType#=RReq, #messageVersion#=, #threeDSServerTransID#=, #transStatus#=Y, #transStatusReason#=#REMOVE#, #criticalityIndicator#=false, #Dvalue#=HMS, #Dvalue1#=HMS, #Dvalue2#=HMS, #id#=ID2019JAN240101, #name#=ShashishekharHM, #authenticationValue#=AJkCCBFHJhl3gGhDA0cmAAAAAAA=}]]>
              </value>
            </param>
          </params>
          <reporter-output>
          </reporter-output>
        </test-method> <!-- testRRequestAPI -->
        <test-method status="PASS" signature="afterMethodProcessing(org.testng.ITestResult)[pri:0, instance:com.ca.tds.main.TDSRReq_TC@5bc79255]" name="afterMethodProcessing" is-config="true" duration-ms="21" started-at="2019-11-27T06:27:59Z" finished-at="2019-11-27T06:27:59Z">
          <params>
            <param index="0">
              <value>
                <![CDATA[[TestResult name=testRRequestAPI status=SUCCESS method=TDSRReq_TC.testRRequestAPI(org.testng.ITestContext, java.util.Map)[pri:0, instance:com.ca.tds.main.TDSRReq_TC@5bc79255] output={null}]]]>
              </value>
            </param>
          </params>
          <reporter-output>
          </reporter-output>
        </test-method> <!-- afterMethodProcessing -->
        <test-method status="PASS" signature="AfterClass()[pri:0, instance:com.ca.tds.main.TDSRReq_TC@5bc79255]" name="AfterClass" is-config="true" duration-ms="0" started-at="2019-11-27T06:27:59Z" finished-at="2019-11-27T06:27:59Z">
          <reporter-output>
          </reporter-output>
        </test-method> <!-- AfterClass -->
        <test-method status="PASS" signature="AfterTestClass()[pri:0, instance:com.ca.tds.main.TDSRReq_TC@5bc79255]" name="AfterTestClass" is-config="true" duration-ms="0" started-at="2019-11-27T06:27:59Z" finished-at="2019-11-27T06:27:59Z">
          <reporter-output>
          </reporter-output>
        </test-method> <!-- AfterTestClass -->
      </class> <!-- com.ca.tds.main.TDSRReq_TC -->
    </test> <!-- VISA::Clear Card::Browser::RReq flow -->
    <test name="VISA::Clear Card::Browser::VerifyAPI flow" duration-ms="885" started-at="2019-11-27T06:27:59Z" finished-at="2019-11-27T06:27:59Z">
      <class name="com.ca.tds.main.TDSVerifyAPI_TC">
        <test-method status="PASS" signature="beforeSuite(org.testng.ITestContext)[pri:0, instance:com.ca.tds.main.TDSVerifyAPI_TC@5c5a1b69]" name="beforeSuite" is-config="true" duration-ms="83" started-at="2019-11-27T06:27:45Z" finished-at="2019-11-27T06:27:45Z">
          <params>
            <param index="0">
              <value>
                <![CDATA[org.testng.TestRunner@78b9b993]]>
              </value>
            </param>
          </params>
          <reporter-output>
          </reporter-output>
        </test-method> <!-- beforeSuite -->
        <test-method status="PASS" signature="beforeTestClass()[pri:0, instance:com.ca.tds.main.TDSVerifyAPI_TC@5c5a1b69]" name="beforeTestClass" is-config="true" duration-ms="1" started-at="2019-11-27T06:27:59Z" finished-at="2019-11-27T06:27:59Z">
          <reporter-output>
          </reporter-output>
        </test-method> <!-- beforeTestClass -->
        <test-method status="PASS" signature="BeforeClass()[pri:0, instance:com.ca.tds.main.TDSVerifyAPI_TC@5c5a1b69]" name="BeforeClass" is-config="true" duration-ms="0" started-at="2019-11-27T06:27:59Z" finished-at="2019-11-27T06:27:59Z">
          <reporter-output>
          </reporter-output>
        </test-method> <!-- BeforeClass -->
        <test-method status="PASS" signature="testArequestAPI(org.testng.ITestContext, java.util.Map)[pri:0, instance:com.ca.tds.main.TDSVerifyAPI_TC@5c5a1b69]" name="testArequestAPI" duration-ms="812" started-at="2019-11-27T06:27:59Z" data-provider="DataProvider3dsTestData" finished-at="2019-11-27T06:27:59Z">
          <params>
            <param index="0">
              <value>
                <![CDATA[org.testng.TestRunner@78b9b993]]>
              </value>
            </param>
            <param index="1">
              <value>
                <![CDATA[{TestCaseID=_S001, TestCaseName=_SanityChallenge_Sample Valid Verify Request, SanityFlag=Y, Test Case type=P, RequirementID=, FieldName=, Expected-threeDSServerTransID=G, Expected-callerTxnRefID=G, Expected-eci=G, Expected-authenticationValue=G, Expected-transStatus=G, Expected-transStatusReason=G, Expected-challengeCancel=G, Expected-resultsStatus=G, Expected-authenticationType=G, Expected-interactionCounter=G, Expected-messageType=RSRs, Expected-XID=G, Expected-errorCode=NA, Expected-errorComponent=NA, Expected-errorDescription=NA, Expected-errorDetail=NA, #threeDSServerTransID#=, #callerTxnRefID#=341b7153-da86-4543-860f-2ba47f0168a5, #cres#=, #messageType#=RSRq, #caMerchantID#=CA_EU, #transStatus#=Y}]]>
              </value>
            </param>
          </params>
          <reporter-output>
          </reporter-output>
        </test-method> <!-- testArequestAPI -->
        <test-method status="PASS" signature="afterMethodProcessing(org.testng.ITestResult)[pri:0, instance:com.ca.tds.main.TDSVerifyAPI_TC@5c5a1b69]" name="afterMethodProcessing" is-config="true" duration-ms="23" started-at="2019-11-27T06:27:59Z" finished-at="2019-11-27T06:27:59Z">
          <params>
            <param index="0">
              <value>
                <![CDATA[[TestResult name=testArequestAPI status=SUCCESS method=TDSVerifyAPI_TC.testArequestAPI(org.testng.ITestContext, java.util.Map)[pri:0, instance:com.ca.tds.main.TDSVerifyAPI_TC@5c5a1b69] output={null}]]]>
              </value>
            </param>
          </params>
          <reporter-output>
          </reporter-output>
        </test-method> <!-- afterMethodProcessing -->
        <test-method status="PASS" signature="AfterClass()[pri:0, instance:com.ca.tds.main.TDSVerifyAPI_TC@5c5a1b69]" name="AfterClass" is-config="true" duration-ms="0" started-at="2019-11-27T06:27:59Z" finished-at="2019-11-27T06:27:59Z">
          <reporter-output>
          </reporter-output>
        </test-method> <!-- AfterClass -->
        <test-method status="PASS" signature="AfterTestClass()[pri:0, instance:com.ca.tds.main.TDSVerifyAPI_TC@5c5a1b69]" name="AfterTestClass" is-config="true" duration-ms="1" started-at="2019-11-27T06:27:59Z" finished-at="2019-11-27T06:27:59Z">
          <reporter-output>
          </reporter-output>
        </test-method> <!-- AfterTestClass -->
        <test-method status="PASS" signature="endSuite()[pri:0, instance:com.ca.tds.main.TDSVerifyAPI_TC@5c5a1b69]" name="endSuite" is-config="true" duration-ms="13" started-at="2019-11-27T06:27:59Z" finished-at="2019-11-27T06:27:59Z">
          <reporter-output>
          </reporter-output>
        </test-method> <!-- endSuite -->
      </class> <!-- com.ca.tds.main.TDSVerifyAPI_TC -->
    </test> <!-- VISA::Clear Card::Browser::VerifyAPI flow -->
  </suite> <!-- SanityChallengeflow -->
  <suite name="SanityFrictionLessMethodurl" duration-ms="8749" started-at="2019-11-27T06:28:00Z" finished-at="2019-11-27T06:28:08Z">
    <groups>
    </groups>
    <test name="AMEX::Clear Card::Browser::ThreeDSMethodURL flow" duration-ms="848" started-at="2019-11-27T06:28:00Z" finished-at="2019-11-27T06:28:00Z">
      <class name="com.ca.tds.main.TDSMethodURL_TC">
        <test-method status="PASS" signature="beforeTestClass()[pri:0, instance:com.ca.tds.main.TDSMethodURL_TC@35d176f7]" name="beforeTestClass" is-config="true" duration-ms="0" started-at="2019-11-27T06:28:00Z" finished-at="2019-11-27T06:28:00Z">
          <reporter-output>
          </reporter-output>
        </test-method> <!-- beforeTestClass -->
        <test-method status="PASS" signature="BeforeClass()[pri:0, instance:com.ca.tds.main.TDSMethodURL_TC@35d176f7]" name="BeforeClass" is-config="true" duration-ms="1" started-at="2019-11-27T06:28:00Z" finished-at="2019-11-27T06:28:00Z">
          <reporter-output>
          </reporter-output>
        </test-method> <!-- BeforeClass -->
        <test-method status="PASS" signature="testArequestAPI(org.testng.ITestContext, java.util.Map)[pri:0, instance:com.ca.tds.main.TDSMethodURL_TC@35d176f7]" name="testArequestAPI" duration-ms="756" started-at="2019-11-27T06:28:00Z" data-provider="DataProviderTDSMethodURL" finished-at="2019-11-27T06:28:00Z">
          <params>
            <param index="0">
              <value>
                <![CDATA[org.testng.TestRunner@554220f8]]>
              </value>
            </param>
            <param index="1">
              <value>
                <![CDATA[{TestCaseID=_A001, TestCaseName=_SanityFrictionless_TDSMethodURL_CallFor_Sample Valid Areq Request, SanityFlag=Y, Test Case type=P, RequirementID=, Expected-messageType=ThreeDSMethodURLRes, Expected-callerTxnRefID=G, Expected-messageVersion=2.1.0, Expected-threeDSServerTransID=G, Expected-threeDSMethodURL=G, #acctNumber#=340000000001007, #caMerchantID#=CA_EU, #callerTxnRefID#=341b7153-da86-4543-860f-2ba47f0168a5, #messageType#=ThreeDSMethodURLReq}]]>
              </value>
            </param>
          </params>
          <reporter-output>
          </reporter-output>
        </test-method> <!-- testArequestAPI -->
        <test-method status="PASS" signature="afterMethodProcessing(org.testng.ITestResult)[pri:0, instance:com.ca.tds.main.TDSMethodURL_TC@35d176f7]" name="afterMethodProcessing" is-config="true" duration-ms="22" started-at="2019-11-27T06:28:00Z" finished-at="2019-11-27T06:28:00Z">
          <params>
            <param index="0">
              <value>
                <![CDATA[[TestResult name=testArequestAPI status=SUCCESS method=TDSMethodURL_TC.testArequestAPI(org.testng.ITestContext, java.util.Map)[pri:0, instance:com.ca.tds.main.TDSMethodURL_TC@35d176f7] output={null}]]]>
              </value>
            </param>
          </params>
          <reporter-output>
          </reporter-output>
        </test-method> <!-- afterMethodProcessing -->
        <test-method status="PASS" signature="AfterClass()[pri:0, instance:com.ca.tds.main.TDSMethodURL_TC@35d176f7]" name="AfterClass" is-config="true" duration-ms="1" started-at="2019-11-27T06:28:00Z" finished-at="2019-11-27T06:28:00Z">
          <reporter-output>
          </reporter-output>
        </test-method> <!-- AfterClass -->
        <test-method status="PASS" signature="AfterTestClass()[pri:0, instance:com.ca.tds.main.TDSMethodURL_TC@35d176f7]" name="AfterTestClass" is-config="true" duration-ms="0" started-at="2019-11-27T06:28:00Z" finished-at="2019-11-27T06:28:00Z">
          <reporter-output>
          </reporter-output>
        </test-method> <!-- AfterTestClass -->
      </class> <!-- com.ca.tds.main.TDSMethodURL_TC -->
    </test> <!-- AMEX::Clear Card::Browser::ThreeDSMethodURL flow -->
    <test name="AMEX::Clear Card::Browser::AReq flow" duration-ms="2149" started-at="2019-11-27T06:28:00Z" finished-at="2019-11-27T06:28:03Z">
      <class name="com.ca.tds.main.TDSPreAreq_TC">
        <test-method status="PASS" signature="beforeTestClass()[pri:0, instance:com.ca.tds.main.TDSPreAreq_TC@49fc609f]" name="beforeTestClass" is-config="true" duration-ms="0" started-at="2019-11-27T06:28:00Z" finished-at="2019-11-27T06:28:00Z">
          <reporter-output>
          </reporter-output>
        </test-method> <!-- beforeTestClass -->
        <test-method status="PASS" signature="BeforeClass()[pri:0, instance:com.ca.tds.main.TDSPreAreq_TC@49fc609f]" name="BeforeClass" is-config="true" duration-ms="0" started-at="2019-11-27T06:28:00Z" finished-at="2019-11-27T06:28:00Z">
          <reporter-output>
          </reporter-output>
        </test-method> <!-- BeforeClass -->
        <test-method status="PASS" signature="testArequestAPI(org.testng.ITestContext, java.util.Map)[pri:0, instance:com.ca.tds.main.TDSPreAreq_TC@49fc609f]" name="testArequestAPI" duration-ms="2078" started-at="2019-11-27T06:28:00Z" data-provider="DataProvider3dsTestData" finished-at="2019-11-27T06:28:03Z">
          <params>
            <param index="0">
              <value>
                <![CDATA[org.testng.TestRunner@7bdca95]]>
              </value>
            </param>
            <param index="1">
              <value>
                <![CDATA[{TestCaseID=_A001, TestCaseName=_SanityFrictionless_Sample Valid Areq Request, SanityFlag=Y, Test Case type=P, RequirementID=, FieldName=, Expected-cardholderInfo=NA, Expected-creq=NA, Expected-transStatusReason=NA, Expected-authenticationValue=G, Expected-authenticationType=NA, Expected-acsURL=NA, Expected-acsOperatorID=ACS_OPERATOR_ID, Expected-acsChallengeMandated=NA, Expected-callerTxnRefID=G, Expected-threeDSServerTransID=G, Expected-dsTransID=G, Expected-acsTransID=G, Expected-eci=G, Expected-messageType=ARes, Expected-dsName=amex, Expected-messageVersion=2.1.0, Expected-dsReferenceNumber=CADS, Expected-acsReferenceNumber=ABCDEF987654321, Expected-transStatus=Y, Expected-errorCode=NA, Expected-errorComponent=NA, Expected-errorDescription=NA, Expected-errorDetail=NA, #browserJavascriptEnabled#=true, #challengeWindowSize#=04, #callerTxnRefID#=341b7153-da86-4543-860f-2ba47f0168a5, #caMerchantID#=CA_EU, #acctID#=ACCTID98X3fw3, #chAccAgeInd#=02, #chAccChange#=20180928, #chAccChangeInd#=02, #chAccDate#=20180928, #chAccPwChange#=20180901, #chAccPwChangeInd#=01, #nbPurchaseAccount#=8, #paymentAccAge#=20180808, #paymentAccInd#=01, #provisionAttemptsDay#=1, #shipAddressUsage#=20180910, #shipAddressUsageInd#=03, #shipNameIndicator#=01, #suspiciousAccActivity#=01, #txnActivityDay#=5, #txnActivityYear#=8, #acctNumber#=340000000001007, #acctType#=01, #addrMatch#=Y, #billAddrCity#=San Jose, #billAddrCountry#=840, #billAddrLine1#=500 West Maude Ave, #billAddrLine2#=ABC, #billAddrLine3#=HMS, #billAddrPostCode#=95101, #billAddrState#=CA, #browserAcceptHeader#=text/html,application/xhtml+xml,application/xml;q=0.9,image/webp,image/apng,*/*;q=0.8, #browserColorDepth#=24, #browserIP#=155.35.122.4, #browserJavaEnabled#=true, #browserLanguage#=en-US, #browserScreenHeight#=720, #browserScreenWidth#=1280, #browserTZ#=-330, #browserUserAgent#=Mozilla/5.0 (Windows NT 10.0; Win64; x64) AppleWebKit/537.36 (KHTML, like Gecko) Chrome/68.0.3440.84 Safari/537.36, #cardExpiryDate#=2008, #cardholderName#=Stephen, #deviceChannel#=02, #email#=harsh08@ca.com, #hcc#=840, #hsubscriber#=1234567899, #messageCategory#=01, #messageType#=AReq, #messageVersion#=2.1.0, #mcc#=840, #msubscriber#=1234567899, #notificationURL#=http://localhost:9090/golfstore2/CreqNotification.jsp, #purchaseAmount#=100, #purchaseCurrency#=840, #purchaseDate#=20180928160450, #purchaseExponent#=2, #recurringExpiry#=#REMOVE#, #recurringFrequency#=#REMOVE#, #shipAddrCity#=San Jose, #shipAddrCountry#=840, #shipAddrLine1#=500 West Maude Ave, #shipAddrLine2#=ABC, #shipAddrLine3#=HMS, #shipAddrPostCode#=95101, #shipAddrState#=CA, #threeDSCompInd#=Y, #threeDSServerTransID#=, #wcc#=840, #wsubscriber#=1234567899, #threeDSRequestorAuthenticationInd#=01, #threeDSReqAuthData#=3DS PA Request, #threeDSReqAuthMethod#=02, #threeDSReqAuthTimestamp#=201809281603, #threeDSRequestorChallengeInd#=01, #threeDSRequestorID#=611, #threeDSRequestorName#=ew0KCSJEViI6ICIxLjAiLA0KCSJERCI6Iaa45, #threeDSReqPriorAuthData#=three DS Request Prior Authentication Data, #threeDSReqPriorAuthMethod#=01, #threeDSReqPriorAuthTimestamp#=201810010323, #threeDSReqPriorRef#=4c6453da-4c56-4980-98cd-d04a064899c4, #threeDSRequestorURL#=http://10.131.94.242:1080/content-server/api/tds2/txn/browser/v1/tds-method, #threeDSServerRefNumber#=AAAAAA123456789, #threeDSServerOperatorID#=serverOperatorID, #threeDSServerURL#=http://10.138.158.51:9608, #acquirerBIN#=12345678912, #acquirerMerchantID#=AcquirerMerchantID222, #payTokenInd#=true, #purchaseInstalData#=#REMOVE#, #mcc1#=0742, #merchantCountryCode#=840, #merchantName#=global, #deliveryEmailAddress#=harsh08@ca.com, #deliveryTimeframe#=01, #giftCardAmount#=500, #giftCardCount#=02, #giftCardCurr#=840, #preOrderDate#=20200803, #preOrderPurchaseInd#=01, #reorderItemsInd#=01, #shipIndicator#=01, #criticalityIndicator#=false, #id#=ID2018SEP282001, #name#=ShashishekharHM, #transType#=01, #threeDSRequestorAuthenticationInfo#=, #threeDSRequestorPriorAuthenticationInfo#=, #broadInfo#=, #broadInfoValue#=broadInfoValue, #acctInfo#=, #homePhone#=, #mobilePhone#=, #workPhone#=, #merchantRiskIndicator#=, #messageExtension#=, #Dvalue#=HMS, #Dvalue1#=HMS, #Dvalue2#=HMS}]]>
              </value>
            </param>
          </params>
          <reporter-output>
          </reporter-output>
        </test-method> <!-- testArequestAPI -->
        <test-method status="PASS" signature="afterMethodProcessing(org.testng.ITestResult)[pri:0, instance:com.ca.tds.main.TDSPreAreq_TC@49fc609f]" name="afterMethodProcessing" is-config="true" duration-ms="23" started-at="2019-11-27T06:28:03Z" finished-at="2019-11-27T06:28:03Z">
[...]
      <class name="com.ca.tds.main.TDSMethodURL_TC">
        <test-method status="PASS" signature="beforeTestClass()[pri:0, instance:com.ca.tds.main.TDSMethodURL_TC@34cd072c]" name="beforeTestClass" is-config="true" duration-ms="0" started-at="2019-11-27T06:28:21Z" finished-at="2019-11-27T06:28:21Z">
          <reporter-output>
          </reporter-output>
        </test-method> <!-- beforeTestClass -->
        <test-method status="PASS" signature="BeforeClass()[pri:0, instance:com.ca.tds.main.TDSMethodURL_TC@34cd072c]" name="BeforeClass" is-config="true" duration-ms="0" started-at="2019-11-27T06:28:21Z" finished-at="2019-11-27T06:28:21Z">
          <reporter-output>
          </reporter-output>
        </test-method> <!-- BeforeClass -->
        <test-method status="PASS" signature="testArequestAPI(org.testng.ITestContext, java.util.Map)[pri:0, instance:com.ca.tds.main.TDSMethodURL_TC@34cd072c]" name="testArequestAPI" duration-ms="741" started-at="2019-11-27T06:28:21Z" data-provider="DataProviderTDSMethodURL" finished-at="2019-11-27T06:28:22Z">
          <params>
            <param index="0">
              <value>
                <![CDATA[org.testng.TestRunner@597253be]]>
              </value>
            </param>
            <param index="1">
              <value>
                <![CDATA[{TestCaseID=_S001, TestCaseName=_SanityChallenge_VISA_For_Verify_TC001, SanityFlag=Y, Test Case type=P, RequirementID=, Expected-messageType=ThreeDSMethodURLRes, Expected-callerTxnRefID=G, Expected-messageVersion=2.1.0, Expected-threeDSServerTransID=G, Expected-threeDSMethodURL=G, #acctNumber#=4000500060000008, #caMerchantID#=CA_EU, #callerTxnRefID#=341b7153-da86-4543-860f-2ba47f0168a5, #messageType#=ThreeDSMethodURLReq}]]>
              </value>
            </param>
          </params>
          <reporter-output>
          </reporter-output>
        </test-method> <!-- testArequestAPI -->
        <test-method status="PASS" signature="afterMethodProcessing(org.testng.ITestResult)[pri:0, instance:com.ca.tds.main.TDSMethodURL_TC@34cd072c]" name="afterMethodProcessing" is-config="true" duration-ms="33" started-at="2019-11-27T06:28:22Z" finished-at="2019-11-27T06:28:22Z">
          <params>
            <param index="0">
              <value>
                <![CDATA[[TestResult name=testArequestAPI status=SUCCESS method=TDSMethodURL_TC.testArequestAPI(org.testng.ITestContext, java.util.Map)[pri:0, instance:com.ca.tds.main.TDSMethodURL_TC@34cd072c] output={null}]]]>
              </value>
            </param>
          </params>
          <reporter-output>
          </reporter-output>
        </test-method> <!-- afterMethodProcessing -->
        <test-method status="PASS" signature="AfterClass()[pri:0, instance:com.ca.tds.main.TDSMethodURL_TC@34cd072c]" name="AfterClass" is-config="true" duration-ms="0" started-at="2019-11-27T06:28:22Z" finished-at="2019-11-27T06:28:22Z">
          <reporter-output>
          </reporter-output>
        </test-method> <!-- AfterClass -->
        <test-method status="PASS" signature="AfterTestClass()[pri:0, instance:com.ca.tds.main.TDSMethodURL_TC@34cd072c]" name="AfterTestClass" is-config="true" duration-ms="0" started-at="2019-11-27T06:28:22Z" finished-at="2019-11-27T06:28:22Z">
          <reporter-output>
          </reporter-output>
        </test-method> <!-- AfterTestClass -->
      </class> <!-- com.ca.tds.main.TDSMethodURL_TC -->
    </test> <!-- VISA::Clear Card::Browser::ThreeDSMethodURL flow -->
    <test name="VISA::Clear Card::Browser::AReq flow" duration-ms="2145" started-at="2019-11-27T06:28:22Z" finished-at="2019-11-27T06:28:24Z">
      <class name="com.ca.tds.main.TDSPreAreq_TC">
        <test-method status="PASS" signature="beforeTestClass()[pri:0, instance:com.ca.tds.main.TDSPreAreq_TC@30a3107a]" name="beforeTestClass" is-config="true" duration-ms="0" started-at="2019-11-27T06:28:22Z" finished-at="2019-11-27T06:28:22Z">
          <reporter-output>
          </reporter-output>
        </test-method> <!-- beforeTestClass -->
        <test-method status="PASS" signature="BeforeClass()[pri:0, instance:com.ca.tds.main.TDSPreAreq_TC@30a3107a]" name="BeforeClass" is-config="true" duration-ms="0" started-at="2019-11-27T06:28:22Z" finished-at="2019-11-27T06:28:22Z">
          <reporter-output>
          </reporter-output>
        </test-method> <!-- BeforeClass -->
        <test-method status="PASS" signature="testArequestAPI(org.testng.ITestContext, java.util.Map)[pri:0, instance:com.ca.tds.main.TDSPreAreq_TC@30a3107a]" name="testArequestAPI" duration-ms="2073" started-at="2019-11-27T06:28:22Z" data-provider="DataProvider3dsTestData" finished-at="2019-11-27T06:28:24Z">
          <params>
            <param index="0">
              <value>
                <![CDATA[org.testng.TestRunner@69ecbef0]]>
              </value>
            </param>
            <param index="1">
              <value>
                <![CDATA[{TestCaseID=_S001, TestCaseName=_SanityChallenge_AReq_VISA_For_Verify_TC001, SanityFlag=Y, Test Case type=P, RequirementID=, FieldName=, Expected-cardholderInfo=NA, Expected-creq=G, Expected-transStatusReason=NA, Expected-authenticationValue=NA, Expected-authenticationType=G, Expected-acsURL=G, Expected-acsOperatorID=ACS_OPERATOR_ID, Expected-acsChallengeMandated=G, Expected-callerTxnRefID=G, Expected-threeDSServerTransID=G, Expected-dsTransID=G, Expected-acsTransID=G, Expected-eci=NA, Expected-messageType=ARes, Expected-dsName=visa, Expected-messageVersion=2.1.0, Expected-dsReferenceNumber=CADS, Expected-acsReferenceNumber=ABCDEF987654321, Expected-transStatus=C, Expected-errorCode=NA, Expected-errorComponent=NA, Expected-errorDescription=NA, Expected-errorDetail=NA, #browserJavascriptEnabled#=true, #challengeWindowSize#=04, #callerTxnRefID#=341b7153-da86-4543-860f-2ba47f0168a5, #caMerchantID#=CA_EU, #acctID#=ACCTID98X3fw3, #chAccAgeInd#=02, #chAccChange#=20180928, #chAccChangeInd#=02, #chAccDate#=20180928, #chAccPwChange#=20180901, #chAccPwChangeInd#=01, #nbPurchaseAccount#=8, #paymentAccAge#=20180808, #paymentAccInd#=01, #provisionAttemptsDay#=1, #shipAddressUsage#=20180910, #shipAddressUsageInd#=03, #shipNameIndicator#=01, #suspiciousAccActivity#=01, #txnActivityDay#=5, #txnActivityYear#=8, #acctNumber#=4000500060000008, #acctType#=01, #addrMatch#=Y, #billAddrCity#=San Jose, #billAddrCountry#=840, #billAddrLine1#=500 West Maude Ave, #billAddrLine2#=ABC, #billAddrLine3#=HMS, #billAddrPostCode#=95101, #billAddrState#=CA, #browserAcceptHeader#=text/html,application/xhtml+xml,application/xml;q=0.9,image/webp,image/apng,*/*;q=0.8, #browserColorDepth#=24, #browserIP#=155.35.122.4, #browserJavaEnabled#=true, #browserLanguage#=en-US, #browserScreenHeight#=720, #browserScreenWidth#=1280, #browserTZ#=-330, #browserUserAgent#=Mozilla/5.0 (Windows NT 10.0; Win64; x64) AppleWebKit/537.36 (KHTML, like Gecko) Chrome/68.0.3440.84 Safari/537.36, #cardExpiryDate#=2008, #cardholderName#=Stephen, #deviceChannel#=02, #email#=harsh08@ca.com, #hcc#=840, #hsubscriber#=1234567899, #messageCategory#=01, #messageType#=AReq, #messageVersion#=2.1.0, #mcc#=840, #msubscriber#=1234567899, #notificationURL#=http://localhost:9090/golfstore2/CreqNotification.jsp, #purchaseAmount#=300, #purchaseCurrency#=840, #purchaseDate#=20180928160450, #purchaseExponent#=2, #recurringExpiry#=#REMOVE#, #recurringFrequency#=#REMOVE#, #shipAddrCity#=San Jose, #shipAddrCountry#=840, #shipAddrLine1#=500 West Maude Ave, #shipAddrLine2#=ABC, #shipAddrLine3#=HMS, #shipAddrPostCode#=95101, #shipAddrState#=CA, #threeDSCompInd#=Y, #threeDSServerTransID#=, #wcc#=840, #wsubscriber#=1234567899, #threeDSRequestorAuthenticationInd#=01, #threeDSReqAuthData#=3DS PA Request, #threeDSReqAuthMethod#=02, #threeDSReqAuthTimestamp#=201809281603, #threeDSRequestorChallengeInd#=01, #threeDSRequestorID#=611, #threeDSRequestorName#=ew0KCSJEViI6ICIxLjAiLA0KCSJERCI6Iaa45, #threeDSReqPriorAuthData#=three DS Request Prior Authentication Data, #threeDSReqPriorAuthMethod#=01, #threeDSReqPriorAuthTimestamp#=201810010323, #threeDSReqPriorRef#=4c6453da-4c56-4980-98cd-d04a064899c4, #threeDSRequestorURL#=http://10.131.94.242:1080/content-server/api/tds2/txn/browser/v1/tds-method, #threeDSServerRefNumber#=AAAAAA123456789, #threeDSServerOperatorID#=serverOperatorID, #threeDSServerURL#=http://10.138.158.51:9608, #acquirerBIN#=12345678912, #acquirerMerchantID#=AcquirerMerchantID222, #payTokenInd#=true, #purchaseInstalData#=#REMOVE#, #mcc1#=0742, #merchantCountryCode#=840, #merchantName#=global, #deliveryEmailAddress#=harsh08@ca.com, #deliveryTimeframe#=01, #giftCardAmount#=500, #giftCardCount#=02, #giftCardCurr#=840, #preOrderDate#=20200803, #preOrderPurchaseInd#=01, #reorderItemsInd#=01, #shipIndicator#=01, #criticalityIndicator#=false, #id#=ID2018SEP282001, #name#=ShashishekharHM, #transType#=01, #threeDSRequestorAuthenticationInfo#=, #threeDSRequestorPriorAuthenticationInfo#=, #broadInfo#=, #broadInfoValue#=broadInfoValue, #acctInfo#=, #homePhone#=, #mobilePhone#=, #workPhone#=, #merchantRiskIndicator#=, #messageExtension#=, #Dvalue#=HMS, #Dvalue1#=HMS, #Dvalue2#=HMS}]]>
              </value>
            </param>
          </params>
          <reporter-output>
          </reporter-output>
        </test-method> <!-- testArequestAPI -->
        <test-method status="PASS" signature="afterMethodProcessing(org.testng.ITestResult)[pri:0, instance:com.ca.tds.main.TDSPreAreq_TC@30a3107a]" name="afterMethodProcessing" is-config="true" duration-ms="17" started-at="2019-11-27T06:28:24Z" finished-at="2019-11-27T06:28:24Z">
          <params>
            <param index="0">
              <value>
                <![CDATA[[TestResult name=testArequestAPI status=SUCCESS method=TDSPreAreq_TC.testArequestAPI(org.testng.ITestContext, java.util.Map)[pri:0, instance:com.ca.tds.main.TDSPreAreq_TC@30a3107a] output={null}]]]>
              </value>
            </param>
          </params>
          <reporter-output>
          </reporter-output>
        </test-method> <!-- afterMethodProcessing -->
        <test-method status="PASS" signature="AfterClass()[pri:0, instance:com.ca.tds.main.TDSPreAreq_TC@30a3107a]" name="AfterClass" is-config="true" duration-ms="0" started-at="2019-11-27T06:28:24Z" finished-at="2019-11-27T06:28:24Z">
          <reporter-output>
          </reporter-output>
        </test-method> <!-- AfterClass -->
        <test-method status="PASS" signature="AfterTestClass()[pri:0, instance:com.ca.tds.main.TDSPreAreq_TC@30a3107a]" name="AfterTestClass" is-config="true" duration-ms="0" started-at="2019-11-27T06:28:24Z" finished-at="2019-11-27T06:28:24Z">
          <reporter-output>
          </reporter-output>
        </test-method> <!-- AfterTestClass -->
      </class> <!-- com.ca.tds.main.TDSPreAreq_TC -->
    </test> <!-- VISA::Clear Card::Browser::AReq flow -->
    <test name="VISA::Clear Card::Browser::RReq flow" duration-ms="1572" started-at="2019-11-27T06:28:24Z" finished-at="2019-11-27T06:28:26Z">
      <class name="com.ca.tds.main.TDSRReq_TC">
        <test-method status="PASS" signature="beforeTestClass()[pri:0, instance:com.ca.tds.main.TDSRReq_TC@3043fe0e]" name="beforeTestClass" is-config="true" duration-ms="0" started-at="2019-11-27T06:28:24Z" finished-at="2019-11-27T06:28:24Z">
          <reporter-output>
          </reporter-output>
        </test-method> <!-- beforeTestClass -->
        <test-method status="PASS" signature="BeforeClass()[pri:0, instance:com.ca.tds.main.TDSRReq_TC@3043fe0e]" name="BeforeClass" is-config="true" duration-ms="0" started-at="2019-11-27T06:28:24Z" finished-at="2019-11-27T06:28:24Z">
          <reporter-output>
          </reporter-output>
        </test-method> <!-- BeforeClass -->
        <test-method status="PASS" signature="testRRequestAPI(org.testng.ITestContext, java.util.Map)[pri:0, instance:com.ca.tds.main.TDSRReq_TC@3043fe0e]" name="testRRequestAPI" duration-ms="1517" started-at="2019-11-27T06:28:24Z" data-provider="DataProvider3dsTestData" finished-at="2019-11-27T06:28:26Z">
          <params>
            <param index="0">
              <value>
                <![CDATA[org.testng.TestRunner@209b454]]>
              </value>
            </param>
            <param index="1">
              <value>
                <![CDATA[{TestCaseID=_S001, TestCaseName=_SanityChallenge_RReq_For_Verify_TC001, SanityFlag=Y, Test Case type=P, RequirementID=, FieldName=, Expected-threeDSServerTransID=G, Expected-dsTransID=G, Expected-acsTransID=G, Expected-messageExtension=G, Expected-messageType=RRes, Expected-messageVersion=2.1.0, Expected-resultsStatus=G, Expected-errorCode=NA, Expected-errorComponent=NA, Expected-errorDescription=NA, Expected-errorDetail=NA, #acsTransID#=, #authenticationType#=, #challengeCancel#=#REMOVE#, #dsTransID#=, #eci#=#REMOVE#, #interactionCounter#=01, #messageCategory#=01, #messageType#=RReq, #messageVersion#=, #threeDSServerTransID#=, #transStatus#=Y, #transStatusReason#=#REMOVE#, #criticalityIndicator#=false, #Dvalue#=HMS, #Dvalue1#=HMS, #Dvalue2#=HMS, #id#=ID2019JAN240101, #name#=ShashishekharHM, #authenticationValue#=AJkCCBFHJhl3gGhDA0cmAAAAAAA=}]]>
              </value>
            </param>
          </params>
          <reporter-output>
          </reporter-output>
        </test-method> <!-- testRRequestAPI -->
        <test-method status="PASS" signature="afterMethodProcessing(org.testng.ITestResult)[pri:0, instance:com.ca.tds.main.TDSRReq_TC@3043fe0e]" name="afterMethodProcessing" is-config="true" duration-ms="18" started-at="2019-11-27T06:28:26Z" finished-at="2019-11-27T06:28:26Z">
          <params>
            <param index="0">
              <value>
                <![CDATA[[TestResult name=testRRequestAPI status=SUCCESS method=TDSRReq_TC.testRRequestAPI(org.testng.ITestContext, java.util.Map)[pri:0, instance:com.ca.tds.main.TDSRReq_TC@3043fe0e] output={null}]]]>
              </value>
            </param>
          </params>
          <reporter-output>
          </reporter-output>
        </test-method> <!-- afterMethodProcessing -->
        <test-method status="PASS" signature="AfterTestClass()[pri:0, instance:com.ca.tds.main.TDSRReq_TC@3043fe0e]" name="AfterTestClass" is-config="true" duration-ms="0" started-at="2019-11-27T06:28:26Z" finished-at="2019-11-27T06:28:26Z">
          <reporter-output>
          </reporter-output>
        </test-method> <!-- AfterTestClass -->
        <test-method status="PASS" signature="AfterClass()[pri:0, instance:com.ca.tds.main.TDSRReq_TC@3043fe0e]" name="AfterClass" is-config="true" duration-ms="0" started-at="2019-11-27T06:28:26Z" finished-at="2019-11-27T06:28:26Z">
          <reporter-output>
          </reporter-output>
        </test-method> <!-- AfterClass -->
      </class> <!-- com.ca.tds.main.TDSRReq_TC -->
    </test> <!-- VISA::Clear Card::Browser::RReq flow -->
    <test name="VISA::Clear Card::Browser::VerifyAPI flow" duration-ms="981" started-at="2019-11-27T06:28:26Z" finished-at="2019-11-27T06:28:27Z">
      <class name="com.ca.tds.main.TDSVerifyAPI_TC">
        <test-method status="PASS" signature="beforeSuite(org.testng.ITestContext)[pri:0, instance:com.ca.tds.main.TDSVerifyAPI_TC@86be70a]" name="beforeSuite" is-config="true" duration-ms="39" started-at="2019-11-27T06:28:08Z" finished-at="2019-11-27T06:28:08Z">
          <params>
            <param index="0">
              <value>
                <![CDATA[org.testng.TestRunner@7326f1e8]]>
              </value>
            </param>
          </params>
          <reporter-output>
          </reporter-output>
        </test-method> <!-- beforeSuite -->
        <test-method status="PASS" signature="beforeTestClass()[pri:0, instance:com.ca.tds.main.TDSVerifyAPI_TC@86be70a]" name="beforeTestClass" is-config="true" duration-ms="0" started-at="2019-11-27T06:28:26Z" finished-at="2019-11-27T06:28:26Z">
          <reporter-output>
          </reporter-output>
        </test-method> <!-- beforeTestClass -->
        <test-method status="PASS" signature="BeforeClass()[pri:0, instance:com.ca.tds.main.TDSVerifyAPI_TC@86be70a]" name="BeforeClass" is-config="true" duration-ms="0" started-at="2019-11-27T06:28:26Z" finished-at="2019-11-27T06:28:26Z">
          <reporter-output>
          </reporter-output>
        </test-method> <!-- BeforeClass -->
        <test-method status="PASS" signature="testArequestAPI(org.testng.ITestContext, java.util.Map)[pri:0, instance:com.ca.tds.main.TDSVerifyAPI_TC@86be70a]" name="testArequestAPI" duration-ms="903" started-at="2019-11-27T06:28:26Z" data-provider="DataProvider3dsTestData" finished-at="2019-11-27T06:28:27Z">
          <params>
            <param index="0">
              <value>
                <![CDATA[org.testng.TestRunner@7326f1e8]]>
              </value>
            </param>
            <param index="1">
              <value>
                <![CDATA[{TestCaseID=_S001, TestCaseName=_SanityChallenge_Sample Valid Verify Request, SanityFlag=Y, Test Case type=P, RequirementID=, FieldName=, Expected-threeDSServerTransID=G, Expected-callerTxnRefID=G, Expected-eci=G, Expected-authenticationValue=G, Expected-transStatus=G, Expected-transStatusReason=G, Expected-challengeCancel=G, Expected-resultsStatus=G, Expected-authenticationType=G, Expected-interactionCounter=G, Expected-messageType=RSRs, Expected-XID=G, Expected-errorCode=NA, Expected-errorComponent=NA, Expected-errorDescription=NA, Expected-errorDetail=NA, #threeDSServerTransID#=, #callerTxnRefID#=341b7153-da86-4543-860f-2ba47f0168a5, #cres#=, #messageType#=RSRq, #caMerchantID#=CA_EU, #transStatus#=Y}]]>
              </value>
            </param>
          </params>
          <reporter-output>
          </reporter-output>
        </test-method> <!-- testArequestAPI -->
        <test-method status="PASS" signature="afterMethodProcessing(org.testng.ITestResult)[pri:0, instance:com.ca.tds.main.TDSVerifyAPI_TC@86be70a]" name="afterMethodProcessing" is-config="true" duration-ms="34" started-at="2019-11-27T06:28:27Z" finished-at="2019-11-27T06:28:27Z">
          <params>
            <param index="0">
              <value>
                <![CDATA[[TestResult name=testArequestAPI status=SUCCESS method=TDSVerifyAPI_TC.testArequestAPI(org.testng.ITestContext, java.util.Map)[pri:0, instance:com.ca.tds.main.TDSVerifyAPI_TC@86be70a] output={null}]]]>
              </value>
            </param>
          </params>
          <reporter-output>
          </reporter-output>
        </test-method> <!-- afterMethodProcessing -->
        <test-method status="PASS" signature="AfterClass()[pri:0, instance:com.ca.tds.main.TDSVerifyAPI_TC@86be70a]" name="AfterClass" is-config="true" duration-ms="0" started-at="2019-11-27T06:28:27Z" finished-at="2019-11-27T06:28:27Z">
          <reporter-output>
          </reporter-output>
        </test-method> <!-- AfterClass -->
        <test-method status="PASS" signature="AfterTestClass()[pri:0, instance:com.ca.tds.main.TDSVerifyAPI_TC@86be70a]" name="AfterTestClass" is-config="true" duration-ms="1" started-at="2019-11-27T06:28:27Z" finished-at="2019-11-27T06:28:27Z">
          <reporter-output>
          </reporter-output>
        </test-method> <!-- AfterTestClass -->
        <test-method status="PASS" signature="endSuite()[pri:0, instance:com.ca.tds.main.TDSVerifyAPI_TC@86be70a]" name="endSuite" is-config="true" duration-ms="18" started-at="2019-11-27T06:28:27Z" finished-at="2019-11-27T06:28:27Z">
          <reporter-output>
          </reporter-output>
        </test-method> <!-- endSuite -->
      </class> <!-- com.ca.tds.main.TDSVerifyAPI_TC -->
    </test> <!-- VISA::Clear Card::Browser::VerifyAPI flow -->
  </suite> <!-- SanityChallengeflowMethodurl -->
  <suite name="3DSSAllFlowsPreview" duration-ms="0" started-at="2019-11-27T06:28:27Z" finished-at="2019-11-27T06:28:27Z">
    <groups>
    </groups>
  </suite> <!-- 3DSSAllFlowsPreview -->
</testng-results>
