<?xml version="1.0" encoding="UTF-8"?>
<testng-results ignored="0" total="12" passed="12" failed="0" skipped="0">
  <reporter-output>
  </reporter-output>
  <suite started-at="2020-02-25T16:43:09 IST" name="Suite6" finished-at="2020-02-25T17:05:06 IST" duration-ms="1316586">
    <groups>
    </groups>
    <test started-at="2020-02-25T16:43:09 IST" name="Test" finished-at="2020-02-25T17:05:06 IST" duration-ms="1316586">
      <class name="com.ca.tds.main.StartandEndProtocolversion">
        <test-method signature="startEndProtocolversion(java.lang.String, java.lang.String)[pri:0, instance:com.ca.tds.main.StartandEndProtocolversion@fd07cbb]" started-at="2020-02-25T16:43:09 IST" name="startEndProtocolversion" data-provider="QueryProvider" finished-at="2020-02-25T16:45:00 IST" duration-ms="111285" status="PASS">
          <params>
            <param index="0">
              <value>
                <![CDATA[DSStartHighest]]>
              </value>
            </param>
            <param index="1">
              <value>
                <![CDATA[update mtdcardrangedata set dsstartprotocolversion='2.2.0' where cardtype=4;]]>
              </value>
            </param>
          </params>
          <reporter-output>
          </reporter-output>
        </test-method> <!-- startEndProtocolversion -->
        <test-method signature="startEndProtocolversion(java.lang.String, java.lang.String)[pri:0, instance:com.ca.tds.main.StartandEndProtocolversion@fd07cbb]" started-at="2020-02-25T16:45:00 IST" name="startEndProtocolversion" data-provider="QueryProvider" finished-at="2020-02-25T16:46:52 IST" duration-ms="111876" status="PASS">
          <params>
            <param index="0">
              <value>
                <![CDATA[DSStartLowest]]>
              </value>
            </param>
            <param index="1">
              <value>
                <![CDATA[update mtdcardrangedata set dsstartprotocolversion='2.0.0' where cardtype=4;]]>
              </value>
            </param>
          </params>
          <reporter-output>
          </reporter-output>
        </test-method> <!-- startEndProtocolversion -->
        <test-method signature="startEndProtocolversion(java.lang.String, java.lang.String)[pri:0, instance:com.ca.tds.main.StartandEndProtocolversion@fd07cbb]" started-at="2020-02-25T16:46:52 IST" name="startEndProtocolversion" data-provider="QueryProvider" finished-at="2020-02-25T16:48:42 IST" duration-ms="109843" status="PASS">
          <params>
            <param index="0">
              <value>
                <![CDATA[DSStartoriginal]]>
              </value>
            </param>
            <param index="1">
              <value>
                <![CDATA[update mtdcardrangedata set dsstartprotocolversion='2.1.0' where cardtype=4;]]>
              </value>
            </param>
          </params>
          <reporter-output>
          </reporter-output>
        </test-method> <!-- startEndProtocolversion -->
        <test-method signature="startEndProtocolversion(java.lang.String, java.lang.String)[pri:0, instance:com.ca.tds.main.StartandEndProtocolversion@fd07cbb]" started-at="2020-02-25T16:48:42 IST" name="startEndProtocolversion" data-provider="QueryProvider" finished-at="2020-02-25T16:50:32 IST" duration-ms="110102" status="PASS">
          <params>
            <param index="0">
              <value>
                <![CDATA[DSEndtHighest]]>
              </value>
            </param>
            <param index="1">
              <value>
                <![CDATA[update mtdcardrangedata set dsendprotocolversion='2.2.0' where cardtype=4;]]>
              </value>
            </param>
          </params>
          <reporter-output>
          </reporter-output>
        </test-method> <!-- startEndProtocolversion -->
        <test-method signature="startEndProtocolversion(java.lang.String, java.lang.String)[pri:0, instance:com.ca.tds.main.StartandEndProtocolversion@fd07cbb]" started-at="2020-02-25T16:50:32 IST" name="startEndProtocolversion" data-provider="QueryProvider" finished-at="2020-02-25T16:52:21 IST" duration-ms="108362" status="PASS">
          <params>
            <param index="0">
              <value>
                <![CDATA[DSEndLowest]]>
              </value>
            </param>
            <param index="1">
              <value>
                <![CDATA[update mtdcardrangedata set dsendprotocolversion='2.0.0' where cardtype=4;]]>
              </value>
            </param>
          </params>
          <reporter-output>
          </reporter-output>
        </test-method> <!-- startEndProtocolversion -->
        <test-method signature="startEndProtocolversion(java.lang.String, java.lang.String)[pri:0, instance:com.ca.tds.main.StartandEndProtocolversion@fd07cbb]" started-at="2020-02-25T16:52:21 IST" name="startEndProtocolversion" data-provider="QueryProvider" finished-at="2020-02-25T16:54:10 IST" duration-ms="109438" status="PASS">
          <params>
            <param index="0">
              <value>
                <![CDATA[DSENDOriginal]]>
              </value>
            </param>
            <param index="1">
              <value>
                <![CDATA[update mtdcardrangedata set dsendprotocolversion='2.1.0' where cardtype=4;]]>
              </value>
            </param>
          </params>
          <reporter-output>
          </reporter-output>
        </test-method> <!-- startEndProtocolversion -->
        <test-method signature="startEndProtocolversion(java.lang.String, java.lang.String)[pri:0, instance:com.ca.tds.main.StartandEndProtocolversion@fd07cbb]" started-at="2020-02-25T16:54:10 IST" name="startEndProtocolversion" data-provider="QueryProvider" finished-at="2020-02-25T16:55:59 IST" duration-ms="108770" status="PASS">
          <params>
            <param index="0">
              <value>
                <![CDATA[ACSStartHighest]]>
              </value>
            </param>
            <param index="1">
              <value>
                <![CDATA[update mtdcardrangedata set acsstartprotocolversion='2.2.0' where cardtype=4;]]>
              </value>
            </param>
          </params>
          <reporter-output>
          </reporter-output>
        </test-method> <!-- startEndProtocolversion -->
        <test-method signature="startEndProtocolversion(java.lang.String, java.lang.String)[pri:0, instance:com.ca.tds.main.StartandEndProtocolversion@fd07cbb]" started-at="2020-02-25T16:55:59 IST" name="startEndProtocolversion" data-provider="QueryProvider" finished-at="2020-02-25T16:57:48 IST" duration-ms="109374" status="PASS">
          <params>
            <param index="0">
              <value>
                <![CDATA[ACSStartLowest]]>
              </value>
            </param>
            <param index="1">
              <value>
                <![CDATA[update mtdcardrangedata set acsstartprotocolversion='2.0.0' where cardtype=4;]]>
              </value>
            </param>
          </params>
          <reporter-output>
          </reporter-output>
        </test-method> <!-- startEndProtocolversion -->
        <test-method signature="startEndProtocolversion(java.lang.String, java.lang.String)[pri:0, instance:com.ca.tds.main.StartandEndProtocolversion@fd07cbb]" started-at="2020-02-25T16:57:48 IST" name="startEndProtocolversion" data-provider="QueryProvider" finished-at="2020-02-25T16:59:38 IST" duration-ms="109573" status="PASS">
          <params>
            <param index="0">
              <value>
                <![CDATA[ACSStartOriginal]]>
              </value>
            </param>
            <param index="1">
              <value>
                <![CDATA[update mtdcardrangedata set acsstartprotocolversion='2.1.0' where cardtype=4;]]>
              </value>
            </param>
          </params>
          <reporter-output>
          </reporter-output>
        </test-method> <!-- startEndProtocolversion -->
        <test-method signature="startEndProtocolversion(java.lang.String, java.lang.String)[pri:0, instance:com.ca.tds.main.StartandEndProtocolversion@fd07cbb]" started-at="2020-02-25T16:59:38 IST" name="startEndProtocolversion" data-provider="QueryProvider" finished-at="2020-02-25T17:01:28 IST" duration-ms="109751" status="PASS">
          <params>
            <param index="0">
              <value>
                <![CDATA[ACSSEndtHighest]]>
              </value>
            </param>
            <param index="1">
              <value>
                <![CDATA[update mtdcardrangedata set acsendprotocolversion='2.2.0' where cardtype=4;]]>
              </value>
            </param>
          </params>
          <reporter-output>
          </reporter-output>
        </test-method> <!-- startEndProtocolversion -->
        <test-method signature="startEndProtocolversion(java.lang.String, java.lang.String)[pri:0, instance:com.ca.tds.main.StartandEndProtocolversion@fd07cbb]" started-at="2020-02-25T17:01:28 IST" name="startEndProtocolversion" data-provider="QueryProvider" finished-at="2020-02-25T17:03:16 IST" duration-ms="108592" status="PASS">
          <params>
            <param index="0">
              <value>
                <![CDATA[ACSSEndLowest]]>
              </value>
            </param>
            <param index="1">
              <value>
                <![CDATA[update mtdcardrangedata set acsendprotocolversion='2.0.0' where cardtype=4;]]>
              </value>
            </param>
          </params>
          <reporter-output>
          </reporter-output>
        </test-method> <!-- startEndProtocolversion -->
        <test-method signature="startEndProtocolversion(java.lang.String, java.lang.String)[pri:0, instance:com.ca.tds.main.StartandEndProtocolversion@fd07cbb]" started-at="2020-02-25T17:03:16 IST" name="startEndProtocolversion" data-provider="QueryProvider" finished-at="2020-02-25T17:05:06 IST" duration-ms="109543" status="PASS">
          <params>
            <param index="0">
              <value>
                <![CDATA[ACSENdOriginal]]>
              </value>
            </param>
            <param index="1">
              <value>
                <![CDATA[update mtdcardrangedata set acsendprotocolversion='2.1.0' where cardtype=4;]]>
              </value>
            </param>
          </params>
          <reporter-output>
          </reporter-output>
        </test-method> <!-- startEndProtocolversion -->
      </class> <!-- com.ca.tds.main.StartandEndProtocolversion -->
    </test> <!-- Test -->
  </suite> <!-- Suite6 -->
</testng-results>
