<?xml version="1.0" encoding="UTF-8"?>
<testng-results ignored="0" total="1" passed="1" failed="0" skipped="0">
  <reporter-output>
  </reporter-output>
  <suite started-at="2020-02-11T17:28:57 IST" name="Default suite" finished-at="2020-02-11T17:28:59 IST" duration-ms="1920">
    <groups>
    </groups>
    <test started-at="2020-02-11T17:28:57 IST" name="Default test" finished-at="2020-02-11T17:28:59 IST" duration-ms="1920">
      <class name="com.ca.tds.main.InvalidTransid">
        <test-method signature="invalidtxnID()[pri:0, instance:com.ca.tds.main.InvalidTransid@60015ef5]" started-at="2020-02-11T17:28:57 IST" name="invalidtxnID" finished-at="2020-02-11T17:28:59 IST" duration-ms="1890" status="PASS">
          <reporter-output>
          </reporter-output>
        </test-method> <!-- invalidtxnID -->
      </class> <!-- com.ca.tds.main.InvalidTransid -->
    </test> <!-- Default test -->
  </suite> <!-- Default suite -->
</testng-results>
