<?xml version="1.0" encoding="UTF-8"?>
<testng-results ignored="0" total="9" passed="9" failed="0" skipped="0">
  <reporter-output>
  </reporter-output>
  <suite started-at="2020-03-03T16:19:55 IST" name="Suite6" finished-at="2020-03-03T16:36:09 IST" duration-ms="973696">
    <groups>
    </groups>
    <test started-at="2020-03-03T16:19:55 IST" name="Test" finished-at="2020-03-03T16:36:09 IST" duration-ms="973696">
      <class name="com.ca.tds.main.MTDdirectoryserverstateTests">
        <test-method signature="directoryserverstatetest(java.lang.String, java.lang.String)[pri:0, instance:com.ca.tds.main.MTDdirectoryserverstateTests@fd07cbb]" started-at="2020-03-03T16:19:55 IST" name="directoryserverstatetest" data-provider="QueryProvider" finished-at="2020-03-03T16:21:44 IST" duration-ms="108545" status="PASS">
          <params>
            <param index="0">
              <value>
                <![CDATA[Query1]]>
              </value>
            </param>
            <param index="1">
              <value>
                <![CDATA[update mtddirectoryserverstate set status='A', serialnumber='AB' where cardtype=4;]]>
              </value>
            </param>
          </params>
          <reporter-output>
          </reporter-output>
        </test-method> <!-- directoryserverstatetest -->
        <test-method signature="directoryserverstatetest(java.lang.String, java.lang.String)[pri:0, instance:com.ca.tds.main.MTDdirectoryserverstateTests@fd07cbb]" started-at="2020-03-03T16:21:44 IST" name="directoryserverstatetest" data-provider="QueryProvider" finished-at="2020-03-03T16:23:32 IST" duration-ms="107890" status="PASS">
          <params>
            <param index="0">
              <value>
                <![CDATA[Query8]]>
              </value>
            </param>
            <param index="1">
              <value>
                <![CDATA[update mtddirectoryserverstate set status='0', serialnumber='AB' where cardtype=4;]]>
              </value>
            </param>
          </params>
          <reporter-output>
          </reporter-output>
        </test-method> <!-- directoryserverstatetest -->
        <test-method signature="directoryserverstatetest(java.lang.String, java.lang.String)[pri:0, instance:com.ca.tds.main.MTDdirectoryserverstateTests@fd07cbb]" started-at="2020-03-03T16:23:32 IST" name="directoryserverstatetest" data-provider="QueryProvider" finished-at="2020-03-03T16:25:20 IST" duration-ms="108176" status="PASS">
          <params>
            <param index="0">
              <value>
                <![CDATA[Query2]]>
              </value>
            </param>
            <param index="1">
              <value>
                <![CDATA[update mtddirectoryserverstate set status=NULL, serialnumber='1' where cardtype=4;]]>
              </value>
            </param>
          </params>
          <reporter-output>
          </reporter-output>
        </test-method> <!-- directoryserverstatetest -->
        <test-method signature="directoryserverstatetest(java.lang.String, java.lang.String)[pri:0, instance:com.ca.tds.main.MTDdirectoryserverstateTests@fd07cbb]" started-at="2020-03-03T16:25:20 IST" name="directoryserverstatetest" data-provider="QueryProvider" finished-at="2020-03-03T16:27:09 IST" duration-ms="108626" status="PASS">
          <params>
            <param index="0">
              <value>
                <![CDATA[Query9]]>
              </value>
            </param>
            <param index="1">
              <value>
                <![CDATA[update mtddirectoryserverstate set status='1', serialnumber='1' where cardtype=4;]]>
              </value>
            </param>
          </params>
          <reporter-output>
          </reporter-output>
        </test-method> <!-- directoryserverstatetest -->
        <test-method signature="directoryserverstatetest(java.lang.String, java.lang.String)[pri:0, instance:com.ca.tds.main.MTDdirectoryserverstateTests@fd07cbb]" started-at="2020-03-03T16:27:09 IST" name="directoryserverstatetest" data-provider="QueryProvider" finished-at="2020-03-03T16:28:57 IST" duration-ms="108177" status="PASS">
          <params>
            <param index="0">
              <value>
                <![CDATA[Query3]]>
              </value>
            </param>
            <param index="1">
              <value>
                <![CDATA[update mtddirectoryserverstate set status='B' where cardtype=4;]]>
              </value>
            </param>
          </params>
          <reporter-output>
          </reporter-output>
        </test-method> <!-- directoryserverstatetest -->
        <test-method signature="directoryserverstatetest(java.lang.String, java.lang.String)[pri:0, instance:com.ca.tds.main.MTDdirectoryserverstateTests@fd07cbb]" started-at="2020-03-03T16:28:57 IST" name="directoryserverstatetest" data-provider="QueryProvider" finished-at="2020-03-03T16:30:45 IST" duration-ms="107728" status="PASS">
          <params>
            <param index="0">
              <value>
                <![CDATA[Query4]]>
              </value>
            </param>
            <param index="1">
              <value>
                <![CDATA[update mtddirectoryserverstate set cardtype=9 where cardtype=4;]]>
              </value>
            </param>
          </params>
          <reporter-output>
          </reporter-output>
        </test-method> <!-- directoryserverstatetest -->
        <test-method signature="directoryserverstatetest(java.lang.String, java.lang.String)[pri:0, instance:com.ca.tds.main.MTDdirectoryserverstateTests@fd07cbb]" started-at="2020-03-03T16:30:45 IST" name="directoryserverstatetest" data-provider="QueryProvider" finished-at="2020-03-03T16:32:34 IST" duration-ms="109001" status="PASS">
          <params>
            <param index="0">
              <value>
                <![CDATA[Query5]]>
              </value>
            </param>
            <param index="1">
              <value>
                <![CDATA[update mtddirectoryserverstate set cardtype=4 where cardtype=9;]]>
              </value>
            </param>
          </params>
          <reporter-output>
          </reporter-output>
        </test-method> <!-- directoryserverstatetest -->
        <test-method signature="directoryserverstatetest(java.lang.String, java.lang.String)[pri:0, instance:com.ca.tds.main.MTDdirectoryserverstateTests@fd07cbb]" started-at="2020-03-03T16:32:34 IST" name="directoryserverstatetest" data-provider="QueryProvider" finished-at="2020-03-03T16:34:21 IST" duration-ms="107228" status="PASS">
          <params>
            <param index="0">
              <value>
                <![CDATA[Query6]]>
              </value>
            </param>
            <param index="1">
              <value>
                <![CDATA[Delete from mtddirectoryserverstate where cardtype=4;]]>
              </value>
            </param>
          </params>
          <reporter-output>
          </reporter-output>
        </test-method> <!-- directoryserverstatetest -->
        <test-method signature="directoryserverstatetest(java.lang.String, java.lang.String)[pri:0, instance:com.ca.tds.main.MTDdirectoryserverstateTests@fd07cbb]" started-at="2020-03-03T16:34:21 IST" name="directoryserverstatetest" data-provider="QueryProvider" finished-at="2020-03-03T16:36:09 IST" duration-ms="108276" status="PASS">
          <params>
            <param index="0">
              <value>
                <![CDATA[Query7]]>
              </value>
            </param>
            <param index="1">
              <value>
                <![CDATA[INSERT INTO mtddirectoryserverstate (cardtype,dsid,serialnumber,rid,status,lastmodified) VALUES (4,'4','1','4','1','2019-12-23 13:13:27.31752');]]>
              </value>
            </param>
          </params>
          <reporter-output>
          </reporter-output>
        </test-method> <!-- directoryserverstatetest -->
      </class> <!-- com.ca.tds.main.MTDdirectoryserverstateTests -->
    </test> <!-- Test -->
  </suite> <!-- Suite6 -->
</testng-results>
